{"total": {"lines":{"total":2289,"covered":1265,"skipped":0,"pct":55.26},"statements":{"total":2566,"covered":1415,"skipped":0,"pct":55.14},"functions":{"total":417,"covered":215,"skipped":0,"pct":51.55},"branches":{"total":1093,"covered":519,"skipped":0,"pct":47.48},"branchesTrue":{"total":0,"covered":0,"skipped":0,"pct":100}}
,"/Users/fernandojesus/Sites/lastro/design-system/src/components/icons/AlarmClockIcon.tsx": {"lines":{"total":2,"covered":2,"skipped":0,"pct":100},"functions":{"total":0,"covered":0,"skipped":0,"pct":100},"statements":{"total":2,"covered":2,"skipped":0,"pct":100},"branches":{"total":0,"covered":0,"skipped":0,"pct":100}}
,"/Users/fernandojesus/Sites/lastro/design-system/src/components/icons/AlertBalloonIcon.tsx": {"lines":{"total":2,"covered":2,"skipped":0,"pct":100},"functions":{"total":0,"covered":0,"skipped":0,"pct":100},"statements":{"total":2,"covered":2,"skipped":0,"pct":100},"branches":{"total":0,"covered":0,"skipped":0,"pct":100}}
,"/Users/fernandojesus/Sites/lastro/design-system/src/components/icons/ArchiveIcon.tsx": {"lines":{"total":2,"covered":2,"skipped":0,"pct":100},"functions":{"total":0,"covered":0,"skipped":0,"pct":100},"statements":{"total":2,"covered":2,"skipped":0,"pct":100},"branches":{"total":0,"covered":0,"skipped":0,"pct":100}}
,"/Users/fernandojesus/Sites/lastro/design-system/src/components/icons/AreaIcon.tsx": {"lines":{"total":2,"covered":2,"skipped":0,"pct":100},"functions":{"total":0,"covered":0,"skipped":0,"pct":100},"statements":{"total":2,"covered":2,"skipped":0,"pct":100},"branches":{"total":0,"covered":0,"skipped":0,"pct":100}}
,"/Users/fernandojesus/Sites/lastro/design-system/src/components/icons/BedDoubleIcon.tsx": {"lines":{"total":2,"covered":2,"skipped":0,"pct":100},"functions":{"total":0,"covered":0,"skipped":0,"pct":100},"statements":{"total":2,"covered":2,"skipped":0,"pct":100},"branches":{"total":0,"covered":0,"skipped":0,"pct":100}}
,"/Users/fernandojesus/Sites/lastro/design-system/src/components/icons/BriefcaseBusinessIcon.tsx": {"lines":{"total":2,"covered":2,"skipped":0,"pct":100},"functions":{"total":0,"covered":0,"skipped":0,"pct":100},"statements":{"total":2,"covered":2,"skipped":0,"pct":100},"branches":{"total":0,"covered":0,"skipped":0,"pct":100}}
,"/Users/fernandojesus/Sites/lastro/design-system/src/components/icons/CalendarIcon.tsx": {"lines":{"total":2,"covered":2,"skipped":0,"pct":100},"functions":{"total":0,"covered":0,"skipped":0,"pct":100},"statements":{"total":2,"covered":2,"skipped":0,"pct":100},"branches":{"total":0,"covered":0,"skipped":0,"pct":100}}
,"/Users/fernandojesus/Sites/lastro/design-system/src/components/icons/CarIcon.tsx": {"lines":{"total":5,"covered":5,"skipped":0,"pct":100},"functions":{"total":1,"covered":1,"skipped":0,"pct":100},"statements":{"total":6,"covered":6,"skipped":0,"pct":100},"branches":{"total":0,"covered":0,"skipped":0,"pct":100}}
,"/Users/fernandojesus/Sites/lastro/design-system/src/components/icons/ChatBubbleIcon.tsx": {"lines":{"total":2,"covered":2,"skipped":0,"pct":100},"functions":{"total":0,"covered":0,"skipped":0,"pct":100},"statements":{"total":2,"covered":2,"skipped":0,"pct":100},"branches":{"total":0,"covered":0,"skipped":0,"pct":100}}
,"/Users/fernandojesus/Sites/lastro/design-system/src/components/icons/CheckBoxIcon.tsx": {"lines":{"total":2,"covered":2,"skipped":0,"pct":100},"functions":{"total":0,"covered":0,"skipped":0,"pct":100},"statements":{"total":2,"covered":2,"skipped":0,"pct":100},"branches":{"total":0,"covered":0,"skipped":0,"pct":100}}
,"/Users/fernandojesus/Sites/lastro/design-system/src/components/icons/CheckIcon.tsx": {"lines":{"total":2,"covered":2,"skipped":0,"pct":100},"functions":{"total":0,"covered":0,"skipped":0,"pct":100},"statements":{"total":2,"covered":2,"skipped":0,"pct":100},"branches":{"total":0,"covered":0,"skipped":0,"pct":100}}
,"/Users/fernandojesus/Sites/lastro/design-system/src/components/icons/CheckIconCircle.tsx": {"lines":{"total":2,"covered":2,"skipped":0,"pct":100},"functions":{"total":0,"covered":0,"skipped":0,"pct":100},"statements":{"total":2,"covered":2,"skipped":0,"pct":100},"branches":{"total":0,"covered":0,"skipped":0,"pct":100}}
,"/Users/fernandojesus/Sites/lastro/design-system/src/components/icons/ChevronDownIcon.tsx": {"lines":{"total":2,"covered":2,"skipped":0,"pct":100},"functions":{"total":0,"covered":0,"skipped":0,"pct":100},"statements":{"total":2,"covered":2,"skipped":0,"pct":100},"branches":{"total":0,"covered":0,"skipped":0,"pct":100}}
,"/Users/fernandojesus/Sites/lastro/design-system/src/components/icons/ChevronLeftIcon.tsx": {"lines":{"total":2,"covered":2,"skipped":0,"pct":100},"functions":{"total":0,"covered":0,"skipped":0,"pct":100},"statements":{"total":2,"covered":2,"skipped":0,"pct":100},"branches":{"total":0,"covered":0,"skipped":0,"pct":100}}
,"/Users/fernandojesus/Sites/lastro/design-system/src/components/icons/ChevronRightIcon.tsx": {"lines":{"total":2,"covered":2,"skipped":0,"pct":100},"functions":{"total":0,"covered":0,"skipped":0,"pct":100},"statements":{"total":2,"covered":2,"skipped":0,"pct":100},"branches":{"total":0,"covered":0,"skipped":0,"pct":100}}
,"/Users/fernandojesus/Sites/lastro/design-system/src/components/icons/ChevronUpIcon.tsx": {"lines":{"total":2,"covered":2,"skipped":0,"pct":100},"functions":{"total":0,"covered":0,"skipped":0,"pct":100},"statements":{"total":2,"covered":2,"skipped":0,"pct":100},"branches":{"total":0,"covered":0,"skipped":0,"pct":100}}
,"/Users/fernandojesus/Sites/lastro/design-system/src/components/icons/CircleHomeIcon.tsx": {"lines":{"total":2,"covered":2,"skipped":0,"pct":100},"functions":{"total":0,"covered":0,"skipped":0,"pct":100},"statements":{"total":2,"covered":2,"skipped":0,"pct":100},"branches":{"total":0,"covered":0,"skipped":0,"pct":100}}
,"/Users/fernandojesus/Sites/lastro/design-system/src/components/icons/CircleIcon.tsx": {"lines":{"total":2,"covered":2,"skipped":0,"pct":100},"functions":{"total":0,"covered":0,"skipped":0,"pct":100},"statements":{"total":2,"covered":2,"skipped":0,"pct":100},"branches":{"total":0,"covered":0,"skipped":0,"pct":100}}
,"/Users/fernandojesus/Sites/lastro/design-system/src/components/icons/CircleLinkIcon.tsx": {"lines":{"total":2,"covered":2,"skipped":0,"pct":100},"functions":{"total":0,"covered":0,"skipped":0,"pct":100},"statements":{"total":2,"covered":2,"skipped":0,"pct":100},"branches":{"total":0,"covered":0,"skipped":0,"pct":100}}
,"/Users/fernandojesus/Sites/lastro/design-system/src/components/icons/CircleSlashIcon.tsx": {"lines":{"total":2,"covered":2,"skipped":0,"pct":100},"functions":{"total":0,"covered":0,"skipped":0,"pct":100},"statements":{"total":2,"covered":2,"skipped":0,"pct":100},"branches":{"total":0,"covered":0,"skipped":0,"pct":100}}
,"/Users/fernandojesus/Sites/lastro/design-system/src/components/icons/ClipboardIcon.tsx": {"lines":{"total":2,"covered":2,"skipped":0,"pct":100},"functions":{"total":0,"covered":0,"skipped":0,"pct":100},"statements":{"total":2,"covered":2,"skipped":0,"pct":100},"branches":{"total":0,"covered":0,"skipped":0,"pct":100}}
,"/Users/fernandojesus/Sites/lastro/design-system/src/components/icons/ClockIcon.tsx": {"lines":{"total":2,"covered":2,"skipped":0,"pct":100},"functions":{"total":0,"covered":0,"skipped":0,"pct":100},"statements":{"total":2,"covered":2,"skipped":0,"pct":100},"branches":{"total":0,"covered":0,"skipped":0,"pct":100}}
,"/Users/fernandojesus/Sites/lastro/design-system/src/components/icons/CloseIcon.tsx": {"lines":{"total":2,"covered":2,"skipped":0,"pct":100},"functions":{"total":0,"covered":0,"skipped":0,"pct":100},"statements":{"total":2,"covered":2,"skipped":0,"pct":100},"branches":{"total":0,"covered":0,"skipped":0,"pct":100}}
,"/Users/fernandojesus/Sites/lastro/design-system/src/components/icons/CopyCheckIcon.tsx": {"lines":{"total":2,"covered":2,"skipped":0,"pct":100},"functions":{"total":0,"covered":0,"skipped":0,"pct":100},"statements":{"total":2,"covered":2,"skipped":0,"pct":100},"branches":{"total":0,"covered":0,"skipped":0,"pct":100}}
,"/Users/fernandojesus/Sites/lastro/design-system/src/components/icons/CopyIcon.tsx": {"lines":{"total":2,"covered":2,"skipped":0,"pct":100},"functions":{"total":0,"covered":0,"skipped":0,"pct":100},"statements":{"total":2,"covered":2,"skipped":0,"pct":100},"branches":{"total":0,"covered":0,"skipped":0,"pct":100}}
,"/Users/fernandojesus/Sites/lastro/design-system/src/components/icons/CredentialsIcon.tsx": {"lines":{"total":2,"covered":2,"skipped":0,"pct":100},"functions":{"total":0,"covered":0,"skipped":0,"pct":100},"statements":{"total":2,"covered":2,"skipped":0,"pct":100},"branches":{"total":0,"covered":0,"skipped":0,"pct":100}}
,"/Users/fernandojesus/Sites/lastro/design-system/src/components/icons/CreditCardIcon.tsx": {"lines":{"total":2,"covered":2,"skipped":0,"pct":100},"functions":{"total":0,"covered":0,"skipped":0,"pct":100},"statements":{"total":2,"covered":2,"skipped":0,"pct":100},"branches":{"total":0,"covered":0,"skipped":0,"pct":100}}
,"/Users/fernandojesus/Sites/lastro/design-system/src/components/icons/DocumentIcon.tsx": {"lines":{"total":5,"covered":5,"skipped":0,"pct":100},"functions":{"total":1,"covered":1,"skipped":0,"pct":100},"statements":{"total":6,"covered":6,"skipped":0,"pct":100},"branches":{"total":0,"covered":0,"skipped":0,"pct":100}}
,"/Users/fernandojesus/Sites/lastro/design-system/src/components/icons/DoorClosedIcon.tsx": {"lines":{"total":2,"covered":2,"skipped":0,"pct":100},"functions":{"total":0,"covered":0,"skipped":0,"pct":100},"statements":{"total":2,"covered":2,"skipped":0,"pct":100},"branches":{"total":0,"covered":0,"skipped":0,"pct":100}}
,"/Users/fernandojesus/Sites/lastro/design-system/src/components/icons/DoorOpenIcon.tsx": {"lines":{"total":2,"covered":2,"skipped":0,"pct":100},"functions":{"total":0,"covered":0,"skipped":0,"pct":100},"statements":{"total":2,"covered":2,"skipped":0,"pct":100},"branches":{"total":0,"covered":0,"skipped":0,"pct":100}}
,"/Users/fernandojesus/Sites/lastro/design-system/src/components/icons/EmojiIcon.tsx": {"lines":{"total":2,"covered":2,"skipped":0,"pct":100},"functions":{"total":0,"covered":0,"skipped":0,"pct":100},"statements":{"total":2,"covered":2,"skipped":0,"pct":100},"branches":{"total":0,"covered":0,"skipped":0,"pct":100}}
,"/Users/fernandojesus/Sites/lastro/design-system/src/components/icons/ExternalLinkIcon.tsx": {"lines":{"total":2,"covered":2,"skipped":0,"pct":100},"functions":{"total":0,"covered":0,"skipped":0,"pct":100},"statements":{"total":2,"covered":2,"skipped":0,"pct":100},"branches":{"total":0,"covered":0,"skipped":0,"pct":100}}
,"/Users/fernandojesus/Sites/lastro/design-system/src/components/icons/ExternalLinkOutlineIcon.tsx": {"lines":{"total":2,"covered":2,"skipped":0,"pct":100},"functions":{"total":0,"covered":0,"skipped":0,"pct":100},"statements":{"total":2,"covered":2,"skipped":0,"pct":100},"branches":{"total":0,"covered":0,"skipped":0,"pct":100}}
,"/Users/fernandojesus/Sites/lastro/design-system/src/components/icons/FileIcon.tsx": {"lines":{"total":2,"covered":2,"skipped":0,"pct":100},"functions":{"total":0,"covered":0,"skipped":0,"pct":100},"statements":{"total":2,"covered":2,"skipped":0,"pct":100},"branches":{"total":0,"covered":0,"skipped":0,"pct":100}}
,"/Users/fernandojesus/Sites/lastro/design-system/src/components/icons/GearIcon.tsx": {"lines":{"total":2,"covered":2,"skipped":0,"pct":100},"functions":{"total":0,"covered":0,"skipped":0,"pct":100},"statements":{"total":2,"covered":2,"skipped":0,"pct":100},"branches":{"total":0,"covered":0,"skipped":0,"pct":100}}
,"/Users/fernandojesus/Sites/lastro/design-system/src/components/icons/GridIcon.tsx": {"lines":{"total":2,"covered":2,"skipped":0,"pct":100},"functions":{"total":0,"covered":0,"skipped":0,"pct":100},"statements":{"total":2,"covered":2,"skipped":0,"pct":100},"branches":{"total":0,"covered":0,"skipped":0,"pct":100}}
,"/Users/fernandojesus/Sites/lastro/design-system/src/components/icons/HashIcon.tsx": {"lines":{"total":2,"covered":2,"skipped":0,"pct":100},"functions":{"total":0,"covered":0,"skipped":0,"pct":100},"statements":{"total":2,"covered":2,"skipped":0,"pct":100},"branches":{"total":0,"covered":0,"skipped":0,"pct":100}}
,"/Users/fernandojesus/Sites/lastro/design-system/src/components/icons/HashtagIcon.tsx": {"lines":{"total":2,"covered":2,"skipped":0,"pct":100},"functions":{"total":0,"covered":0,"skipped":0,"pct":100},"statements":{"total":2,"covered":2,"skipped":0,"pct":100},"branches":{"total":0,"covered":0,"skipped":0,"pct":100}}
,"/Users/fernandojesus/Sites/lastro/design-system/src/components/icons/HashtagOutlineIcon.tsx": {"lines":{"total":2,"covered":2,"skipped":0,"pct":100},"functions":{"total":0,"covered":0,"skipped":0,"pct":100},"statements":{"total":2,"covered":2,"skipped":0,"pct":100},"branches":{"total":0,"covered":0,"skipped":0,"pct":100}}
,"/Users/fernandojesus/Sites/lastro/design-system/src/components/icons/HouseArrowUpIcon.tsx": {"lines":{"total":2,"covered":2,"skipped":0,"pct":100},"functions":{"total":0,"covered":0,"skipped":0,"pct":100},"statements":{"total":2,"covered":2,"skipped":0,"pct":100},"branches":{"total":0,"covered":0,"skipped":0,"pct":100}}
,"/Users/fernandojesus/Sites/lastro/design-system/src/components/icons/HouseFlagIcon.tsx": {"lines":{"total":2,"covered":2,"skipped":0,"pct":100},"functions":{"total":0,"covered":0,"skipped":0,"pct":100},"statements":{"total":2,"covered":2,"skipped":0,"pct":100},"branches":{"total":0,"covered":0,"skipped":0,"pct":100}}
,"/Users/fernandojesus/Sites/lastro/design-system/src/components/icons/HouseIcon.tsx": {"lines":{"total":2,"covered":2,"skipped":0,"pct":100},"functions":{"total":0,"covered":0,"skipped":0,"pct":100},"statements":{"total":2,"covered":2,"skipped":0,"pct":100},"branches":{"total":0,"covered":0,"skipped":0,"pct":100}}
,"/Users/fernandojesus/Sites/lastro/design-system/src/components/icons/HousePlusIcon.tsx": {"lines":{"total":2,"covered":2,"skipped":0,"pct":100},"functions":{"total":0,"covered":0,"skipped":0,"pct":100},"statements":{"total":2,"covered":2,"skipped":0,"pct":100},"branches":{"total":0,"covered":0,"skipped":0,"pct":100}}
,"/Users/fernandojesus/Sites/lastro/design-system/src/components/icons/IdCardIcon.tsx": {"lines":{"total":2,"covered":2,"skipped":0,"pct":100},"functions":{"total":0,"covered":0,"skipped":0,"pct":100},"statements":{"total":2,"covered":2,"skipped":0,"pct":100},"branches":{"total":0,"covered":0,"skipped":0,"pct":100}}
,"/Users/fernandojesus/Sites/lastro/design-system/src/components/icons/IdOutlineIcon.tsx": {"lines":{"total":2,"covered":2,"skipped":0,"pct":100},"functions":{"total":0,"covered":0,"skipped":0,"pct":100},"statements":{"total":2,"covered":2,"skipped":0,"pct":100},"branches":{"total":0,"covered":0,"skipped":0,"pct":100}}
,"/Users/fernandojesus/Sites/lastro/design-system/src/components/icons/ImageIcon.tsx": {"lines":{"total":2,"covered":2,"skipped":0,"pct":100},"functions":{"total":0,"covered":0,"skipped":0,"pct":100},"statements":{"total":2,"covered":2,"skipped":0,"pct":100},"branches":{"total":0,"covered":0,"skipped":0,"pct":100}}
,"/Users/fernandojesus/Sites/lastro/design-system/src/components/icons/InfoIcon.tsx": {"lines":{"total":2,"covered":2,"skipped":0,"pct":100},"functions":{"total":0,"covered":0,"skipped":0,"pct":100},"statements":{"total":2,"covered":2,"skipped":0,"pct":100},"branches":{"total":0,"covered":0,"skipped":0,"pct":100}}
,"/Users/fernandojesus/Sites/lastro/design-system/src/components/icons/LinkIcon.tsx": {"lines":{"total":2,"covered":2,"skipped":0,"pct":100},"functions":{"total":0,"covered":0,"skipped":0,"pct":100},"statements":{"total":2,"covered":2,"skipped":0,"pct":100},"branches":{"total":0,"covered":0,"skipped":0,"pct":100}}
,"/Users/fernandojesus/Sites/lastro/design-system/src/components/icons/LoaderIcon.tsx": {"lines":{"total":2,"covered":2,"skipped":0,"pct":100},"functions":{"total":0,"covered":0,"skipped":0,"pct":100},"statements":{"total":2,"covered":2,"skipped":0,"pct":100},"branches":{"total":0,"covered":0,"skipped":0,"pct":100}}
,"/Users/fernandojesus/Sites/lastro/design-system/src/components/icons/LocateIcon.tsx": {"lines":{"total":2,"covered":2,"skipped":0,"pct":100},"functions":{"total":0,"covered":0,"skipped":0,"pct":100},"statements":{"total":2,"covered":2,"skipped":0,"pct":100},"branches":{"total":0,"covered":0,"skipped":0,"pct":100}}
,"/Users/fernandojesus/Sites/lastro/design-system/src/components/icons/MailIcon.tsx": {"lines":{"total":2,"covered":2,"skipped":0,"pct":100},"functions":{"total":0,"covered":0,"skipped":0,"pct":100},"statements":{"total":2,"covered":2,"skipped":0,"pct":100},"branches":{"total":0,"covered":0,"skipped":0,"pct":100}}
,"/Users/fernandojesus/Sites/lastro/design-system/src/components/icons/MailOutlineIcon.tsx": {"lines":{"total":2,"covered":2,"skipped":0,"pct":100},"functions":{"total":0,"covered":0,"skipped":0,"pct":100},"statements":{"total":2,"covered":2,"skipped":0,"pct":100},"branches":{"total":0,"covered":0,"skipped":0,"pct":100}}
,"/Users/fernandojesus/Sites/lastro/design-system/src/components/icons/MapIcon.tsx": {"lines":{"total":2,"covered":2,"skipped":0,"pct":100},"functions":{"total":0,"covered":0,"skipped":0,"pct":100},"statements":{"total":2,"covered":2,"skipped":0,"pct":100},"branches":{"total":0,"covered":0,"skipped":0,"pct":100}}
,"/Users/fernandojesus/Sites/lastro/design-system/src/components/icons/MapPinIcon.tsx": {"lines":{"total":2,"covered":2,"skipped":0,"pct":100},"functions":{"total":0,"covered":0,"skipped":0,"pct":100},"statements":{"total":2,"covered":2,"skipped":0,"pct":100},"branches":{"total":0,"covered":0,"skipped":0,"pct":100}}
,"/Users/fernandojesus/Sites/lastro/design-system/src/components/icons/MaximizeIcon.tsx": {"lines":{"total":2,"covered":2,"skipped":0,"pct":100},"functions":{"total":0,"covered":0,"skipped":0,"pct":100},"statements":{"total":2,"covered":2,"skipped":0,"pct":100},"branches":{"total":0,"covered":0,"skipped":0,"pct":100}}
,"/Users/fernandojesus/Sites/lastro/design-system/src/components/icons/MegaphoneIcon.tsx": {"lines":{"total":5,"covered":5,"skipped":0,"pct":100},"functions":{"total":1,"covered":1,"skipped":0,"pct":100},"statements":{"total":6,"covered":6,"skipped":0,"pct":100},"branches":{"total":0,"covered":0,"skipped":0,"pct":100}}
,"/Users/fernandojesus/Sites/lastro/design-system/src/components/icons/MicIcon.tsx": {"lines":{"total":2,"covered":2,"skipped":0,"pct":100},"functions":{"total":0,"covered":0,"skipped":0,"pct":100},"statements":{"total":2,"covered":2,"skipped":0,"pct":100},"branches":{"total":0,"covered":0,"skipped":0,"pct":100}}
,"/Users/fernandojesus/Sites/lastro/design-system/src/components/icons/MinusIcon.tsx": {"lines":{"total":2,"covered":2,"skipped":0,"pct":100},"functions":{"total":0,"covered":0,"skipped":0,"pct":100},"statements":{"total":2,"covered":2,"skipped":0,"pct":100},"branches":{"total":0,"covered":0,"skipped":0,"pct":100}}
,"/Users/fernandojesus/Sites/lastro/design-system/src/components/icons/MoneyBagIcon.tsx": {"lines":{"total":5,"covered":5,"skipped":0,"pct":100},"functions":{"total":1,"covered":1,"skipped":0,"pct":100},"statements":{"total":6,"covered":6,"skipped":0,"pct":100},"branches":{"total":0,"covered":0,"skipped":0,"pct":100}}
,"/Users/fernandojesus/Sites/lastro/design-system/src/components/icons/MoneyIcon.tsx": {"lines":{"total":2,"covered":2,"skipped":0,"pct":100},"functions":{"total":0,"covered":0,"skipped":0,"pct":100},"statements":{"total":2,"covered":2,"skipped":0,"pct":100},"branches":{"total":0,"covered":0,"skipped":0,"pct":100}}
,"/Users/fernandojesus/Sites/lastro/design-system/src/components/icons/MoneyOutlineIcon.tsx": {"lines":{"total":2,"covered":2,"skipped":0,"pct":100},"functions":{"total":0,"covered":0,"skipped":0,"pct":100},"statements":{"total":2,"covered":2,"skipped":0,"pct":100},"branches":{"total":0,"covered":0,"skipped":0,"pct":100}}
,"/Users/fernandojesus/Sites/lastro/design-system/src/components/icons/NavigationIcon.tsx": {"lines":{"total":2,"covered":2,"skipped":0,"pct":100},"functions":{"total":0,"covered":0,"skipped":0,"pct":100},"statements":{"total":2,"covered":2,"skipped":0,"pct":100},"branches":{"total":0,"covered":0,"skipped":0,"pct":100}}
,"/Users/fernandojesus/Sites/lastro/design-system/src/components/icons/PaperPlaneIcon.tsx": {"lines":{"total":2,"covered":2,"skipped":0,"pct":100},"functions":{"total":0,"covered":0,"skipped":0,"pct":100},"statements":{"total":2,"covered":2,"skipped":0,"pct":100},"branches":{"total":0,"covered":0,"skipped":0,"pct":100}}
,"/Users/fernandojesus/Sites/lastro/design-system/src/components/icons/PauseIcon.tsx": {"lines":{"total":2,"covered":2,"skipped":0,"pct":100},"functions":{"total":0,"covered":0,"skipped":0,"pct":100},"statements":{"total":2,"covered":2,"skipped":0,"pct":100},"branches":{"total":0,"covered":0,"skipped":0,"pct":100}}
,"/Users/fernandojesus/Sites/lastro/design-system/src/components/icons/PersonIcon.tsx": {"lines":{"total":2,"covered":2,"skipped":0,"pct":100},"functions":{"total":0,"covered":0,"skipped":0,"pct":100},"statements":{"total":2,"covered":2,"skipped":0,"pct":100},"branches":{"total":0,"covered":0,"skipped":0,"pct":100}}
,"/Users/fernandojesus/Sites/lastro/design-system/src/components/icons/PhoneIcon.tsx": {"lines":{"total":2,"covered":2,"skipped":0,"pct":100},"functions":{"total":0,"covered":0,"skipped":0,"pct":100},"statements":{"total":2,"covered":2,"skipped":0,"pct":100},"branches":{"total":0,"covered":0,"skipped":0,"pct":100}}
,"/Users/fernandojesus/Sites/lastro/design-system/src/components/icons/PhoneOutlineIcon.tsx": {"lines":{"total":2,"covered":2,"skipped":0,"pct":100},"functions":{"total":0,"covered":0,"skipped":0,"pct":100},"statements":{"total":2,"covered":2,"skipped":0,"pct":100},"branches":{"total":0,"covered":0,"skipped":0,"pct":100}}
,"/Users/fernandojesus/Sites/lastro/design-system/src/components/icons/PicturesIcon.tsx": {"lines":{"total":5,"covered":5,"skipped":0,"pct":100},"functions":{"total":1,"covered":1,"skipped":0,"pct":100},"statements":{"total":6,"covered":6,"skipped":0,"pct":100},"branches":{"total":0,"covered":0,"skipped":0,"pct":100}}
,"/Users/fernandojesus/Sites/lastro/design-system/src/components/icons/PlayIcon.tsx": {"lines":{"total":2,"covered":2,"skipped":0,"pct":100},"functions":{"total":0,"covered":0,"skipped":0,"pct":100},"statements":{"total":2,"covered":2,"skipped":0,"pct":100},"branches":{"total":0,"covered":0,"skipped":0,"pct":100}}
,"/Users/fernandojesus/Sites/lastro/design-system/src/components/icons/PlusIcon.tsx": {"lines":{"total":2,"covered":2,"skipped":0,"pct":100},"functions":{"total":0,"covered":0,"skipped":0,"pct":100},"statements":{"total":2,"covered":2,"skipped":0,"pct":100},"branches":{"total":0,"covered":0,"skipped":0,"pct":100}}
,"/Users/fernandojesus/Sites/lastro/design-system/src/components/icons/ReplyDoubleIcon.tsx": {"lines":{"total":2,"covered":2,"skipped":0,"pct":100},"functions":{"total":0,"covered":0,"skipped":0,"pct":100},"statements":{"total":2,"covered":2,"skipped":0,"pct":100},"branches":{"total":0,"covered":0,"skipped":0,"pct":100}}
,"/Users/fernandojesus/Sites/lastro/design-system/src/components/icons/ReplyIcon.tsx": {"lines":{"total":2,"covered":2,"skipped":0,"pct":100},"functions":{"total":0,"covered":0,"skipped":0,"pct":100},"statements":{"total":2,"covered":2,"skipped":0,"pct":100},"branches":{"total":0,"covered":0,"skipped":0,"pct":100}}
,"/Users/fernandojesus/Sites/lastro/design-system/src/components/icons/ReportIcon.tsx": {"lines":{"total":2,"covered":2,"skipped":0,"pct":100},"functions":{"total":0,"covered":0,"skipped":0,"pct":100},"statements":{"total":2,"covered":2,"skipped":0,"pct":100},"branches":{"total":0,"covered":0,"skipped":0,"pct":100}}
,"/Users/fernandojesus/Sites/lastro/design-system/src/components/icons/ReportProblemIcon.tsx": {"lines":{"total":2,"covered":2,"skipped":0,"pct":100},"functions":{"total":0,"covered":0,"skipped":0,"pct":100},"statements":{"total":2,"covered":2,"skipped":0,"pct":100},"branches":{"total":0,"covered":0,"skipped":0,"pct":100}}
,"/Users/fernandojesus/Sites/lastro/design-system/src/components/icons/RotateCcwIcon.tsx": {"lines":{"total":2,"covered":2,"skipped":0,"pct":100},"functions":{"total":0,"covered":0,"skipped":0,"pct":100},"statements":{"total":2,"covered":2,"skipped":0,"pct":100},"branches":{"total":0,"covered":0,"skipped":0,"pct":100}}
,"/Users/fernandojesus/Sites/lastro/design-system/src/components/icons/ScanBarcodeIcon.tsx": {"lines":{"total":2,"covered":2,"skipped":0,"pct":100},"functions":{"total":0,"covered":0,"skipped":0,"pct":100},"statements":{"total":2,"covered":2,"skipped":0,"pct":100},"branches":{"total":0,"covered":0,"skipped":0,"pct":100}}
,"/Users/fernandojesus/Sites/lastro/design-system/src/components/icons/SearchIcon.tsx": {"lines":{"total":2,"covered":2,"skipped":0,"pct":100},"functions":{"total":0,"covered":0,"skipped":0,"pct":100},"statements":{"total":2,"covered":2,"skipped":0,"pct":100},"branches":{"total":0,"covered":0,"skipped":0,"pct":100}}
,"/Users/fernandojesus/Sites/lastro/design-system/src/components/icons/SendIcon.tsx": {"lines":{"total":2,"covered":2,"skipped":0,"pct":100},"functions":{"total":0,"covered":0,"skipped":0,"pct":100},"statements":{"total":2,"covered":2,"skipped":0,"pct":100},"branches":{"total":0,"covered":0,"skipped":0,"pct":100}}
,"/Users/fernandojesus/Sites/lastro/design-system/src/components/icons/ShowerIcon.tsx": {"lines":{"total":2,"covered":2,"skipped":0,"pct":100},"functions":{"total":0,"covered":0,"skipped":0,"pct":100},"statements":{"total":2,"covered":2,"skipped":0,"pct":100},"branches":{"total":0,"covered":0,"skipped":0,"pct":100}}
,"/Users/fernandojesus/Sites/lastro/design-system/src/components/icons/SparklesIcon.tsx": {"lines":{"total":2,"covered":2,"skipped":0,"pct":100},"functions":{"total":0,"covered":0,"skipped":0,"pct":100},"statements":{"total":2,"covered":2,"skipped":0,"pct":100},"branches":{"total":0,"covered":0,"skipped":0,"pct":100}}
,"/Users/fernandojesus/Sites/lastro/design-system/src/components/icons/StarIcon.tsx": {"lines":{"total":2,"covered":2,"skipped":0,"pct":100},"functions":{"total":0,"covered":0,"skipped":0,"pct":100},"statements":{"total":2,"covered":2,"skipped":0,"pct":100},"branches":{"total":0,"covered":0,"skipped":0,"pct":100}}
,"/Users/fernandojesus/Sites/lastro/design-system/src/components/icons/StopIcon.tsx": {"lines":{"total":2,"covered":2,"skipped":0,"pct":100},"functions":{"total":0,"covered":0,"skipped":0,"pct":100},"statements":{"total":2,"covered":2,"skipped":0,"pct":100},"branches":{"total":0,"covered":0,"skipped":0,"pct":100}}
,"/Users/fernandojesus/Sites/lastro/design-system/src/components/icons/SyncIcon.tsx": {"lines":{"total":2,"covered":2,"skipped":0,"pct":100},"functions":{"total":0,"covered":0,"skipped":0,"pct":100},"statements":{"total":2,"covered":2,"skipped":0,"pct":100},"branches":{"total":0,"covered":0,"skipped":0,"pct":100}}
,"/Users/fernandojesus/Sites/lastro/design-system/src/components/icons/SyncProblemIcon.tsx": {"lines":{"total":2,"covered":2,"skipped":0,"pct":100},"functions":{"total":0,"covered":0,"skipped":0,"pct":100},"statements":{"total":2,"covered":2,"skipped":0,"pct":100},"branches":{"total":0,"covered":0,"skipped":0,"pct":100}}
,"/Users/fernandojesus/Sites/lastro/design-system/src/components/icons/ThumbDownIcon.tsx": {"lines":{"total":2,"covered":2,"skipped":0,"pct":100},"functions":{"total":0,"covered":0,"skipped":0,"pct":100},"statements":{"total":2,"covered":2,"skipped":0,"pct":100},"branches":{"total":0,"covered":0,"skipped":0,"pct":100}}
,"/Users/fernandojesus/Sites/lastro/design-system/src/components/icons/ThumbUpIcon.tsx": {"lines":{"total":2,"covered":2,"skipped":0,"pct":100},"functions":{"total":0,"covered":0,"skipped":0,"pct":100},"statements":{"total":2,"covered":2,"skipped":0,"pct":100},"branches":{"total":0,"covered":0,"skipped":0,"pct":100}}
,"/Users/fernandojesus/Sites/lastro/design-system/src/components/icons/TranscriptIcon.tsx": {"lines":{"total":2,"covered":2,"skipped":0,"pct":100},"functions":{"total":0,"covered":0,"skipped":0,"pct":100},"statements":{"total":2,"covered":2,"skipped":0,"pct":100},"branches":{"total":0,"covered":0,"skipped":0,"pct":100}}
,"/Users/fernandojesus/Sites/lastro/design-system/src/components/icons/TrashIcon.tsx": {"lines":{"total":2,"covered":2,"skipped":0,"pct":100},"functions":{"total":0,"covered":0,"skipped":0,"pct":100},"statements":{"total":2,"covered":2,"skipped":0,"pct":100},"branches":{"total":0,"covered":0,"skipped":0,"pct":100}}
,"/Users/fernandojesus/Sites/lastro/design-system/src/components/icons/TuneIcon.tsx": {"lines":{"total":2,"covered":2,"skipped":0,"pct":100},"functions":{"total":0,"covered":0,"skipped":0,"pct":100},"statements":{"total":2,"covered":2,"skipped":0,"pct":100},"branches":{"total":0,"covered":0,"skipped":0,"pct":100}}
,"/Users/fernandojesus/Sites/lastro/design-system/src/components/icons/WalletIcon.tsx": {"lines":{"total":2,"covered":2,"skipped":0,"pct":100},"functions":{"total":0,"covered":0,"skipped":0,"pct":100},"statements":{"total":2,"covered":2,"skipped":0,"pct":100},"branches":{"total":0,"covered":0,"skipped":0,"pct":100}}
,"/Users/fernandojesus/Sites/lastro/design-system/src/components/icons/WhatsAppIcon.tsx": {"lines":{"total":2,"covered":2,"skipped":0,"pct":100},"functions":{"total":0,"covered":0,"skipped":0,"pct":100},"statements":{"total":2,"covered":2,"skipped":0,"pct":100},"branches":{"total":0,"covered":0,"skipped":0,"pct":100}}
,"/Users/fernandojesus/Sites/lastro/design-system/src/components/icons/XIconCircle.tsx": {"lines":{"total":2,"covered":2,"skipped":0,"pct":100},"functions":{"total":0,"covered":0,"skipped":0,"pct":100},"statements":{"total":2,"covered":2,"skipped":0,"pct":100},"branches":{"total":0,"covered":0,"skipped":0,"pct":100}}
,"/Users/fernandojesus/Sites/lastro/design-system/src/components/icons/index.ts": {"lines":{"total":92,"covered":92,"skipped":0,"pct":100},"functions":{"total":0,"covered":0,"skipped":0,"pct":100},"statements":{"total":184,"covered":184,"skipped":0,"pct":100},"branches":{"total":0,"covered":0,"skipped":0,"pct":100}}
,"/Users/fernandojesus/Sites/lastro/design-system/src/components/icons/colored/DocumentUpIcon.tsx": {"lines":{"total":2,"covered":0,"skipped":0,"pct":0},"functions":{"total":1,"covered":0,"skipped":0,"pct":0},"statements":{"total":2,"covered":0,"skipped":0,"pct":0},"branches":{"total":2,"covered":0,"skipped":0,"pct":0}}
,"/Users/fernandojesus/Sites/lastro/design-system/src/components/icons/colored/ImageUpIcon.tsx": {"lines":{"total":3,"covered":0,"skipped":0,"pct":0},"functions":{"total":1,"covered":0,"skipped":0,"pct":0},"statements":{"total":3,"covered":0,"skipped":0,"pct":0},"branches":{"total":2,"covered":0,"skipped":0,"pct":0}}
,"/Users/fernandojesus/Sites/lastro/design-system/src/components/ui/index.ts": {"lines":{"total":138,"covered":45,"skipped":0,"pct":32.6},"functions":{"total":0,"covered":0,"skipped":0,"pct":100},"statements":{"total":180,"covered":46,"skipped":0,"pct":25.55},"branches":{"total":0,"covered":0,"skipped":0,"pct":100}}
,"/Users/fernandojesus/Sites/lastro/design-system/src/components/ui/Accordion/Accordion.tsx": {"lines":{"total":8,"covered":8,"skipped":0,"pct":100},"functions":{"total":4,"covered":4,"skipped":0,"pct":100},"statements":{"total":11,"covered":11,"skipped":0,"pct":100},"branches":{"total":0,"covered":0,"skipped":0,"pct":100}}
,"/Users/fernandojesus/Sites/lastro/design-system/src/components/ui/Accordion/index.ts": {"lines":{"total":5,"covered":1,"skipped":0,"pct":20},"functions":{"total":0,"covered":0,"skipped":0,"pct":100},"statements":{"total":5,"covered":1,"skipped":0,"pct":20},"branches":{"total":0,"covered":0,"skipped":0,"pct":100}}
,"/Users/fernandojesus/Sites/lastro/design-system/src/components/ui/Alert/Alert.tsx": {"lines":{"total":17,"covered":16,"skipped":0,"pct":94.11},"functions":{"total":4,"covered":4,"skipped":0,"pct":100},"statements":{"total":19,"covered":18,"skipped":0,"pct":94.73},"branches":{"total":5,"covered":3,"skipped":0,"pct":60}}
,"/Users/fernandojesus/Sites/lastro/design-system/src/components/ui/Alert/index.ts": {"lines":{"total":1,"covered":1,"skipped":0,"pct":100},"functions":{"total":0,"covered":0,"skipped":0,"pct":100},"statements":{"total":4,"covered":1,"skipped":0,"pct":25},"branches":{"total":0,"covered":0,"skipped":0,"pct":100}}
,"/Users/fernandojesus/Sites/lastro/design-system/src/components/ui/AlertDialog/AlertDialog.tsx": {"lines":{"total":15,"covered":4,"skipped":0,"pct":26.66},"functions":{"total":12,"covered":12,"skipped":0,"pct":100},"statements":{"total":15,"covered":4,"skipped":0,"pct":26.66},"branches":{"total":18,"covered":12,"skipped":0,"pct":66.66}}
,"/Users/fernandojesus/Sites/lastro/design-system/src/components/ui/AlertDialog/index.ts": {"lines":{"total":13,"covered":1,"skipped":0,"pct":7.69},"functions":{"total":0,"covered":0,"skipped":0,"pct":100},"statements":{"total":13,"covered":1,"skipped":0,"pct":7.69},"branches":{"total":0,"covered":0,"skipped":0,"pct":100}}
,"/Users/fernandojesus/Sites/lastro/design-system/src/components/ui/Badge/Badge.tsx": {"lines":{"total":6,"covered":6,"skipped":0,"pct":100},"functions":{"total":1,"covered":1,"skipped":0,"pct":100},"statements":{"total":7,"covered":6,"skipped":0,"pct":85.71},"branches":{"total":7,"covered":4,"skipped":0,"pct":57.14}}
,"/Users/fernandojesus/Sites/lastro/design-system/src/components/ui/Badge/index.ts": {"lines":{"total":1,"covered":1,"skipped":0,"pct":100},"functions":{"total":0,"covered":0,"skipped":0,"pct":100},"statements":{"total":3,"covered":1,"skipped":0,"pct":33.33},"branches":{"total":0,"covered":0,"skipped":0,"pct":100}}
,"/Users/fernandojesus/Sites/lastro/design-system/src/components/ui/Button/Button.tsx": {"lines":{"total":13,"covered":13,"skipped":0,"pct":100},"functions":{"total":2,"covered":2,"skipped":0,"pct":100},"statements":{"total":14,"covered":14,"skipped":0,"pct":100},"branches":{"total":11,"covered":11,"skipped":0,"pct":100}}
,"/Users/fernandojesus/Sites/lastro/design-system/src/components/ui/Button/index.ts": {"lines":{"total":1,"covered":1,"skipped":0,"pct":100},"functions":{"total":0,"covered":0,"skipped":0,"pct":100},"statements":{"total":3,"covered":3,"skipped":0,"pct":100},"branches":{"total":0,"covered":0,"skipped":0,"pct":100}}
,"/Users/fernandojesus/Sites/lastro/design-system/src/components/ui/Calendar/Calendar.tsx": {"lines":{"total":95,"covered":84,"skipped":0,"pct":88.42},"functions":{"total":31,"covered":27,"skipped":0,"pct":87.09},"statements":{"total":97,"covered":85,"skipped":0,"pct":87.62},"branches":{"total":58,"covered":50,"skipped":0,"pct":86.2}}
,"/Users/fernandojesus/Sites/lastro/design-system/src/components/ui/Calendar/constants.ts": {"lines":{"total":6,"covered":6,"skipped":0,"pct":100},"functions":{"total":0,"covered":0,"skipped":0,"pct":100},"statements":{"total":12,"covered":7,"skipped":0,"pct":58.33},"branches":{"total":0,"covered":0,"skipped":0,"pct":100}}
,"/Users/fernandojesus/Sites/lastro/design-system/src/components/ui/Calendar/index.ts": {"lines":{"total":1,"covered":1,"skipped":0,"pct":100},"functions":{"total":0,"covered":0,"skipped":0,"pct":100},"statements":{"total":3,"covered":2,"skipped":0,"pct":66.66},"branches":{"total":0,"covered":0,"skipped":0,"pct":100}}
,"/Users/fernandojesus/Sites/lastro/design-system/src/components/ui/Calendar/components/MonthPicker.tsx": {"lines":{"total":4,"covered":0,"skipped":0,"pct":0},"functions":{"total":5,"covered":0,"skipped":0,"pct":0},"statements":{"total":4,"covered":0,"skipped":0,"pct":0},"branches":{"total":2,"covered":0,"skipped":0,"pct":0}}
,"/Users/fernandojesus/Sites/lastro/design-system/src/components/ui/Calendar/components/YearPicker.tsx": {"lines":{"total":5,"covered":0,"skipped":0,"pct":0},"functions":{"total":5,"covered":0,"skipped":0,"pct":0},"statements":{"total":5,"covered":0,"skipped":0,"pct":0},"branches":{"total":2,"covered":0,"skipped":0,"pct":0}}
,"/Users/fernandojesus/Sites/lastro/design-system/src/components/ui/Calendar/hooks/useCalendarState.ts": {"lines":{"total":19,"covered":0,"skipped":0,"pct":0},"functions":{"total":5,"covered":0,"skipped":0,"pct":0},"statements":{"total":19,"covered":0,"skipped":0,"pct":0},"branches":{"total":7,"covered":0,"skipped":0,"pct":0}}
,"/Users/fernandojesus/Sites/lastro/design-system/src/components/ui/Calendar/utils/date-utils.ts": {"lines":{"total":17,"covered":9,"skipped":0,"pct":52.94},"functions":{"total":8,"covered":3,"skipped":0,"pct":37.5},"statements":{"total":19,"covered":10,"skipped":0,"pct":52.63},"branches":{"total":6,"covered":2,"skipped":0,"pct":33.33}}
,"/Users/fernandojesus/Sites/lastro/design-system/src/components/ui/Card/Card.tsx": {"lines":{"total":7,"covered":5,"skipped":0,"pct":71.42},"functions":{"total":6,"covered":4,"skipped":0,"pct":66.66},"statements":{"total":7,"covered":5,"skipped":0,"pct":71.42},"branches":{"total":0,"covered":0,"skipped":0,"pct":100}}
,"/Users/fernandojesus/Sites/lastro/design-system/src/components/ui/Card/index.ts": {"lines":{"total":7,"covered":1,"skipped":0,"pct":14.28},"functions":{"total":0,"covered":0,"skipped":0,"pct":100},"statements":{"total":7,"covered":1,"skipped":0,"pct":14.28},"branches":{"total":0,"covered":0,"skipped":0,"pct":100}}
,"/Users/fernandojesus/Sites/lastro/design-system/src/components/ui/Checkbox/Checkbox.tsx": {"lines":{"total":4,"covered":4,"skipped":0,"pct":100},"functions":{"total":1,"covered":1,"skipped":0,"pct":100},"statements":{"total":4,"covered":4,"skipped":0,"pct":100},"branches":{"total":0,"covered":0,"skipped":0,"pct":100}}
,"/Users/fernandojesus/Sites/lastro/design-system/src/components/ui/Checkbox/index.ts": {"lines":{"total":1,"covered":1,"skipped":0,"pct":100},"functions":{"total":0,"covered":0,"skipped":0,"pct":100},"statements":{"total":2,"covered":2,"skipped":0,"pct":100},"branches":{"total":0,"covered":0,"skipped":0,"pct":100}}
,"/Users/fernandojesus/Sites/lastro/design-system/src/components/ui/ContextMenu/ContextMenu.tsx": {"lines":{"total":14,"covered":12,"skipped":0,"pct":85.71},"functions":{"total":8,"covered":7,"skipped":0,"pct":87.5},"statements":{"total":14,"covered":12,"skipped":0,"pct":85.71},"branches":{"total":8,"covered":8,"skipped":0,"pct":100}}
,"/Users/fernandojesus/Sites/lastro/design-system/src/components/ui/ContextMenu/index.ts": {"lines":{"total":7,"covered":7,"skipped":0,"pct":100},"functions":{"total":0,"covered":0,"skipped":0,"pct":100},"statements":{"total":7,"covered":7,"skipped":0,"pct":100},"branches":{"total":0,"covered":0,"skipped":0,"pct":100}}
,"/Users/fernandojesus/Sites/lastro/design-system/src/components/ui/CopyButton/CopyButton.tsx": {"lines":{"total":43,"covered":21,"skipped":0,"pct":48.83},"functions":{"total":9,"covered":6,"skipped":0,"pct":66.66},"statements":{"total":45,"covered":22,"skipped":0,"pct":48.88},"branches":{"total":22,"covered":9,"skipped":0,"pct":40.9}}
,"/Users/fernandojesus/Sites/lastro/design-system/src/components/ui/CopyButton/index.ts": {"lines":{"total":1,"covered":1,"skipped":0,"pct":100},"functions":{"total":0,"covered":0,"skipped":0,"pct":100},"statements":{"total":2,"covered":2,"skipped":0,"pct":100},"branches":{"total":0,"covered":0,"skipped":0,"pct":100}}
,"/Users/fernandojesus/Sites/lastro/design-system/src/components/ui/DatePicker/DatePicker.tsx": {"lines":{"total":7,"covered":7,"skipped":0,"pct":100},"functions":{"total":2,"covered":2,"skipped":0,"pct":100},"statements":{"total":7,"covered":7,"skipped":0,"pct":100},"branches":{"total":7,"covered":7,"skipped":0,"pct":100}}
,"/Users/fernandojesus/Sites/lastro/design-system/src/components/ui/DatePicker/hooks/index.ts": {"lines":{"total":1,"covered":1,"skipped":0,"pct":100},"functions":{"total":0,"covered":0,"skipped":0,"pct":100},"statements":{"total":2,"covered":2,"skipped":0,"pct":100},"branches":{"total":0,"covered":0,"skipped":0,"pct":100}}
,"/Users/fernandojesus/Sites/lastro/design-system/src/components/ui/DatePicker/hooks/useDatePicker.ts": {"lines":{"total":23,"covered":23,"skipped":0,"pct":100},"functions":{"total":3,"covered":3,"skipped":0,"pct":100},"statements":{"total":23,"covered":23,"skipped":0,"pct":100},"branches":{"total":10,"covered":9,"skipped":0,"pct":90}}
,"/Users/fernandojesus/Sites/lastro/design-system/src/components/ui/DatePicker/utils/date-format.ts": {"lines":{"total":12,"covered":8,"skipped":0,"pct":66.66},"functions":{"total":2,"covered":1,"skipped":0,"pct":50},"statements":{"total":12,"covered":8,"skipped":0,"pct":66.66},"branches":{"total":6,"covered":4,"skipped":0,"pct":66.66}}
,"/Users/fernandojesus/Sites/lastro/design-system/src/components/ui/DatePicker/utils/date-validation.ts": {"lines":{"total":10,"covered":10,"skipped":0,"pct":100},"functions":{"total":1,"covered":1,"skipped":0,"pct":100},"statements":{"total":10,"covered":10,"skipped":0,"pct":100},"branches":{"total":4,"covered":4,"skipped":0,"pct":100}}
,"/Users/fernandojesus/Sites/lastro/design-system/src/components/ui/Dialog/Dialog.tsx": {"lines":{"total":18,"covered":8,"skipped":0,"pct":44.44},"functions":{"total":11,"covered":10,"skipped":0,"pct":90.9},"statements":{"total":18,"covered":8,"skipped":0,"pct":44.44},"branches":{"total":40,"covered":28,"skipped":0,"pct":70}}
,"/Users/fernandojesus/Sites/lastro/design-system/src/components/ui/Dialog/index.ts": {"lines":{"total":12,"covered":1,"skipped":0,"pct":8.33},"functions":{"total":0,"covered":0,"skipped":0,"pct":100},"statements":{"total":12,"covered":1,"skipped":0,"pct":8.33},"branches":{"total":0,"covered":0,"skipped":0,"pct":100}}
,"/Users/fernandojesus/Sites/lastro/design-system/src/components/ui/Drawer/Drawer.tsx": {"lines":{"total":19,"covered":13,"skipped":0,"pct":68.42},"functions":{"total":11,"covered":8,"skipped":0,"pct":72.72},"statements":{"total":19,"covered":13,"skipped":0,"pct":68.42},"branches":{"total":3,"covered":3,"skipped":0,"pct":100}}
,"/Users/fernandojesus/Sites/lastro/design-system/src/components/ui/Drawer/index.ts": {"lines":{"total":12,"covered":1,"skipped":0,"pct":8.33},"functions":{"total":0,"covered":0,"skipped":0,"pct":100},"statements":{"total":12,"covered":1,"skipped":0,"pct":8.33},"branches":{"total":0,"covered":0,"skipped":0,"pct":100}}
,"/Users/fernandojesus/Sites/lastro/design-system/src/components/ui/Dropzone/Dropzone.tsx": {"lines":{"total":26,"covered":9,"skipped":0,"pct":34.61},"functions":{"total":5,"covered":0,"skipped":0,"pct":0},"statements":{"total":29,"covered":9,"skipped":0,"pct":31.03},"branches":{"total":14,"covered":0,"skipped":0,"pct":0}}
,"/Users/fernandojesus/Sites/lastro/design-system/src/components/ui/Dropzone/index.ts": {"lines":{"total":4,"covered":1,"skipped":0,"pct":25},"functions":{"total":0,"covered":0,"skipped":0,"pct":100},"statements":{"total":4,"covered":1,"skipped":0,"pct":25},"branches":{"total":0,"covered":0,"skipped":0,"pct":100}}
,"/Users/fernandojesus/Sites/lastro/design-system/src/components/ui/ErrorState/ErrorState.tsx": {"lines":{"total":2,"covered":1,"skipped":0,"pct":50},"functions":{"total":1,"covered":0,"skipped":0,"pct":0},"statements":{"total":2,"covered":1,"skipped":0,"pct":50},"branches":{"total":3,"covered":0,"skipped":0,"pct":0}}
,"/Users/fernandojesus/Sites/lastro/design-system/src/components/ui/ErrorState/index.ts": {"lines":{"total":1,"covered":1,"skipped":0,"pct":100},"functions":{"total":0,"covered":0,"skipped":0,"pct":100},"statements":{"total":2,"covered":1,"skipped":0,"pct":50},"branches":{"total":0,"covered":0,"skipped":0,"pct":100}}
,"/Users/fernandojesus/Sites/lastro/design-system/src/components/ui/FilePreview/FilePreview.tsx": {"lines":{"total":5,"covered":4,"skipped":0,"pct":80},"functions":{"total":1,"covered":0,"skipped":0,"pct":0},"statements":{"total":6,"covered":4,"skipped":0,"pct":66.66},"branches":{"total":4,"covered":0,"skipped":0,"pct":0}}
,"/Users/fernandojesus/Sites/lastro/design-system/src/components/ui/FilePreview/index.ts": {"lines":{"total":1,"covered":1,"skipped":0,"pct":100},"functions":{"total":0,"covered":0,"skipped":0,"pct":100},"statements":{"total":3,"covered":1,"skipped":0,"pct":33.33},"branches":{"total":0,"covered":0,"skipped":0,"pct":100}}
,"/Users/fernandojesus/Sites/lastro/design-system/src/components/ui/FileTypeIcon/FileTypeIcon.tsx": {"lines":{"total":32,"covered":4,"skipped":0,"pct":12.5},"functions":{"total":2,"covered":0,"skipped":0,"pct":0},"statements":{"total":32,"covered":4,"skipped":0,"pct":12.5},"branches":{"total":34,"covered":0,"skipped":0,"pct":0}}
,"/Users/fernandojesus/Sites/lastro/design-system/src/components/ui/FileTypeIcon/index.ts": {"lines":{"total":1,"covered":1,"skipped":0,"pct":100},"functions":{"total":0,"covered":0,"skipped":0,"pct":100},"statements":{"total":3,"covered":1,"skipped":0,"pct":33.33},"branches":{"total":0,"covered":0,"skipped":0,"pct":100}}
,"/Users/fernandojesus/Sites/lastro/design-system/src/components/ui/FilterButton/FilterButton.tsx": {"lines":{"total":7,"covered":7,"skipped":0,"pct":100},"functions":{"total":1,"covered":1,"skipped":0,"pct":100},"statements":{"total":8,"covered":8,"skipped":0,"pct":100},"branches":{"total":29,"covered":27,"skipped":0,"pct":93.1}}
,"/Users/fernandojesus/Sites/lastro/design-system/src/components/ui/FilterButton/index.ts": {"lines":{"total":1,"covered":1,"skipped":0,"pct":100},"functions":{"total":0,"covered":0,"skipped":0,"pct":100},"statements":{"total":2,"covered":2,"skipped":0,"pct":100},"branches":{"total":0,"covered":0,"skipped":0,"pct":100}}
,"/Users/fernandojesus/Sites/lastro/design-system/src/components/ui/FilterPopover/FilterPopover.tsx": {"lines":{"total":8,"covered":8,"skipped":0,"pct":100},"functions":{"total":1,"covered":1,"skipped":0,"pct":100},"statements":{"total":9,"covered":9,"skipped":0,"pct":100},"branches":{"total":10,"covered":10,"skipped":0,"pct":100}}
,"/Users/fernandojesus/Sites/lastro/design-system/src/components/ui/FilterPopover/index.ts": {"lines":{"total":1,"covered":1,"skipped":0,"pct":100},"functions":{"total":0,"covered":0,"skipped":0,"pct":100},"statements":{"total":2,"covered":2,"skipped":0,"pct":100},"branches":{"total":0,"covered":0,"skipped":0,"pct":100}}
,"/Users/fernandojesus/Sites/lastro/design-system/src/components/ui/Form/Form.tsx": {"lines":{"total":34,"covered":32,"skipped":0,"pct":94.11},"functions":{"total":6,"covered":6,"skipped":0,"pct":100},"statements":{"total":34,"covered":32,"skipped":0,"pct":94.11},"branches":{"total":12,"covered":10,"skipped":0,"pct":83.33}}
,"/Users/fernandojesus/Sites/lastro/design-system/src/components/ui/Form/index.ts": {"lines":{"total":9,"covered":1,"skipped":0,"pct":11.11},"functions":{"total":0,"covered":0,"skipped":0,"pct":100},"statements":{"total":9,"covered":1,"skipped":0,"pct":11.11},"branches":{"total":0,"covered":0,"skipped":0,"pct":100}}
,"/Users/fernandojesus/Sites/lastro/design-system/src/components/ui/Icon/Icon.tsx": {"lines":{"total":12,"covered":12,"skipped":0,"pct":100},"functions":{"total":1,"covered":1,"skipped":0,"pct":100},"statements":{"total":13,"covered":13,"skipped":0,"pct":100},"branches":{"total":15,"covered":15,"skipped":0,"pct":100}}
,"/Users/fernandojesus/Sites/lastro/design-system/src/components/ui/Icon/index.ts": {"lines":{"total":1,"covered":1,"skipped":0,"pct":100},"functions":{"total":0,"covered":0,"skipped":0,"pct":100},"statements":{"total":3,"covered":3,"skipped":0,"pct":100},"branches":{"total":0,"covered":0,"skipped":0,"pct":100}}
,"/Users/fernandojesus/Sites/lastro/design-system/src/components/ui/IconButton/IconButton.tsx": {"lines":{"total":12,"covered":12,"skipped":0,"pct":100},"functions":{"total":2,"covered":2,"skipped":0,"pct":100},"statements":{"total":13,"covered":13,"skipped":0,"pct":100},"branches":{"total":7,"covered":7,"skipped":0,"pct":100}}
,"/Users/fernandojesus/Sites/lastro/design-system/src/components/ui/IconButton/index.ts": {"lines":{"total":3,"covered":3,"skipped":0,"pct":100},"functions":{"total":0,"covered":0,"skipped":0,"pct":100},"statements":{"total":3,"covered":3,"skipped":0,"pct":100},"branches":{"total":0,"covered":0,"skipped":0,"pct":100}}
,"/Users/fernandojesus/Sites/lastro/design-system/src/components/ui/ImageGallery/ImageGallery.tsx": {"lines":{"total":38,"covered":35,"skipped":0,"pct":92.1},"functions":{"total":13,"covered":9,"skipped":0,"pct":69.23},"statements":{"total":39,"covered":35,"skipped":0,"pct":89.74},"branches":{"total":38,"covered":33,"skipped":0,"pct":86.84}}
,"/Users/fernandojesus/Sites/lastro/design-system/src/components/ui/ImageGallery/index.ts": {"lines":{"total":1,"covered":1,"skipped":0,"pct":100},"functions":{"total":0,"covered":0,"skipped":0,"pct":100},"statements":{"total":2,"covered":2,"skipped":0,"pct":100},"branches":{"total":0,"covered":0,"skipped":0,"pct":100}}
,"/Users/fernandojesus/Sites/lastro/design-system/src/components/ui/ImagePreview/ImagePreview.tsx": {"lines":{"total":5,"covered":4,"skipped":0,"pct":80},"functions":{"total":1,"covered":0,"skipped":0,"pct":0},"statements":{"total":6,"covered":4,"skipped":0,"pct":66.66},"branches":{"total":5,"covered":0,"skipped":0,"pct":0}}
,"/Users/fernandojesus/Sites/lastro/design-system/src/components/ui/ImagePreview/index.ts": {"lines":{"total":1,"covered":1,"skipped":0,"pct":100},"functions":{"total":0,"covered":0,"skipped":0,"pct":100},"statements":{"total":3,"covered":1,"skipped":0,"pct":33.33},"branches":{"total":0,"covered":0,"skipped":0,"pct":100}}
,"/Users/fernandojesus/Sites/lastro/design-system/src/components/ui/Input/Input.tsx": {"lines":{"total":5,"covered":5,"skipped":0,"pct":100},"functions":{"total":1,"covered":1,"skipped":0,"pct":100},"statements":{"total":5,"covered":5,"skipped":0,"pct":100},"branches":{"total":15,"covered":12,"skipped":0,"pct":80}}
,"/Users/fernandojesus/Sites/lastro/design-system/src/components/ui/Input/index.ts": {"lines":{"total":1,"covered":1,"skipped":0,"pct":100},"functions":{"total":0,"covered":0,"skipped":0,"pct":100},"statements":{"total":2,"covered":1,"skipped":0,"pct":50},"branches":{"total":0,"covered":0,"skipped":0,"pct":100}}
,"/Users/fernandojesus/Sites/lastro/design-system/src/components/ui/InputTag/InputTag.tsx": {"lines":{"total":31,"covered":27,"skipped":0,"pct":87.09},"functions":{"total":9,"covered":8,"skipped":0,"pct":88.88},"statements":{"total":33,"covered":29,"skipped":0,"pct":87.87},"branches":{"total":44,"covered":40,"skipped":0,"pct":90.9}}
,"/Users/fernandojesus/Sites/lastro/design-system/src/components/ui/InputTag/index.ts": {"lines":{"total":1,"covered":1,"skipped":0,"pct":100},"functions":{"total":0,"covered":0,"skipped":0,"pct":100},"statements":{"total":2,"covered":2,"skipped":0,"pct":100},"branches":{"total":0,"covered":0,"skipped":0,"pct":100}}
,"/Users/fernandojesus/Sites/lastro/design-system/src/components/ui/Label/Label.tsx": {"lines":{"total":5,"covered":5,"skipped":0,"pct":100},"functions":{"total":1,"covered":1,"skipped":0,"pct":100},"statements":{"total":6,"covered":5,"skipped":0,"pct":83.33},"branches":{"total":0,"covered":0,"skipped":0,"pct":100}}
,"/Users/fernandojesus/Sites/lastro/design-system/src/components/ui/Label/index.ts": {"lines":{"total":1,"covered":1,"skipped":0,"pct":100},"functions":{"total":0,"covered":0,"skipped":0,"pct":100},"statements":{"total":3,"covered":2,"skipped":0,"pct":66.66},"branches":{"total":0,"covered":0,"skipped":0,"pct":100}}
,"/Users/fernandojesus/Sites/lastro/design-system/src/components/ui/LoadingOverlay/LoadingOverlay.tsx": {"lines":{"total":4,"covered":4,"skipped":0,"pct":100},"functions":{"total":1,"covered":1,"skipped":0,"pct":100},"statements":{"total":4,"covered":4,"skipped":0,"pct":100},"branches":{"total":4,"covered":4,"skipped":0,"pct":100}}
,"/Users/fernandojesus/Sites/lastro/design-system/src/components/ui/LoadingOverlay/index.ts": {"lines":{"total":1,"covered":1,"skipped":0,"pct":100},"functions":{"total":0,"covered":0,"skipped":0,"pct":100},"statements":{"total":2,"covered":1,"skipped":0,"pct":50},"branches":{"total":0,"covered":0,"skipped":0,"pct":100}}
,"/Users/fernandojesus/Sites/lastro/design-system/src/components/ui/Map/Map.tsx": {"lines":{"total":68,"covered":57,"skipped":0,"pct":83.82},"functions":{"total":14,"covered":10,"skipped":0,"pct":71.42},"statements":{"total":71,"covered":58,"skipped":0,"pct":81.69},"branches":{"total":33,"covered":27,"skipped":0,"pct":81.81}}
,"/Users/fernandojesus/Sites/lastro/design-system/src/components/ui/Map/MapClusterLayer.tsx": {"lines":{"total":133,"covered":76,"skipped":0,"pct":57.14},"functions":{"total":16,"covered":8,"skipped":0,"pct":50},"statements":{"total":133,"covered":76,"skipped":0,"pct":57.14},"branches":{"total":77,"covered":44,"skipped":0,"pct":57.14}}
,"/Users/fernandojesus/Sites/lastro/design-system/src/components/ui/Map/MapControls.tsx": {"lines":{"total":47,"covered":28,"skipped":0,"pct":59.57},"functions":{"total":14,"covered":7,"skipped":0,"pct":50},"statements":{"total":47,"covered":28,"skipped":0,"pct":59.57},"branches":{"total":26,"covered":17,"skipped":0,"pct":65.38}}
,"/Users/fernandojesus/Sites/lastro/design-system/src/components/ui/Map/MapMarker.tsx": {"lines":{"total":127,"covered":10,"skipped":0,"pct":7.87},"functions":{"total":31,"covered":1,"skipped":0,"pct":3.22},"statements":{"total":134,"covered":10,"skipped":0,"pct":7.46},"branches":{"total":70,"covered":1,"skipped":0,"pct":1.42}}
,"/Users/fernandojesus/Sites/lastro/design-system/src/components/ui/Map/MapPopup.tsx": {"lines":{"total":55,"covered":45,"skipped":0,"pct":81.81},"functions":{"total":11,"covered":9,"skipped":0,"pct":81.81},"statements":{"total":56,"covered":45,"skipped":0,"pct":80.35},"branches":{"total":30,"covered":18,"skipped":0,"pct":60}}
,"/Users/fernandojesus/Sites/lastro/design-system/src/components/ui/Map/MapRoute.tsx": {"lines":{"total":52,"covered":2,"skipped":0,"pct":3.84},"functions":{"total":10,"covered":0,"skipped":0,"pct":0},"statements":{"total":52,"covered":2,"skipped":0,"pct":3.84},"branches":{"total":35,"covered":0,"skipped":0,"pct":0}}
,"/Users/fernandojesus/Sites/lastro/design-system/src/components/ui/Map/PulsingMarker.tsx": {"lines":{"total":10,"covered":5,"skipped":0,"pct":50},"functions":{"total":2,"covered":0,"skipped":0,"pct":0},"statements":{"total":10,"covered":5,"skipped":0,"pct":50},"branches":{"total":4,"covered":0,"skipped":0,"pct":0}}
,"/Users/fernandojesus/Sites/lastro/design-system/src/components/ui/Map/context.ts": {"lines":{"total":3,"covered":3,"skipped":0,"pct":100},"functions":{"total":0,"covered":0,"skipped":0,"pct":100},"statements":{"total":5,"covered":5,"skipped":0,"pct":100},"branches":{"total":0,"covered":0,"skipped":0,"pct":100}}
,"/Users/fernandojesus/Sites/lastro/design-system/src/components/ui/Map/hooks.ts": {"lines":{"total":51,"covered":35,"skipped":0,"pct":68.62},"functions":{"total":12,"covered":8,"skipped":0,"pct":66.66},"statements":{"total":51,"covered":35,"skipped":0,"pct":68.62},"branches":{"total":30,"covered":18,"skipped":0,"pct":60}}
,"/Users/fernandojesus/Sites/lastro/design-system/src/components/ui/Map/index.ts": {"lines":{"total":13,"covered":9,"skipped":0,"pct":69.23},"functions":{"total":0,"covered":0,"skipped":0,"pct":100},"statements":{"total":22,"covered":13,"skipped":0,"pct":59.09},"branches":{"total":0,"covered":0,"skipped":0,"pct":100}}
,"/Users/fernandojesus/Sites/lastro/design-system/src/components/ui/Map/components/DefaultLoader.tsx": {"lines":{"total":1,"covered":1,"skipped":0,"pct":100},"functions":{"total":1,"covered":1,"skipped":0,"pct":100},"statements":{"total":1,"covered":1,"skipped":0,"pct":100},"branches":{"total":0,"covered":0,"skipped":0,"pct":100}}
,"/Users/fernandojesus/Sites/lastro/design-system/src/components/ui/Map/components/DefaultMarkerIcon.tsx": {"lines":{"total":1,"covered":0,"skipped":0,"pct":0},"functions":{"total":1,"covered":0,"skipped":0,"pct":0},"statements":{"total":1,"covered":0,"skipped":0,"pct":0},"branches":{"total":0,"covered":0,"skipped":0,"pct":100}}
,"/Users/fernandojesus/Sites/lastro/design-system/src/components/ui/Map/components/index.ts": {"lines":{"total":2,"covered":2,"skipped":0,"pct":100},"functions":{"total":0,"covered":0,"skipped":0,"pct":100},"statements":{"total":4,"covered":3,"skipped":0,"pct":75},"branches":{"total":0,"covered":0,"skipped":0,"pct":100}}
,"/Users/fernandojesus/Sites/lastro/design-system/src/components/ui/Pagination/index.ts": {"lines":{"total":1,"covered":1,"skipped":0,"pct":100},"functions":{"total":0,"covered":0,"skipped":0,"pct":100},"statements":{"total":3,"covered":1,"skipped":0,"pct":33.33},"branches":{"total":0,"covered":0,"skipped":0,"pct":100}}
,"/Users/fernandojesus/Sites/lastro/design-system/src/components/ui/Pagination/pagination.tsx": {"lines":{"total":36,"covered":36,"skipped":0,"pct":100},"functions":{"total":7,"covered":7,"skipped":0,"pct":100},"statements":{"total":39,"covered":39,"skipped":0,"pct":100},"branches":{"total":30,"covered":27,"skipped":0,"pct":90}}
,"/Users/fernandojesus/Sites/lastro/design-system/src/components/ui/Popover/Popover.tsx": {"lines":{"total":3,"covered":3,"skipped":0,"pct":100},"functions":{"total":4,"covered":4,"skipped":0,"pct":100},"statements":{"total":6,"covered":6,"skipped":0,"pct":100},"branches":{"total":3,"covered":3,"skipped":0,"pct":100}}
,"/Users/fernandojesus/Sites/lastro/design-system/src/components/ui/Popover/index.ts": {"lines":{"total":5,"covered":5,"skipped":0,"pct":100},"functions":{"total":0,"covered":0,"skipped":0,"pct":100},"statements":{"total":5,"covered":5,"skipped":0,"pct":100},"branches":{"total":0,"covered":0,"skipped":0,"pct":100}}
,"/Users/fernandojesus/Sites/lastro/design-system/src/components/ui/RadioGroup/RadioGroup.tsx": {"lines":{"total":3,"covered":3,"skipped":0,"pct":100},"functions":{"total":2,"covered":2,"skipped":0,"pct":100},"statements":{"total":4,"covered":4,"skipped":0,"pct":100},"branches":{"total":0,"covered":0,"skipped":0,"pct":100}}
,"/Users/fernandojesus/Sites/lastro/design-system/src/components/ui/RadioGroup/index.ts": {"lines":{"total":1,"covered":1,"skipped":0,"pct":100},"functions":{"total":0,"covered":0,"skipped":0,"pct":100},"statements":{"total":3,"covered":1,"skipped":0,"pct":33.33},"branches":{"total":0,"covered":0,"skipped":0,"pct":100}}
,"/Users/fernandojesus/Sites/lastro/design-system/src/components/ui/ScrollArea/ScrollArea.tsx": {"lines":{"total":3,"covered":3,"skipped":0,"pct":100},"functions":{"total":2,"covered":2,"skipped":0,"pct":100},"statements":{"total":4,"covered":3,"skipped":0,"pct":75},"branches":{"total":5,"covered":4,"skipped":0,"pct":80}}
,"/Users/fernandojesus/Sites/lastro/design-system/src/components/ui/ScrollArea/index.ts": {"lines":{"total":1,"covered":1,"skipped":0,"pct":100},"functions":{"total":0,"covered":0,"skipped":0,"pct":100},"statements":{"total":3,"covered":1,"skipped":0,"pct":33.33},"branches":{"total":0,"covered":0,"skipped":0,"pct":100}}
,"/Users/fernandojesus/Sites/lastro/design-system/src/components/ui/Select/Select.tsx": {"lines":{"total":11,"covered":8,"skipped":0,"pct":72.72},"functions":{"total":8,"covered":5,"skipped":0,"pct":62.5},"statements":{"total":11,"covered":8,"skipped":0,"pct":72.72},"branches":{"total":3,"covered":3,"skipped":0,"pct":100}}
,"/Users/fernandojesus/Sites/lastro/design-system/src/components/ui/Select/index.ts": {"lines":{"total":9,"covered":1,"skipped":0,"pct":11.11},"functions":{"total":0,"covered":0,"skipped":0,"pct":100},"statements":{"total":9,"covered":1,"skipped":0,"pct":11.11},"branches":{"total":0,"covered":0,"skipped":0,"pct":100}}
,"/Users/fernandojesus/Sites/lastro/design-system/src/components/ui/Skeleton/Skeleton.tsx": {"lines":{"total":2,"covered":2,"skipped":0,"pct":100},"functions":{"total":1,"covered":1,"skipped":0,"pct":100},"statements":{"total":2,"covered":2,"skipped":0,"pct":100},"branches":{"total":0,"covered":0,"skipped":0,"pct":100}}
,"/Users/fernandojesus/Sites/lastro/design-system/src/components/ui/Skeleton/index.ts": {"lines":{"total":1,"covered":1,"skipped":0,"pct":100},"functions":{"total":0,"covered":0,"skipped":0,"pct":100},"statements":{"total":2,"covered":1,"skipped":0,"pct":50},"branches":{"total":0,"covered":0,"skipped":0,"pct":100}}
,"/Users/fernandojesus/Sites/lastro/design-system/src/components/ui/Spinner/Spinner.tsx": {"lines":{"total":3,"covered":3,"skipped":0,"pct":100},"functions":{"total":1,"covered":1,"skipped":0,"pct":100},"statements":{"total":3,"covered":3,"skipped":0,"pct":100},"branches":{"total":0,"covered":0,"skipped":0,"pct":100}}
,"/Users/fernandojesus/Sites/lastro/design-system/src/components/ui/Spinner/index.ts": {"lines":{"total":1,"covered":1,"skipped":0,"pct":100},"functions":{"total":0,"covered":0,"skipped":0,"pct":100},"statements":{"total":2,"covered":2,"skipped":0,"pct":100},"branches":{"total":0,"covered":0,"skipped":0,"pct":100}}
,"/Users/fernandojesus/Sites/lastro/design-system/src/components/ui/Stepper/Stepper.tsx": {"lines":{"total":16,"covered":16,"skipped":0,"pct":100},"functions":{"total":2,"covered":2,"skipped":0,"pct":100},"statements":{"total":16,"covered":16,"skipped":0,"pct":100},"branches":{"total":17,"covered":14,"skipped":0,"pct":82.35}}
,"/Users/fernandojesus/Sites/lastro/design-system/src/components/ui/Stepper/index.ts": {"lines":{"total":1,"covered":1,"skipped":0,"pct":100},"functions":{"total":0,"covered":0,"skipped":0,"pct":100},"statements":{"total":2,"covered":1,"skipped":0,"pct":50},"branches":{"total":0,"covered":0,"skipped":0,"pct":100}}
,"/Users/fernandojesus/Sites/lastro/design-system/src/components/ui/Switch/Switch.tsx": {"lines":{"total":7,"covered":7,"skipped":0,"pct":100},"functions":{"total":1,"covered":1,"skipped":0,"pct":100},"statements":{"total":8,"covered":8,"skipped":0,"pct":100},"branches":{"total":0,"covered":0,"skipped":0,"pct":100}}
,"/Users/fernandojesus/Sites/lastro/design-system/src/components/ui/Switch/index.ts": {"lines":{"total":1,"covered":1,"skipped":0,"pct":100},"functions":{"total":0,"covered":0,"skipped":0,"pct":100},"statements":{"total":3,"covered":3,"skipped":0,"pct":100},"branches":{"total":0,"covered":0,"skipped":0,"pct":100}}
,"/Users/fernandojesus/Sites/lastro/design-system/src/components/ui/Textarea/Textarea.tsx": {"lines":{"total":68,"covered":27,"skipped":0,"pct":39.7},"functions":{"total":11,"covered":5,"skipped":0,"pct":45.45},"statements":{"total":68,"covered":27,"skipped":0,"pct":39.7},"branches":{"total":43,"covered":17,"skipped":0,"pct":39.53}}
,"/Users/fernandojesus/Sites/lastro/design-system/src/components/ui/Textarea/index.ts": {"lines":{"total":1,"covered":1,"skipped":0,"pct":100},"functions":{"total":0,"covered":0,"skipped":0,"pct":100},"statements":{"total":2,"covered":1,"skipped":0,"pct":50},"branches":{"total":0,"covered":0,"skipped":0,"pct":100}}
,"/Users/fernandojesus/Sites/lastro/design-system/src/components/ui/Toaster/Toaster.tsx": {"lines":{"total":3,"covered":3,"skipped":0,"pct":100},"functions":{"total":0,"covered":0,"skipped":0,"pct":100},"statements":{"total":3,"covered":3,"skipped":0,"pct":100},"branches":{"total":2,"covered":2,"skipped":0,"pct":100}}
,"/Users/fernandojesus/Sites/lastro/design-system/src/components/ui/Toaster/index.ts": {"lines":{"total":1,"covered":1,"skipped":0,"pct":100},"functions":{"total":0,"covered":0,"skipped":0,"pct":100},"statements":{"total":2,"covered":1,"skipped":0,"pct":50},"branches":{"total":0,"covered":0,"skipped":0,"pct":100}}
,"/Users/fernandojesus/Sites/lastro/design-system/src/components/ui/ToggleButtonGroup/ToggleButtonGroup.tsx": {"lines":{"total":6,"covered":6,"skipped":0,"pct":100},"functions":{"total":3,"covered":3,"skipped":0,"pct":100},"statements":{"total":6,"covered":6,"skipped":0,"pct":100},"branches":{"total":3,"covered":3,"skipped":0,"pct":100}}
,"/Users/fernandojesus/Sites/lastro/design-system/src/components/ui/ToggleButtonGroup/index.ts": {"lines":{"total":1,"covered":1,"skipped":0,"pct":100},"functions":{"total":0,"covered":0,"skipped":0,"pct":100},"statements":{"total":2,"covered":2,"skipped":0,"pct":100},"branches":{"total":0,"covered":0,"skipped":0,"pct":100}}
,"/Users/fernandojesus/Sites/lastro/design-system/src/components/ui/Tooltip/Tooltip.tsx": {"lines":{"total":3,"covered":3,"skipped":0,"pct":100},"functions":{"total":4,"covered":4,"skipped":0,"pct":100},"statements":{"total":6,"covered":6,"skipped":0,"pct":100},"branches":{"total":5,"covered":5,"skipped":0,"pct":100}}
,"/Users/fernandojesus/Sites/lastro/design-system/src/components/ui/Tooltip/index.ts": {"lines":{"total":5,"covered":5,"skipped":0,"pct":100},"functions":{"total":0,"covered":0,"skipped":0,"pct":100},"statements":{"total":5,"covered":5,"skipped":0,"pct":100},"branches":{"total":0,"covered":0,"skipped":0,"pct":100}}
,"/Users/fernandojesus/Sites/lastro/design-system/src/components/ui/Waveform/WaveformPlayer.tsx": {"lines":{"total":6,"covered":4,"skipped":0,"pct":66.66},"functions":{"total":1,"covered":0,"skipped":0,"pct":0},"statements":{"total":6,"covered":4,"skipped":0,"pct":66.66},"branches":{"total":11,"covered":0,"skipped":0,"pct":0}}
,"/Users/fernandojesus/Sites/lastro/design-system/src/components/ui/Waveform/WaveformRecorder.tsx": {"lines":{"total":22,"covered":7,"skipped":0,"pct":31.81},"functions":{"total":5,"covered":0,"skipped":0,"pct":0},"statements":{"total":22,"covered":7,"skipped":0,"pct":31.81},"branches":{"total":19,"covered":0,"skipped":0,"pct":0}}
,"/Users/fernandojesus/Sites/lastro/design-system/src/components/ui/Waveform/index.ts": {"lines":{"total":7,"covered":4,"skipped":0,"pct":57.14},"functions":{"total":0,"covered":0,"skipped":0,"pct":100},"statements":{"total":12,"covered":4,"skipped":0,"pct":33.33},"branches":{"total":0,"covered":0,"skipped":0,"pct":100}}
,"/Users/fernandojesus/Sites/lastro/design-system/src/components/ui/Waveform/types.ts": {"lines":{"total":8,"covered":8,"skipped":0,"pct":100},"functions":{"total":1,"covered":1,"skipped":0,"pct":100},"statements":{"total":10,"covered":8,"skipped":0,"pct":80},"branches":{"total":4,"covered":4,"skipped":0,"pct":100}}
,"/Users/fernandojesus/Sites/lastro/design-system/src/components/ui/Waveform/hooks/index.ts": {"lines":{"total":3,"covered":3,"skipped":0,"pct":100},"functions":{"total":0,"covered":0,"skipped":0,"pct":100},"statements":{"total":6,"covered":3,"skipped":0,"pct":50},"branches":{"total":0,"covered":0,"skipped":0,"pct":100}}
,"/Users/fernandojesus/Sites/lastro/design-system/src/components/ui/Waveform/hooks/useWaveform.ts": {"lines":{"total":41,"covered":2,"skipped":0,"pct":4.87},"functions":{"total":7,"covered":0,"skipped":0,"pct":0},"statements":{"total":42,"covered":2,"skipped":0,"pct":4.76},"branches":{"total":16,"covered":0,"skipped":0,"pct":0}}
,"/Users/fernandojesus/Sites/lastro/design-system/src/components/ui/Waveform/hooks/useWaveformPlayer.ts": {"lines":{"total":120,"covered":4,"skipped":0,"pct":3.33},"functions":{"total":22,"covered":0,"skipped":0,"pct":0},"statements":{"total":121,"covered":4,"skipped":0,"pct":3.3},"branches":{"total":67,"covered":0,"skipped":0,"pct":0}}
,"/Users/fernandojesus/Sites/lastro/design-system/src/components/ui/Waveform/hooks/useWaveformRecorder.ts": {"lines":{"total":104,"covered":3,"skipped":0,"pct":2.88},"functions":{"total":17,"covered":0,"skipped":0,"pct":0},"statements":{"total":106,"covered":3,"skipped":0,"pct":2.83},"branches":{"total":43,"covered":0,"skipped":0,"pct":0}}
,"/Users/fernandojesus/Sites/lastro/design-system/src/components/ui/Waveform/utils/audio.ts": {"lines":{"total":45,"covered":5,"skipped":0,"pct":11.11},"functions":{"total":10,"covered":0,"skipped":0,"pct":0},"statements":{"total":51,"covered":5,"skipped":0,"pct":9.8},"branches":{"total":15,"covered":0,"skipped":0,"pct":0}}
,"/Users/fernandojesus/Sites/lastro/design-system/src/components/ui/Waveform/utils/browser.ts": {"lines":{"total":46,"covered":7,"skipped":0,"pct":15.21},"functions":{"total":7,"covered":0,"skipped":0,"pct":0},"statements":{"total":53,"covered":7,"skipped":0,"pct":13.2},"branches":{"total":43,"covered":0,"skipped":0,"pct":0}}
,"/Users/fernandojesus/Sites/lastro/design-system/src/components/ui/Waveform/utils/index.ts": {"lines":{"total":2,"covered":2,"skipped":0,"pct":100},"functions":{"total":0,"covered":0,"skipped":0,"pct":100},"statements":{"total":2,"covered":2,"skipped":0,"pct":100},"branches":{"total":0,"covered":0,"skipped":0,"pct":100}}
,"/Users/fernandojesus/Sites/lastro/design-system/src/components/ui/shadcn-io/status/index.tsx": {"lines":{"total":6,"covered":0,"skipped":0,"pct":0},"functions":{"total":3,"covered":0,"skipped":0,"pct":0},"statements":{"total":6,"covered":0,"skipped":0,"pct":0},"branches":{"total":1,"covered":0,"skipped":0,"pct":0}}
,"/Users/fernandojesus/Sites/lastro/design-system/src/lib/utils.ts": {"lines":{"total":10,"covered":4,"skipped":0,"pct":40},"functions":{"total":2,"covered":1,"skipped":0,"pct":50},"statements":{"total":10,"covered":4,"skipped":0,"pct":40},"branches":{"total":4,"covered":0,"skipped":0,"pct":0}}
}
