{"/Users/fernandojesus/Sites/lastro/design-system/src/components/icons/AlarmClockIcon.tsx": {"path":"/Users/fernandojesus/Sites/lastro/design-system/src/components/icons/AlarmClockIcon.tsx","statementMap":{"0":{"start":{"line":3,"column":13},"end":{"line":3,"column":30}},"1":{"start":{"line":1,"column":37},"end":{"line":1,"column":null}}},"fnMap":{},"branchMap":{},"s":{"0":1,"1":23},"f":{},"b":{}}
,"/Users/fernandojesus/Sites/lastro/design-system/src/components/icons/AlertBalloonIcon.tsx": {"path":"/Users/fernandojesus/Sites/lastro/design-system/src/components/icons/AlertBalloonIcon.tsx","statementMap":{"0":{"start":{"line":3,"column":13},"end":{"line":3,"column":32}},"1":{"start":{"line":1,"column":37},"end":{"line":1,"column":null}}},"fnMap":{},"branchMap":{},"s":{"0":1,"1":23},"f":{},"b":{}}
,"/Users/fernandojesus/Sites/lastro/design-system/src/components/icons/ArchiveIcon.tsx": {"path":"/Users/fernandojesus/Sites/lastro/design-system/src/components/icons/ArchiveIcon.tsx","statementMap":{"0":{"start":{"line":3,"column":13},"end":{"line":3,"column":27}},"1":{"start":{"line":1,"column":37},"end":{"line":1,"column":null}}},"fnMap":{},"branchMap":{},"s":{"0":1,"1":23},"f":{},"b":{}}
,"/Users/fernandojesus/Sites/lastro/design-system/src/components/icons/AreaIcon.tsx": {"path":"/Users/fernandojesus/Sites/lastro/design-system/src/components/icons/AreaIcon.tsx","statementMap":{"0":{"start":{"line":3,"column":13},"end":{"line":3,"column":24}},"1":{"start":{"line":1,"column":37},"end":{"line":1,"column":null}}},"fnMap":{},"branchMap":{},"s":{"0":1,"1":23},"f":{},"b":{}}
,"/Users/fernandojesus/Sites/lastro/design-system/src/components/icons/BedDoubleIcon.tsx": {"path":"/Users/fernandojesus/Sites/lastro/design-system/src/components/icons/BedDoubleIcon.tsx","statementMap":{"0":{"start":{"line":3,"column":13},"end":{"line":3,"column":29}},"1":{"start":{"line":1,"column":37},"end":{"line":1,"column":null}}},"fnMap":{},"branchMap":{},"s":{"0":1,"1":23},"f":{},"b":{}}
,"/Users/fernandojesus/Sites/lastro/design-system/src/components/icons/BriefcaseBusinessIcon.tsx": {"path":"/Users/fernandojesus/Sites/lastro/design-system/src/components/icons/BriefcaseBusinessIcon.tsx","statementMap":{"0":{"start":{"line":3,"column":13},"end":{"line":3,"column":37}},"1":{"start":{"line":1,"column":37},"end":{"line":1,"column":null}}},"fnMap":{},"branchMap":{},"s":{"0":1,"1":23},"f":{},"b":{}}
,"/Users/fernandojesus/Sites/lastro/design-system/src/components/icons/CalendarIcon.tsx": {"path":"/Users/fernandojesus/Sites/lastro/design-system/src/components/icons/CalendarIcon.tsx","statementMap":{"0":{"start":{"line":3,"column":13},"end":{"line":3,"column":28}},"1":{"start":{"line":1,"column":37},"end":{"line":1,"column":null}}},"fnMap":{},"branchMap":{},"s":{"0":65,"1":23},"f":{},"b":{}}
,"/Users/fernandojesus/Sites/lastro/design-system/src/components/icons/CarIcon.tsx": {"path":"/Users/fernandojesus/Sites/lastro/design-system/src/components/icons/CarIcon.tsx","statementMap":{"0":{"start":{"line":4,"column":13},"end":{"line":4,"column":23}},"1":{"start":{"line":1,"column":22},"end":{"line":1,"column":null}},"2":{"start":{"line":2,"column":37},"end":{"line":2,"column":null}},"3":{"start":{"line":4,"column":23},"end":{"line":21,"column":null}},"4":{"start":{"line":5,"column":13},"end":{"line":5,"column":null}},"5":{"start":{"line":6,"column":17},"end":{"line":6,"column":33}}},"fnMap":{"0":{"name":"(anonymous_1)","decl":{"start":{"line":4,"column":23},"end":{"line":4,"column":24}},"loc":{"start":{"line":4,"column":24},"end":{"line":21,"column":null}}}},"branchMap":{},"s":{"0":1,"1":23,"2":23,"3":23,"4":6,"5":6},"f":{"0":6},"b":{}}
,"/Users/fernandojesus/Sites/lastro/design-system/src/components/icons/ChatBubbleIcon.tsx": {"path":"/Users/fernandojesus/Sites/lastro/design-system/src/components/icons/ChatBubbleIcon.tsx","statementMap":{"0":{"start":{"line":3,"column":13},"end":{"line":3,"column":30}},"1":{"start":{"line":1,"column":37},"end":{"line":1,"column":null}}},"fnMap":{},"branchMap":{},"s":{"0":1,"1":23},"f":{},"b":{}}
,"/Users/fernandojesus/Sites/lastro/design-system/src/components/icons/CheckBoxIcon.tsx": {"path":"/Users/fernandojesus/Sites/lastro/design-system/src/components/icons/CheckBoxIcon.tsx","statementMap":{"0":{"start":{"line":3,"column":13},"end":{"line":3,"column":28}},"1":{"start":{"line":1,"column":37},"end":{"line":1,"column":null}}},"fnMap":{},"branchMap":{},"s":{"0":6,"1":23},"f":{},"b":{}}
,"/Users/fernandojesus/Sites/lastro/design-system/src/components/icons/CheckIcon.tsx": {"path":"/Users/fernandojesus/Sites/lastro/design-system/src/components/icons/CheckIcon.tsx","statementMap":{"0":{"start":{"line":3,"column":13},"end":{"line":3,"column":25}},"1":{"start":{"line":1,"column":37},"end":{"line":1,"column":null}}},"fnMap":{},"branchMap":{},"s":{"0":21,"1":23},"f":{},"b":{}}
,"/Users/fernandojesus/Sites/lastro/design-system/src/components/icons/CheckIconCircle.tsx": {"path":"/Users/fernandojesus/Sites/lastro/design-system/src/components/icons/CheckIconCircle.tsx","statementMap":{"0":{"start":{"line":3,"column":13},"end":{"line":3,"column":31}},"1":{"start":{"line":1,"column":37},"end":{"line":1,"column":null}}},"fnMap":{},"branchMap":{},"s":{"0":1,"1":23},"f":{},"b":{}}
,"/Users/fernandojesus/Sites/lastro/design-system/src/components/icons/ChevronDownIcon.tsx": {"path":"/Users/fernandojesus/Sites/lastro/design-system/src/components/icons/ChevronDownIcon.tsx","statementMap":{"0":{"start":{"line":3,"column":13},"end":{"line":3,"column":31}},"1":{"start":{"line":1,"column":37},"end":{"line":1,"column":null}}},"fnMap":{},"branchMap":{},"s":{"0":218,"1":23},"f":{},"b":{}}
,"/Users/fernandojesus/Sites/lastro/design-system/src/components/icons/ChevronLeftIcon.tsx": {"path":"/Users/fernandojesus/Sites/lastro/design-system/src/components/icons/ChevronLeftIcon.tsx","statementMap":{"0":{"start":{"line":3,"column":13},"end":{"line":3,"column":31}},"1":{"start":{"line":1,"column":37},"end":{"line":1,"column":null}}},"fnMap":{},"branchMap":{},"s":{"0":252,"1":23},"f":{},"b":{}}
,"/Users/fernandojesus/Sites/lastro/design-system/src/components/icons/ChevronRightIcon.tsx": {"path":"/Users/fernandojesus/Sites/lastro/design-system/src/components/icons/ChevronRightIcon.tsx","statementMap":{"0":{"start":{"line":3,"column":13},"end":{"line":3,"column":32}},"1":{"start":{"line":1,"column":37},"end":{"line":1,"column":null}}},"fnMap":{},"branchMap":{},"s":{"0":252,"1":23},"f":{},"b":{}}
,"/Users/fernandojesus/Sites/lastro/design-system/src/components/icons/ChevronUpIcon.tsx": {"path":"/Users/fernandojesus/Sites/lastro/design-system/src/components/icons/ChevronUpIcon.tsx","statementMap":{"0":{"start":{"line":3,"column":13},"end":{"line":3,"column":29}},"1":{"start":{"line":1,"column":37},"end":{"line":1,"column":null}}},"fnMap":{},"branchMap":{},"s":{"0":1,"1":23},"f":{},"b":{}}
,"/Users/fernandojesus/Sites/lastro/design-system/src/components/icons/CircleHomeIcon.tsx": {"path":"/Users/fernandojesus/Sites/lastro/design-system/src/components/icons/CircleHomeIcon.tsx","statementMap":{"0":{"start":{"line":3,"column":13},"end":{"line":3,"column":30}},"1":{"start":{"line":1,"column":37},"end":{"line":1,"column":null}}},"fnMap":{},"branchMap":{},"s":{"0":1,"1":23},"f":{},"b":{}}
,"/Users/fernandojesus/Sites/lastro/design-system/src/components/icons/CircleIcon.tsx": {"path":"/Users/fernandojesus/Sites/lastro/design-system/src/components/icons/CircleIcon.tsx","statementMap":{"0":{"start":{"line":3,"column":13},"end":{"line":3,"column":26}},"1":{"start":{"line":1,"column":37},"end":{"line":1,"column":null}}},"fnMap":{},"branchMap":{},"s":{"0":1,"1":23},"f":{},"b":{}}
,"/Users/fernandojesus/Sites/lastro/design-system/src/components/icons/CircleLinkIcon.tsx": {"path":"/Users/fernandojesus/Sites/lastro/design-system/src/components/icons/CircleLinkIcon.tsx","statementMap":{"0":{"start":{"line":3,"column":13},"end":{"line":3,"column":30}},"1":{"start":{"line":1,"column":37},"end":{"line":1,"column":null}}},"fnMap":{},"branchMap":{},"s":{"0":1,"1":23},"f":{},"b":{}}
,"/Users/fernandojesus/Sites/lastro/design-system/src/components/icons/CircleSlashIcon.tsx": {"path":"/Users/fernandojesus/Sites/lastro/design-system/src/components/icons/CircleSlashIcon.tsx","statementMap":{"0":{"start":{"line":3,"column":13},"end":{"line":3,"column":31}},"1":{"start":{"line":1,"column":37},"end":{"line":1,"column":null}}},"fnMap":{},"branchMap":{},"s":{"0":1,"1":23},"f":{},"b":{}}
,"/Users/fernandojesus/Sites/lastro/design-system/src/components/icons/ClipboardIcon.tsx": {"path":"/Users/fernandojesus/Sites/lastro/design-system/src/components/icons/ClipboardIcon.tsx","statementMap":{"0":{"start":{"line":3,"column":13},"end":{"line":3,"column":29}},"1":{"start":{"line":1,"column":37},"end":{"line":1,"column":null}}},"fnMap":{},"branchMap":{},"s":{"0":1,"1":23},"f":{},"b":{}}
,"/Users/fernandojesus/Sites/lastro/design-system/src/components/icons/ClockIcon.tsx": {"path":"/Users/fernandojesus/Sites/lastro/design-system/src/components/icons/ClockIcon.tsx","statementMap":{"0":{"start":{"line":3,"column":13},"end":{"line":3,"column":25}},"1":{"start":{"line":1,"column":37},"end":{"line":1,"column":null}}},"fnMap":{},"branchMap":{},"s":{"0":1,"1":23},"f":{},"b":{}}
,"/Users/fernandojesus/Sites/lastro/design-system/src/components/icons/CloseIcon.tsx": {"path":"/Users/fernandojesus/Sites/lastro/design-system/src/components/icons/CloseIcon.tsx","statementMap":{"0":{"start":{"line":3,"column":13},"end":{"line":3,"column":25}},"1":{"start":{"line":1,"column":37},"end":{"line":1,"column":null}}},"fnMap":{},"branchMap":{},"s":{"0":54,"1":23},"f":{},"b":{}}
,"/Users/fernandojesus/Sites/lastro/design-system/src/components/icons/CopyCheckIcon.tsx": {"path":"/Users/fernandojesus/Sites/lastro/design-system/src/components/icons/CopyCheckIcon.tsx","statementMap":{"0":{"start":{"line":3,"column":13},"end":{"line":3,"column":29}},"1":{"start":{"line":1,"column":37},"end":{"line":1,"column":null}}},"fnMap":{},"branchMap":{},"s":{"0":1,"1":23},"f":{},"b":{}}
,"/Users/fernandojesus/Sites/lastro/design-system/src/components/icons/CopyIcon.tsx": {"path":"/Users/fernandojesus/Sites/lastro/design-system/src/components/icons/CopyIcon.tsx","statementMap":{"0":{"start":{"line":3,"column":13},"end":{"line":3,"column":24}},"1":{"start":{"line":1,"column":37},"end":{"line":1,"column":null}}},"fnMap":{},"branchMap":{},"s":{"0":7,"1":23},"f":{},"b":{}}
,"/Users/fernandojesus/Sites/lastro/design-system/src/components/icons/CredentialsIcon.tsx": {"path":"/Users/fernandojesus/Sites/lastro/design-system/src/components/icons/CredentialsIcon.tsx","statementMap":{"0":{"start":{"line":3,"column":13},"end":{"line":3,"column":31}},"1":{"start":{"line":1,"column":37},"end":{"line":1,"column":null}}},"fnMap":{},"branchMap":{},"s":{"0":1,"1":23},"f":{},"b":{}}
,"/Users/fernandojesus/Sites/lastro/design-system/src/components/icons/CreditCardIcon.tsx": {"path":"/Users/fernandojesus/Sites/lastro/design-system/src/components/icons/CreditCardIcon.tsx","statementMap":{"0":{"start":{"line":3,"column":13},"end":{"line":3,"column":30}},"1":{"start":{"line":1,"column":37},"end":{"line":1,"column":null}}},"fnMap":{},"branchMap":{},"s":{"0":1,"1":23},"f":{},"b":{}}
,"/Users/fernandojesus/Sites/lastro/design-system/src/components/icons/DocumentIcon.tsx": {"path":"/Users/fernandojesus/Sites/lastro/design-system/src/components/icons/DocumentIcon.tsx","statementMap":{"0":{"start":{"line":4,"column":13},"end":{"line":4,"column":28}},"1":{"start":{"line":1,"column":22},"end":{"line":1,"column":null}},"2":{"start":{"line":2,"column":37},"end":{"line":2,"column":null}},"3":{"start":{"line":4,"column":28},"end":{"line":25,"column":null}},"4":{"start":{"line":7,"column":13},"end":{"line":7,"column":null}},"5":{"start":{"line":8,"column":17},"end":{"line":8,"column":38}}},"fnMap":{"0":{"name":"(anonymous_1)","decl":{"start":{"line":4,"column":28},"end":{"line":4,"column":null}},"loc":{"start":{"line":5,"column":2},"end":{"line":25,"column":null}}}},"branchMap":{},"s":{"0":1,"1":23,"2":23,"3":23,"4":6,"5":6},"f":{"0":6},"b":{}}
,"/Users/fernandojesus/Sites/lastro/design-system/src/components/icons/DoorClosedIcon.tsx": {"path":"/Users/fernandojesus/Sites/lastro/design-system/src/components/icons/DoorClosedIcon.tsx","statementMap":{"0":{"start":{"line":3,"column":13},"end":{"line":3,"column":30}},"1":{"start":{"line":1,"column":37},"end":{"line":1,"column":null}}},"fnMap":{},"branchMap":{},"s":{"0":1,"1":23},"f":{},"b":{}}
,"/Users/fernandojesus/Sites/lastro/design-system/src/components/icons/DoorOpenIcon.tsx": {"path":"/Users/fernandojesus/Sites/lastro/design-system/src/components/icons/DoorOpenIcon.tsx","statementMap":{"0":{"start":{"line":3,"column":13},"end":{"line":3,"column":28}},"1":{"start":{"line":1,"column":37},"end":{"line":1,"column":null}}},"fnMap":{},"branchMap":{},"s":{"0":1,"1":23},"f":{},"b":{}}
,"/Users/fernandojesus/Sites/lastro/design-system/src/components/icons/EmojiIcon.tsx": {"path":"/Users/fernandojesus/Sites/lastro/design-system/src/components/icons/EmojiIcon.tsx","statementMap":{"0":{"start":{"line":3,"column":13},"end":{"line":3,"column":25}},"1":{"start":{"line":1,"column":37},"end":{"line":1,"column":null}}},"fnMap":{},"branchMap":{},"s":{"0":1,"1":23},"f":{},"b":{}}
,"/Users/fernandojesus/Sites/lastro/design-system/src/components/icons/ExternalLinkIcon.tsx": {"path":"/Users/fernandojesus/Sites/lastro/design-system/src/components/icons/ExternalLinkIcon.tsx","statementMap":{"0":{"start":{"line":3,"column":13},"end":{"line":3,"column":32}},"1":{"start":{"line":1,"column":37},"end":{"line":1,"column":null}}},"fnMap":{},"branchMap":{},"s":{"0":1,"1":23},"f":{},"b":{}}
,"/Users/fernandojesus/Sites/lastro/design-system/src/components/icons/ExternalLinkOutlineIcon.tsx": {"path":"/Users/fernandojesus/Sites/lastro/design-system/src/components/icons/ExternalLinkOutlineIcon.tsx","statementMap":{"0":{"start":{"line":3,"column":13},"end":{"line":3,"column":39}},"1":{"start":{"line":1,"column":37},"end":{"line":1,"column":null}}},"fnMap":{},"branchMap":{},"s":{"0":1,"1":23},"f":{},"b":{}}
,"/Users/fernandojesus/Sites/lastro/design-system/src/components/icons/FileIcon.tsx": {"path":"/Users/fernandojesus/Sites/lastro/design-system/src/components/icons/FileIcon.tsx","statementMap":{"0":{"start":{"line":3,"column":13},"end":{"line":3,"column":24}},"1":{"start":{"line":1,"column":37},"end":{"line":1,"column":null}}},"fnMap":{},"branchMap":{},"s":{"0":1,"1":23},"f":{},"b":{}}
,"/Users/fernandojesus/Sites/lastro/design-system/src/components/icons/GearIcon.tsx": {"path":"/Users/fernandojesus/Sites/lastro/design-system/src/components/icons/GearIcon.tsx","statementMap":{"0":{"start":{"line":3,"column":13},"end":{"line":3,"column":24}},"1":{"start":{"line":1,"column":37},"end":{"line":1,"column":null}}},"fnMap":{},"branchMap":{},"s":{"0":1,"1":23},"f":{},"b":{}}
,"/Users/fernandojesus/Sites/lastro/design-system/src/components/icons/GridIcon.tsx": {"path":"/Users/fernandojesus/Sites/lastro/design-system/src/components/icons/GridIcon.tsx","statementMap":{"0":{"start":{"line":3,"column":13},"end":{"line":3,"column":24}},"1":{"start":{"line":1,"column":37},"end":{"line":1,"column":null}}},"fnMap":{},"branchMap":{},"s":{"0":1,"1":23},"f":{},"b":{}}
,"/Users/fernandojesus/Sites/lastro/design-system/src/components/icons/HashIcon.tsx": {"path":"/Users/fernandojesus/Sites/lastro/design-system/src/components/icons/HashIcon.tsx","statementMap":{"0":{"start":{"line":3,"column":13},"end":{"line":3,"column":24}},"1":{"start":{"line":1,"column":37},"end":{"line":1,"column":null}}},"fnMap":{},"branchMap":{},"s":{"0":1,"1":23},"f":{},"b":{}}
,"/Users/fernandojesus/Sites/lastro/design-system/src/components/icons/HashtagIcon.tsx": {"path":"/Users/fernandojesus/Sites/lastro/design-system/src/components/icons/HashtagIcon.tsx","statementMap":{"0":{"start":{"line":3,"column":13},"end":{"line":3,"column":27}},"1":{"start":{"line":1,"column":37},"end":{"line":1,"column":null}}},"fnMap":{},"branchMap":{},"s":{"0":1,"1":23},"f":{},"b":{}}
,"/Users/fernandojesus/Sites/lastro/design-system/src/components/icons/HashtagOutlineIcon.tsx": {"path":"/Users/fernandojesus/Sites/lastro/design-system/src/components/icons/HashtagOutlineIcon.tsx","statementMap":{"0":{"start":{"line":3,"column":13},"end":{"line":3,"column":34}},"1":{"start":{"line":1,"column":37},"end":{"line":1,"column":null}}},"fnMap":{},"branchMap":{},"s":{"0":1,"1":23},"f":{},"b":{}}
,"/Users/fernandojesus/Sites/lastro/design-system/src/components/icons/HouseArrowUpIcon.tsx": {"path":"/Users/fernandojesus/Sites/lastro/design-system/src/components/icons/HouseArrowUpIcon.tsx","statementMap":{"0":{"start":{"line":3,"column":13},"end":{"line":3,"column":32}},"1":{"start":{"line":1,"column":37},"end":{"line":1,"column":null}}},"fnMap":{},"branchMap":{},"s":{"0":1,"1":23},"f":{},"b":{}}
,"/Users/fernandojesus/Sites/lastro/design-system/src/components/icons/HouseFlagIcon.tsx": {"path":"/Users/fernandojesus/Sites/lastro/design-system/src/components/icons/HouseFlagIcon.tsx","statementMap":{"0":{"start":{"line":3,"column":13},"end":{"line":3,"column":29}},"1":{"start":{"line":1,"column":37},"end":{"line":1,"column":null}}},"fnMap":{},"branchMap":{},"s":{"0":1,"1":23},"f":{},"b":{}}
,"/Users/fernandojesus/Sites/lastro/design-system/src/components/icons/HouseIcon.tsx": {"path":"/Users/fernandojesus/Sites/lastro/design-system/src/components/icons/HouseIcon.tsx","statementMap":{"0":{"start":{"line":3,"column":13},"end":{"line":3,"column":25}},"1":{"start":{"line":1,"column":37},"end":{"line":1,"column":null}}},"fnMap":{},"branchMap":{},"s":{"0":1,"1":23},"f":{},"b":{}}
,"/Users/fernandojesus/Sites/lastro/design-system/src/components/icons/HousePlusIcon.tsx": {"path":"/Users/fernandojesus/Sites/lastro/design-system/src/components/icons/HousePlusIcon.tsx","statementMap":{"0":{"start":{"line":3,"column":13},"end":{"line":3,"column":29}},"1":{"start":{"line":1,"column":37},"end":{"line":1,"column":null}}},"fnMap":{},"branchMap":{},"s":{"0":1,"1":23},"f":{},"b":{}}
,"/Users/fernandojesus/Sites/lastro/design-system/src/components/icons/IdCardIcon.tsx": {"path":"/Users/fernandojesus/Sites/lastro/design-system/src/components/icons/IdCardIcon.tsx","statementMap":{"0":{"start":{"line":3,"column":13},"end":{"line":3,"column":26}},"1":{"start":{"line":1,"column":37},"end":{"line":1,"column":null}}},"fnMap":{},"branchMap":{},"s":{"0":1,"1":23},"f":{},"b":{}}
,"/Users/fernandojesus/Sites/lastro/design-system/src/components/icons/IdOutlineIcon.tsx": {"path":"/Users/fernandojesus/Sites/lastro/design-system/src/components/icons/IdOutlineIcon.tsx","statementMap":{"0":{"start":{"line":3,"column":13},"end":{"line":3,"column":29}},"1":{"start":{"line":1,"column":37},"end":{"line":1,"column":null}}},"fnMap":{},"branchMap":{},"s":{"0":1,"1":23},"f":{},"b":{}}
,"/Users/fernandojesus/Sites/lastro/design-system/src/components/icons/ImageIcon.tsx": {"path":"/Users/fernandojesus/Sites/lastro/design-system/src/components/icons/ImageIcon.tsx","statementMap":{"0":{"start":{"line":3,"column":13},"end":{"line":3,"column":25}},"1":{"start":{"line":1,"column":37},"end":{"line":1,"column":null}}},"fnMap":{},"branchMap":{},"s":{"0":1,"1":23},"f":{},"b":{}}
,"/Users/fernandojesus/Sites/lastro/design-system/src/components/icons/InfoIcon.tsx": {"path":"/Users/fernandojesus/Sites/lastro/design-system/src/components/icons/InfoIcon.tsx","statementMap":{"0":{"start":{"line":3,"column":13},"end":{"line":3,"column":24}},"1":{"start":{"line":1,"column":37},"end":{"line":1,"column":null}}},"fnMap":{},"branchMap":{},"s":{"0":6,"1":23},"f":{},"b":{}}
,"/Users/fernandojesus/Sites/lastro/design-system/src/components/icons/LinkIcon.tsx": {"path":"/Users/fernandojesus/Sites/lastro/design-system/src/components/icons/LinkIcon.tsx","statementMap":{"0":{"start":{"line":3,"column":13},"end":{"line":3,"column":24}},"1":{"start":{"line":1,"column":37},"end":{"line":1,"column":null}}},"fnMap":{},"branchMap":{},"s":{"0":1,"1":23},"f":{},"b":{}}
,"/Users/fernandojesus/Sites/lastro/design-system/src/components/icons/LoaderIcon.tsx": {"path":"/Users/fernandojesus/Sites/lastro/design-system/src/components/icons/LoaderIcon.tsx","statementMap":{"0":{"start":{"line":3,"column":13},"end":{"line":3,"column":26}},"1":{"start":{"line":1,"column":37},"end":{"line":1,"column":null}}},"fnMap":{},"branchMap":{},"s":{"0":160,"1":23},"f":{},"b":{}}
,"/Users/fernandojesus/Sites/lastro/design-system/src/components/icons/LocateIcon.tsx": {"path":"/Users/fernandojesus/Sites/lastro/design-system/src/components/icons/LocateIcon.tsx","statementMap":{"0":{"start":{"line":3,"column":13},"end":{"line":3,"column":26}},"1":{"start":{"line":1,"column":37},"end":{"line":1,"column":null}}},"fnMap":{},"branchMap":{},"s":{"0":4,"1":23},"f":{},"b":{}}
,"/Users/fernandojesus/Sites/lastro/design-system/src/components/icons/MailIcon.tsx": {"path":"/Users/fernandojesus/Sites/lastro/design-system/src/components/icons/MailIcon.tsx","statementMap":{"0":{"start":{"line":3,"column":13},"end":{"line":3,"column":24}},"1":{"start":{"line":1,"column":37},"end":{"line":1,"column":null}}},"fnMap":{},"branchMap":{},"s":{"0":1,"1":23},"f":{},"b":{}}
,"/Users/fernandojesus/Sites/lastro/design-system/src/components/icons/MailOutlineIcon.tsx": {"path":"/Users/fernandojesus/Sites/lastro/design-system/src/components/icons/MailOutlineIcon.tsx","statementMap":{"0":{"start":{"line":3,"column":13},"end":{"line":3,"column":31}},"1":{"start":{"line":1,"column":37},"end":{"line":1,"column":null}}},"fnMap":{},"branchMap":{},"s":{"0":1,"1":23},"f":{},"b":{}}
,"/Users/fernandojesus/Sites/lastro/design-system/src/components/icons/MapIcon.tsx": {"path":"/Users/fernandojesus/Sites/lastro/design-system/src/components/icons/MapIcon.tsx","statementMap":{"0":{"start":{"line":3,"column":13},"end":{"line":3,"column":23}},"1":{"start":{"line":1,"column":37},"end":{"line":1,"column":null}}},"fnMap":{},"branchMap":{},"s":{"0":1,"1":23},"f":{},"b":{}}
,"/Users/fernandojesus/Sites/lastro/design-system/src/components/icons/MapPinIcon.tsx": {"path":"/Users/fernandojesus/Sites/lastro/design-system/src/components/icons/MapPinIcon.tsx","statementMap":{"0":{"start":{"line":3,"column":13},"end":{"line":3,"column":26}},"1":{"start":{"line":1,"column":37},"end":{"line":1,"column":null}}},"fnMap":{},"branchMap":{},"s":{"0":1,"1":23},"f":{},"b":{}}
,"/Users/fernandojesus/Sites/lastro/design-system/src/components/icons/MaximizeIcon.tsx": {"path":"/Users/fernandojesus/Sites/lastro/design-system/src/components/icons/MaximizeIcon.tsx","statementMap":{"0":{"start":{"line":3,"column":13},"end":{"line":3,"column":28}},"1":{"start":{"line":1,"column":37},"end":{"line":1,"column":null}}},"fnMap":{},"branchMap":{},"s":{"0":2,"1":23},"f":{},"b":{}}
,"/Users/fernandojesus/Sites/lastro/design-system/src/components/icons/MegaphoneIcon.tsx": {"path":"/Users/fernandojesus/Sites/lastro/design-system/src/components/icons/MegaphoneIcon.tsx","statementMap":{"0":{"start":{"line":4,"column":13},"end":{"line":4,"column":29}},"1":{"start":{"line":1,"column":22},"end":{"line":1,"column":null}},"2":{"start":{"line":2,"column":37},"end":{"line":2,"column":null}},"3":{"start":{"line":4,"column":29},"end":{"line":30,"column":null}},"4":{"start":{"line":7,"column":13},"end":{"line":7,"column":null}},"5":{"start":{"line":8,"column":17},"end":{"line":8,"column":39}}},"fnMap":{"0":{"name":"(anonymous_1)","decl":{"start":{"line":4,"column":29},"end":{"line":4,"column":null}},"loc":{"start":{"line":5,"column":2},"end":{"line":30,"column":null}}}},"branchMap":{},"s":{"0":1,"1":23,"2":23,"3":23,"4":6,"5":6},"f":{"0":6},"b":{}}
,"/Users/fernandojesus/Sites/lastro/design-system/src/components/icons/MicIcon.tsx": {"path":"/Users/fernandojesus/Sites/lastro/design-system/src/components/icons/MicIcon.tsx","statementMap":{"0":{"start":{"line":3,"column":13},"end":{"line":3,"column":23}},"1":{"start":{"line":1,"column":37},"end":{"line":1,"column":null}}},"fnMap":{},"branchMap":{},"s":{"0":1,"1":23},"f":{},"b":{}}
,"/Users/fernandojesus/Sites/lastro/design-system/src/components/icons/MinusIcon.tsx": {"path":"/Users/fernandojesus/Sites/lastro/design-system/src/components/icons/MinusIcon.tsx","statementMap":{"0":{"start":{"line":3,"column":13},"end":{"line":3,"column":25}},"1":{"start":{"line":1,"column":37},"end":{"line":1,"column":null}}},"fnMap":{},"branchMap":{},"s":{"0":12,"1":23},"f":{},"b":{}}
,"/Users/fernandojesus/Sites/lastro/design-system/src/components/icons/MoneyBagIcon.tsx": {"path":"/Users/fernandojesus/Sites/lastro/design-system/src/components/icons/MoneyBagIcon.tsx","statementMap":{"0":{"start":{"line":4,"column":13},"end":{"line":4,"column":28}},"1":{"start":{"line":1,"column":22},"end":{"line":1,"column":null}},"2":{"start":{"line":2,"column":37},"end":{"line":2,"column":null}},"3":{"start":{"line":4,"column":28},"end":{"line":51,"column":null}},"4":{"start":{"line":7,"column":13},"end":{"line":7,"column":null}},"5":{"start":{"line":8,"column":17},"end":{"line":8,"column":39}}},"fnMap":{"0":{"name":"(anonymous_1)","decl":{"start":{"line":4,"column":28},"end":{"line":4,"column":null}},"loc":{"start":{"line":5,"column":2},"end":{"line":51,"column":null}}}},"branchMap":{},"s":{"0":1,"1":23,"2":23,"3":23,"4":6,"5":6},"f":{"0":6},"b":{}}
,"/Users/fernandojesus/Sites/lastro/design-system/src/components/icons/MoneyIcon.tsx": {"path":"/Users/fernandojesus/Sites/lastro/design-system/src/components/icons/MoneyIcon.tsx","statementMap":{"0":{"start":{"line":3,"column":13},"end":{"line":3,"column":25}},"1":{"start":{"line":1,"column":37},"end":{"line":1,"column":null}}},"fnMap":{},"branchMap":{},"s":{"0":1,"1":23},"f":{},"b":{}}
,"/Users/fernandojesus/Sites/lastro/design-system/src/components/icons/MoneyOutlineIcon.tsx": {"path":"/Users/fernandojesus/Sites/lastro/design-system/src/components/icons/MoneyOutlineIcon.tsx","statementMap":{"0":{"start":{"line":3,"column":13},"end":{"line":3,"column":32}},"1":{"start":{"line":1,"column":37},"end":{"line":1,"column":null}}},"fnMap":{},"branchMap":{},"s":{"0":1,"1":23},"f":{},"b":{}}
,"/Users/fernandojesus/Sites/lastro/design-system/src/components/icons/NavigationIcon.tsx": {"path":"/Users/fernandojesus/Sites/lastro/design-system/src/components/icons/NavigationIcon.tsx","statementMap":{"0":{"start":{"line":3,"column":13},"end":{"line":3,"column":30}},"1":{"start":{"line":1,"column":37},"end":{"line":1,"column":null}}},"fnMap":{},"branchMap":{},"s":{"0":1,"1":23},"f":{},"b":{}}
,"/Users/fernandojesus/Sites/lastro/design-system/src/components/icons/PaperPlaneIcon.tsx": {"path":"/Users/fernandojesus/Sites/lastro/design-system/src/components/icons/PaperPlaneIcon.tsx","statementMap":{"0":{"start":{"line":3,"column":13},"end":{"line":3,"column":30}},"1":{"start":{"line":1,"column":37},"end":{"line":1,"column":null}}},"fnMap":{},"branchMap":{},"s":{"0":1,"1":23},"f":{},"b":{}}
,"/Users/fernandojesus/Sites/lastro/design-system/src/components/icons/PauseIcon.tsx": {"path":"/Users/fernandojesus/Sites/lastro/design-system/src/components/icons/PauseIcon.tsx","statementMap":{"0":{"start":{"line":3,"column":13},"end":{"line":3,"column":25}},"1":{"start":{"line":1,"column":37},"end":{"line":1,"column":null}}},"fnMap":{},"branchMap":{},"s":{"0":1,"1":23},"f":{},"b":{}}
,"/Users/fernandojesus/Sites/lastro/design-system/src/components/icons/PersonIcon.tsx": {"path":"/Users/fernandojesus/Sites/lastro/design-system/src/components/icons/PersonIcon.tsx","statementMap":{"0":{"start":{"line":3,"column":13},"end":{"line":3,"column":26}},"1":{"start":{"line":1,"column":37},"end":{"line":1,"column":null}}},"fnMap":{},"branchMap":{},"s":{"0":1,"1":23},"f":{},"b":{}}
,"/Users/fernandojesus/Sites/lastro/design-system/src/components/icons/PhoneIcon.tsx": {"path":"/Users/fernandojesus/Sites/lastro/design-system/src/components/icons/PhoneIcon.tsx","statementMap":{"0":{"start":{"line":3,"column":13},"end":{"line":3,"column":25}},"1":{"start":{"line":1,"column":37},"end":{"line":1,"column":null}}},"fnMap":{},"branchMap":{},"s":{"0":1,"1":23},"f":{},"b":{}}
,"/Users/fernandojesus/Sites/lastro/design-system/src/components/icons/PhoneOutlineIcon.tsx": {"path":"/Users/fernandojesus/Sites/lastro/design-system/src/components/icons/PhoneOutlineIcon.tsx","statementMap":{"0":{"start":{"line":3,"column":13},"end":{"line":3,"column":32}},"1":{"start":{"line":1,"column":37},"end":{"line":1,"column":null}}},"fnMap":{},"branchMap":{},"s":{"0":1,"1":23},"f":{},"b":{}}
,"/Users/fernandojesus/Sites/lastro/design-system/src/components/icons/PicturesIcon.tsx": {"path":"/Users/fernandojesus/Sites/lastro/design-system/src/components/icons/PicturesIcon.tsx","statementMap":{"0":{"start":{"line":4,"column":13},"end":{"line":4,"column":28}},"1":{"start":{"line":1,"column":22},"end":{"line":1,"column":null}},"2":{"start":{"line":2,"column":37},"end":{"line":2,"column":null}},"3":{"start":{"line":4,"column":28},"end":{"line":29,"column":null}},"4":{"start":{"line":7,"column":13},"end":{"line":7,"column":null}},"5":{"start":{"line":8,"column":17},"end":{"line":8,"column":38}}},"fnMap":{"0":{"name":"(anonymous_1)","decl":{"start":{"line":4,"column":28},"end":{"line":4,"column":null}},"loc":{"start":{"line":5,"column":2},"end":{"line":29,"column":null}}}},"branchMap":{},"s":{"0":1,"1":23,"2":23,"3":23,"4":6,"5":6},"f":{"0":6},"b":{}}
,"/Users/fernandojesus/Sites/lastro/design-system/src/components/icons/PlayIcon.tsx": {"path":"/Users/fernandojesus/Sites/lastro/design-system/src/components/icons/PlayIcon.tsx","statementMap":{"0":{"start":{"line":3,"column":13},"end":{"line":3,"column":24}},"1":{"start":{"line":1,"column":37},"end":{"line":1,"column":null}}},"fnMap":{},"branchMap":{},"s":{"0":1,"1":23},"f":{},"b":{}}
,"/Users/fernandojesus/Sites/lastro/design-system/src/components/icons/PlusIcon.tsx": {"path":"/Users/fernandojesus/Sites/lastro/design-system/src/components/icons/PlusIcon.tsx","statementMap":{"0":{"start":{"line":3,"column":13},"end":{"line":3,"column":24}},"1":{"start":{"line":1,"column":37},"end":{"line":1,"column":null}}},"fnMap":{},"branchMap":{},"s":{"0":12,"1":23},"f":{},"b":{}}
,"/Users/fernandojesus/Sites/lastro/design-system/src/components/icons/ReplyDoubleIcon.tsx": {"path":"/Users/fernandojesus/Sites/lastro/design-system/src/components/icons/ReplyDoubleIcon.tsx","statementMap":{"0":{"start":{"line":3,"column":13},"end":{"line":3,"column":31}},"1":{"start":{"line":1,"column":37},"end":{"line":1,"column":null}}},"fnMap":{},"branchMap":{},"s":{"0":1,"1":23},"f":{},"b":{}}
,"/Users/fernandojesus/Sites/lastro/design-system/src/components/icons/ReplyIcon.tsx": {"path":"/Users/fernandojesus/Sites/lastro/design-system/src/components/icons/ReplyIcon.tsx","statementMap":{"0":{"start":{"line":3,"column":13},"end":{"line":3,"column":25}},"1":{"start":{"line":1,"column":37},"end":{"line":1,"column":null}}},"fnMap":{},"branchMap":{},"s":{"0":1,"1":23},"f":{},"b":{}}
,"/Users/fernandojesus/Sites/lastro/design-system/src/components/icons/ReportIcon.tsx": {"path":"/Users/fernandojesus/Sites/lastro/design-system/src/components/icons/ReportIcon.tsx","statementMap":{"0":{"start":{"line":3,"column":13},"end":{"line":3,"column":26}},"1":{"start":{"line":1,"column":37},"end":{"line":1,"column":null}}},"fnMap":{},"branchMap":{},"s":{"0":6,"1":23},"f":{},"b":{}}
,"/Users/fernandojesus/Sites/lastro/design-system/src/components/icons/ReportProblemIcon.tsx": {"path":"/Users/fernandojesus/Sites/lastro/design-system/src/components/icons/ReportProblemIcon.tsx","statementMap":{"0":{"start":{"line":3,"column":13},"end":{"line":3,"column":33}},"1":{"start":{"line":1,"column":37},"end":{"line":1,"column":null}}},"fnMap":{},"branchMap":{},"s":{"0":6,"1":23},"f":{},"b":{}}
,"/Users/fernandojesus/Sites/lastro/design-system/src/components/icons/RotateCcwIcon.tsx": {"path":"/Users/fernandojesus/Sites/lastro/design-system/src/components/icons/RotateCcwIcon.tsx","statementMap":{"0":{"start":{"line":3,"column":13},"end":{"line":3,"column":29}},"1":{"start":{"line":1,"column":37},"end":{"line":1,"column":null}}},"fnMap":{},"branchMap":{},"s":{"0":1,"1":23},"f":{},"b":{}}
,"/Users/fernandojesus/Sites/lastro/design-system/src/components/icons/ScanBarcodeIcon.tsx": {"path":"/Users/fernandojesus/Sites/lastro/design-system/src/components/icons/ScanBarcodeIcon.tsx","statementMap":{"0":{"start":{"line":3,"column":13},"end":{"line":3,"column":31}},"1":{"start":{"line":1,"column":37},"end":{"line":1,"column":null}}},"fnMap":{},"branchMap":{},"s":{"0":1,"1":23},"f":{},"b":{}}
,"/Users/fernandojesus/Sites/lastro/design-system/src/components/icons/SearchIcon.tsx": {"path":"/Users/fernandojesus/Sites/lastro/design-system/src/components/icons/SearchIcon.tsx","statementMap":{"0":{"start":{"line":3,"column":13},"end":{"line":3,"column":26}},"1":{"start":{"line":1,"column":37},"end":{"line":1,"column":null}}},"fnMap":{},"branchMap":{},"s":{"0":3,"1":23},"f":{},"b":{}}
,"/Users/fernandojesus/Sites/lastro/design-system/src/components/icons/SendIcon.tsx": {"path":"/Users/fernandojesus/Sites/lastro/design-system/src/components/icons/SendIcon.tsx","statementMap":{"0":{"start":{"line":3,"column":13},"end":{"line":3,"column":24}},"1":{"start":{"line":1,"column":37},"end":{"line":1,"column":null}}},"fnMap":{},"branchMap":{},"s":{"0":1,"1":23},"f":{},"b":{}}
,"/Users/fernandojesus/Sites/lastro/design-system/src/components/icons/ShowerIcon.tsx": {"path":"/Users/fernandojesus/Sites/lastro/design-system/src/components/icons/ShowerIcon.tsx","statementMap":{"0":{"start":{"line":3,"column":13},"end":{"line":3,"column":26}},"1":{"start":{"line":1,"column":37},"end":{"line":1,"column":null}}},"fnMap":{},"branchMap":{},"s":{"0":1,"1":23},"f":{},"b":{}}
,"/Users/fernandojesus/Sites/lastro/design-system/src/components/icons/SparklesIcon.tsx": {"path":"/Users/fernandojesus/Sites/lastro/design-system/src/components/icons/SparklesIcon.tsx","statementMap":{"0":{"start":{"line":3,"column":13},"end":{"line":3,"column":28}},"1":{"start":{"line":1,"column":37},"end":{"line":1,"column":null}}},"fnMap":{},"branchMap":{},"s":{"0":1,"1":23},"f":{},"b":{}}
,"/Users/fernandojesus/Sites/lastro/design-system/src/components/icons/StarIcon.tsx": {"path":"/Users/fernandojesus/Sites/lastro/design-system/src/components/icons/StarIcon.tsx","statementMap":{"0":{"start":{"line":3,"column":13},"end":{"line":3,"column":24}},"1":{"start":{"line":1,"column":37},"end":{"line":1,"column":null}}},"fnMap":{},"branchMap":{},"s":{"0":1,"1":23},"f":{},"b":{}}
,"/Users/fernandojesus/Sites/lastro/design-system/src/components/icons/StopIcon.tsx": {"path":"/Users/fernandojesus/Sites/lastro/design-system/src/components/icons/StopIcon.tsx","statementMap":{"0":{"start":{"line":3,"column":13},"end":{"line":3,"column":24}},"1":{"start":{"line":1,"column":37},"end":{"line":1,"column":null}}},"fnMap":{},"branchMap":{},"s":{"0":1,"1":23},"f":{},"b":{}}
,"/Users/fernandojesus/Sites/lastro/design-system/src/components/icons/SyncIcon.tsx": {"path":"/Users/fernandojesus/Sites/lastro/design-system/src/components/icons/SyncIcon.tsx","statementMap":{"0":{"start":{"line":3,"column":13},"end":{"line":3,"column":24}},"1":{"start":{"line":1,"column":37},"end":{"line":1,"column":null}}},"fnMap":{},"branchMap":{},"s":{"0":1,"1":23},"f":{},"b":{}}
,"/Users/fernandojesus/Sites/lastro/design-system/src/components/icons/SyncProblemIcon.tsx": {"path":"/Users/fernandojesus/Sites/lastro/design-system/src/components/icons/SyncProblemIcon.tsx","statementMap":{"0":{"start":{"line":3,"column":13},"end":{"line":3,"column":31}},"1":{"start":{"line":1,"column":37},"end":{"line":1,"column":null}}},"fnMap":{},"branchMap":{},"s":{"0":1,"1":23},"f":{},"b":{}}
,"/Users/fernandojesus/Sites/lastro/design-system/src/components/icons/ThumbDownIcon.tsx": {"path":"/Users/fernandojesus/Sites/lastro/design-system/src/components/icons/ThumbDownIcon.tsx","statementMap":{"0":{"start":{"line":3,"column":13},"end":{"line":3,"column":29}},"1":{"start":{"line":1,"column":37},"end":{"line":1,"column":null}}},"fnMap":{},"branchMap":{},"s":{"0":1,"1":23},"f":{},"b":{}}
,"/Users/fernandojesus/Sites/lastro/design-system/src/components/icons/ThumbUpIcon.tsx": {"path":"/Users/fernandojesus/Sites/lastro/design-system/src/components/icons/ThumbUpIcon.tsx","statementMap":{"0":{"start":{"line":3,"column":13},"end":{"line":3,"column":27}},"1":{"start":{"line":1,"column":37},"end":{"line":1,"column":null}}},"fnMap":{},"branchMap":{},"s":{"0":1,"1":23},"f":{},"b":{}}
,"/Users/fernandojesus/Sites/lastro/design-system/src/components/icons/TranscriptIcon.tsx": {"path":"/Users/fernandojesus/Sites/lastro/design-system/src/components/icons/TranscriptIcon.tsx","statementMap":{"0":{"start":{"line":3,"column":13},"end":{"line":3,"column":30}},"1":{"start":{"line":1,"column":37},"end":{"line":1,"column":null}}},"fnMap":{},"branchMap":{},"s":{"0":1,"1":23},"f":{},"b":{}}
,"/Users/fernandojesus/Sites/lastro/design-system/src/components/icons/TrashIcon.tsx": {"path":"/Users/fernandojesus/Sites/lastro/design-system/src/components/icons/TrashIcon.tsx","statementMap":{"0":{"start":{"line":3,"column":13},"end":{"line":3,"column":25}},"1":{"start":{"line":1,"column":37},"end":{"line":1,"column":null}}},"fnMap":{},"branchMap":{},"s":{"0":1,"1":23},"f":{},"b":{}}
,"/Users/fernandojesus/Sites/lastro/design-system/src/components/icons/TuneIcon.tsx": {"path":"/Users/fernandojesus/Sites/lastro/design-system/src/components/icons/TuneIcon.tsx","statementMap":{"0":{"start":{"line":3,"column":13},"end":{"line":3,"column":24}},"1":{"start":{"line":1,"column":37},"end":{"line":1,"column":null}}},"fnMap":{},"branchMap":{},"s":{"0":72,"1":23},"f":{},"b":{}}
,"/Users/fernandojesus/Sites/lastro/design-system/src/components/icons/WalletIcon.tsx": {"path":"/Users/fernandojesus/Sites/lastro/design-system/src/components/icons/WalletIcon.tsx","statementMap":{"0":{"start":{"line":3,"column":13},"end":{"line":3,"column":26}},"1":{"start":{"line":1,"column":37},"end":{"line":1,"column":null}}},"fnMap":{},"branchMap":{},"s":{"0":1,"1":23},"f":{},"b":{}}
,"/Users/fernandojesus/Sites/lastro/design-system/src/components/icons/WhatsAppIcon.tsx": {"path":"/Users/fernandojesus/Sites/lastro/design-system/src/components/icons/WhatsAppIcon.tsx","statementMap":{"0":{"start":{"line":3,"column":13},"end":{"line":3,"column":28}},"1":{"start":{"line":1,"column":37},"end":{"line":1,"column":null}}},"fnMap":{},"branchMap":{},"s":{"0":1,"1":23},"f":{},"b":{}}
,"/Users/fernandojesus/Sites/lastro/design-system/src/components/icons/XIconCircle.tsx": {"path":"/Users/fernandojesus/Sites/lastro/design-system/src/components/icons/XIconCircle.tsx","statementMap":{"0":{"start":{"line":3,"column":13},"end":{"line":3,"column":27}},"1":{"start":{"line":1,"column":37},"end":{"line":1,"column":null}}},"fnMap":{},"branchMap":{},"s":{"0":1,"1":23},"f":{},"b":{}}
,"/Users/fernandojesus/Sites/lastro/design-system/src/components/icons/index.ts": {"path":"/Users/fernandojesus/Sites/lastro/design-system/src/components/icons/index.ts","statementMap":{"0":{"start":{"line":1,"column":9},"end":{"line":1,"column":31}},"1":{"start":{"line":2,"column":9},"end":{"line":2,"column":33}},"2":{"start":{"line":3,"column":9},"end":{"line":3,"column":28}},"3":{"start":{"line":4,"column":9},"end":{"line":4,"column":25}},"4":{"start":{"line":5,"column":9},"end":{"line":5,"column":30}},"5":{"start":{"line":6,"column":9},"end":{"line":6,"column":38}},"6":{"start":{"line":7,"column":9},"end":{"line":7,"column":29}},"7":{"start":{"line":8,"column":9},"end":{"line":8,"column":24}},"8":{"start":{"line":9,"column":9},"end":{"line":9,"column":31}},"9":{"start":{"line":10,"column":9},"end":{"line":10,"column":29}},"10":{"start":{"line":11,"column":9},"end":{"line":11,"column":26}},"11":{"start":{"line":12,"column":9},"end":{"line":12,"column":32}},"12":{"start":{"line":13,"column":9},"end":{"line":13,"column":32}},"13":{"start":{"line":14,"column":9},"end":{"line":14,"column":32}},"14":{"start":{"line":15,"column":9},"end":{"line":15,"column":33}},"15":{"start":{"line":16,"column":9},"end":{"line":16,"column":30}},"16":{"start":{"line":17,"column":9},"end":{"line":17,"column":31}},"17":{"start":{"line":18,"column":9},"end":{"line":18,"column":27}},"18":{"start":{"line":19,"column":9},"end":{"line":19,"column":31}},"19":{"start":{"line":20,"column":9},"end":{"line":20,"column":32}},"20":{"start":{"line":21,"column":9},"end":{"line":21,"column":30}},"21":{"start":{"line":22,"column":9},"end":{"line":22,"column":26}},"22":{"start":{"line":23,"column":9},"end":{"line":23,"column":26}},"23":{"start":{"line":24,"column":9},"end":{"line":24,"column":30}},"24":{"start":{"line":25,"column":9},"end":{"line":25,"column":25}},"25":{"start":{"line":26,"column":9},"end":{"line":26,"column":32}},"26":{"start":{"line":27,"column":9},"end":{"line":27,"column":31}},"27":{"start":{"line":28,"column":9},"end":{"line":28,"column":29}},"28":{"start":{"line":29,"column":9},"end":{"line":29,"column":31}},"29":{"start":{"line":30,"column":9},"end":{"line":30,"column":29}},"30":{"start":{"line":31,"column":9},"end":{"line":31,"column":26}},"31":{"start":{"line":32,"column":9},"end":{"line":32,"column":33}},"32":{"start":{"line":33,"column":9},"end":{"line":33,"column":40}},"33":{"start":{"line":34,"column":9},"end":{"line":34,"column":25}},"34":{"start":{"line":35,"column":9},"end":{"line":35,"column":25}},"35":{"start":{"line":36,"column":9},"end":{"line":36,"column":25}},"36":{"start":{"line":37,"column":9},"end":{"line":37,"column":25}},"37":{"start":{"line":38,"column":9},"end":{"line":38,"column":28}},"38":{"start":{"line":39,"column":9},"end":{"line":39,"column":35}},"39":{"start":{"line":40,"column":9},"end":{"line":40,"column":33}},"40":{"start":{"line":41,"column":9},"end":{"line":41,"column":30}},"41":{"start":{"line":42,"column":9},"end":{"line":42,"column":26}},"42":{"start":{"line":43,"column":9},"end":{"line":43,"column":30}},"43":{"start":{"line":44,"column":9},"end":{"line":44,"column":27}},"44":{"start":{"line":45,"column":9},"end":{"line":45,"column":30}},"45":{"start":{"line":46,"column":9},"end":{"line":46,"column":26}},"46":{"start":{"line":47,"column":9},"end":{"line":47,"column":25}},"47":{"start":{"line":48,"column":9},"end":{"line":48,"column":25}},"48":{"start":{"line":49,"column":9},"end":{"line":49,"column":27}},"49":{"start":{"line":50,"column":9},"end":{"line":50,"column":27}},"50":{"start":{"line":51,"column":9},"end":{"line":51,"column":25}},"51":{"start":{"line":52,"column":9},"end":{"line":52,"column":32}},"52":{"start":{"line":53,"column":9},"end":{"line":53,"column":24}},"53":{"start":{"line":54,"column":9},"end":{"line":54,"column":27}},"54":{"start":{"line":55,"column":9},"end":{"line":55,"column":29}},"55":{"start":{"line":56,"column":9},"end":{"line":56,"column":30}},"56":{"start":{"line":57,"column":9},"end":{"line":57,"column":24}},"57":{"start":{"line":58,"column":9},"end":{"line":58,"column":26}},"58":{"start":{"line":59,"column":9},"end":{"line":59,"column":29}},"59":{"start":{"line":60,"column":9},"end":{"line":60,"column":26}},"60":{"start":{"line":61,"column":9},"end":{"line":61,"column":33}},"61":{"start":{"line":62,"column":9},"end":{"line":62,"column":31}},"62":{"start":{"line":63,"column":9},"end":{"line":63,"column":31}},"63":{"start":{"line":64,"column":9},"end":{"line":64,"column":26}},"64":{"start":{"line":65,"column":9},"end":{"line":65,"column":27}},"65":{"start":{"line":66,"column":9},"end":{"line":66,"column":26}},"66":{"start":{"line":67,"column":9},"end":{"line":67,"column":33}},"67":{"start":{"line":68,"column":9},"end":{"line":68,"column":29}},"68":{"start":{"line":69,"column":9},"end":{"line":69,"column":25}},"69":{"start":{"line":70,"column":9},"end":{"line":70,"column":25}},"70":{"start":{"line":71,"column":9},"end":{"line":71,"column":32}},"71":{"start":{"line":72,"column":9},"end":{"line":72,"column":26}},"72":{"start":{"line":73,"column":9},"end":{"line":73,"column":27}},"73":{"start":{"line":74,"column":9},"end":{"line":74,"column":34}},"74":{"start":{"line":75,"column":9},"end":{"line":75,"column":30}},"75":{"start":{"line":76,"column":9},"end":{"line":76,"column":32}},"76":{"start":{"line":77,"column":9},"end":{"line":77,"column":27}},"77":{"start":{"line":78,"column":9},"end":{"line":78,"column":25}},"78":{"start":{"line":79,"column":9},"end":{"line":79,"column":27}},"79":{"start":{"line":80,"column":9},"end":{"line":80,"column":29}},"80":{"start":{"line":81,"column":9},"end":{"line":81,"column":25}},"81":{"start":{"line":82,"column":9},"end":{"line":82,"column":25}},"82":{"start":{"line":83,"column":9},"end":{"line":83,"column":25}},"83":{"start":{"line":84,"column":9},"end":{"line":84,"column":32}},"84":{"start":{"line":85,"column":9},"end":{"line":85,"column":30}},"85":{"start":{"line":86,"column":9},"end":{"line":86,"column":28}},"86":{"start":{"line":87,"column":9},"end":{"line":87,"column":31}},"87":{"start":{"line":88,"column":9},"end":{"line":88,"column":26}},"88":{"start":{"line":89,"column":9},"end":{"line":89,"column":25}},"89":{"start":{"line":90,"column":9},"end":{"line":90,"column":27}},"90":{"start":{"line":91,"column":9},"end":{"line":91,"column":29}},"91":{"start":{"line":92,"column":9},"end":{"line":92,"column":28}},"92":{"start":{"line":1,"column":31},"end":{"line":1,"column":null}},"93":{"start":{"line":2,"column":33},"end":{"line":2,"column":null}},"94":{"start":{"line":3,"column":28},"end":{"line":3,"column":null}},"95":{"start":{"line":4,"column":25},"end":{"line":4,"column":null}},"96":{"start":{"line":5,"column":30},"end":{"line":5,"column":null}},"97":{"start":{"line":6,"column":38},"end":{"line":6,"column":null}},"98":{"start":{"line":7,"column":29},"end":{"line":7,"column":null}},"99":{"start":{"line":8,"column":24},"end":{"line":8,"column":null}},"100":{"start":{"line":9,"column":31},"end":{"line":9,"column":null}},"101":{"start":{"line":10,"column":29},"end":{"line":10,"column":null}},"102":{"start":{"line":11,"column":26},"end":{"line":11,"column":null}},"103":{"start":{"line":12,"column":32},"end":{"line":12,"column":null}},"104":{"start":{"line":13,"column":32},"end":{"line":13,"column":null}},"105":{"start":{"line":14,"column":32},"end":{"line":14,"column":null}},"106":{"start":{"line":15,"column":33},"end":{"line":15,"column":null}},"107":{"start":{"line":16,"column":30},"end":{"line":16,"column":null}},"108":{"start":{"line":17,"column":31},"end":{"line":17,"column":null}},"109":{"start":{"line":18,"column":27},"end":{"line":18,"column":null}},"110":{"start":{"line":19,"column":31},"end":{"line":19,"column":null}},"111":{"start":{"line":20,"column":32},"end":{"line":20,"column":null}},"112":{"start":{"line":21,"column":30},"end":{"line":21,"column":null}},"113":{"start":{"line":22,"column":26},"end":{"line":22,"column":null}},"114":{"start":{"line":23,"column":26},"end":{"line":23,"column":null}},"115":{"start":{"line":24,"column":30},"end":{"line":24,"column":null}},"116":{"start":{"line":25,"column":25},"end":{"line":25,"column":null}},"117":{"start":{"line":26,"column":32},"end":{"line":26,"column":null}},"118":{"start":{"line":27,"column":31},"end":{"line":27,"column":null}},"119":{"start":{"line":28,"column":29},"end":{"line":28,"column":null}},"120":{"start":{"line":29,"column":31},"end":{"line":29,"column":null}},"121":{"start":{"line":30,"column":29},"end":{"line":30,"column":null}},"122":{"start":{"line":31,"column":26},"end":{"line":31,"column":null}},"123":{"start":{"line":32,"column":33},"end":{"line":32,"column":null}},"124":{"start":{"line":33,"column":40},"end":{"line":33,"column":null}},"125":{"start":{"line":34,"column":25},"end":{"line":34,"column":null}},"126":{"start":{"line":35,"column":25},"end":{"line":35,"column":null}},"127":{"start":{"line":36,"column":25},"end":{"line":36,"column":null}},"128":{"start":{"line":37,"column":25},"end":{"line":37,"column":null}},"129":{"start":{"line":38,"column":28},"end":{"line":38,"column":null}},"130":{"start":{"line":39,"column":35},"end":{"line":39,"column":null}},"131":{"start":{"line":40,"column":33},"end":{"line":40,"column":null}},"132":{"start":{"line":41,"column":30},"end":{"line":41,"column":null}},"133":{"start":{"line":42,"column":26},"end":{"line":42,"column":null}},"134":{"start":{"line":43,"column":30},"end":{"line":43,"column":null}},"135":{"start":{"line":44,"column":27},"end":{"line":44,"column":null}},"136":{"start":{"line":45,"column":30},"end":{"line":45,"column":null}},"137":{"start":{"line":46,"column":26},"end":{"line":46,"column":null}},"138":{"start":{"line":47,"column":25},"end":{"line":47,"column":null}},"139":{"start":{"line":48,"column":25},"end":{"line":48,"column":null}},"140":{"start":{"line":49,"column":27},"end":{"line":49,"column":null}},"141":{"start":{"line":50,"column":27},"end":{"line":50,"column":null}},"142":{"start":{"line":51,"column":25},"end":{"line":51,"column":null}},"143":{"start":{"line":52,"column":32},"end":{"line":52,"column":null}},"144":{"start":{"line":53,"column":24},"end":{"line":53,"column":null}},"145":{"start":{"line":54,"column":27},"end":{"line":54,"column":null}},"146":{"start":{"line":55,"column":29},"end":{"line":55,"column":null}},"147":{"start":{"line":56,"column":30},"end":{"line":56,"column":null}},"148":{"start":{"line":57,"column":24},"end":{"line":57,"column":null}},"149":{"start":{"line":58,"column":26},"end":{"line":58,"column":null}},"150":{"start":{"line":59,"column":29},"end":{"line":59,"column":null}},"151":{"start":{"line":60,"column":26},"end":{"line":60,"column":null}},"152":{"start":{"line":61,"column":33},"end":{"line":61,"column":null}},"153":{"start":{"line":62,"column":31},"end":{"line":62,"column":null}},"154":{"start":{"line":63,"column":31},"end":{"line":63,"column":null}},"155":{"start":{"line":64,"column":26},"end":{"line":64,"column":null}},"156":{"start":{"line":65,"column":27},"end":{"line":65,"column":null}},"157":{"start":{"line":66,"column":26},"end":{"line":66,"column":null}},"158":{"start":{"line":67,"column":33},"end":{"line":67,"column":null}},"159":{"start":{"line":68,"column":29},"end":{"line":68,"column":null}},"160":{"start":{"line":69,"column":25},"end":{"line":69,"column":null}},"161":{"start":{"line":70,"column":25},"end":{"line":70,"column":null}},"162":{"start":{"line":71,"column":32},"end":{"line":71,"column":null}},"163":{"start":{"line":72,"column":26},"end":{"line":72,"column":null}},"164":{"start":{"line":73,"column":27},"end":{"line":73,"column":null}},"165":{"start":{"line":74,"column":34},"end":{"line":74,"column":null}},"166":{"start":{"line":75,"column":30},"end":{"line":75,"column":null}},"167":{"start":{"line":76,"column":32},"end":{"line":76,"column":null}},"168":{"start":{"line":77,"column":27},"end":{"line":77,"column":null}},"169":{"start":{"line":78,"column":25},"end":{"line":78,"column":null}},"170":{"start":{"line":79,"column":27},"end":{"line":79,"column":null}},"171":{"start":{"line":80,"column":29},"end":{"line":80,"column":null}},"172":{"start":{"line":81,"column":25},"end":{"line":81,"column":null}},"173":{"start":{"line":82,"column":25},"end":{"line":82,"column":null}},"174":{"start":{"line":83,"column":25},"end":{"line":83,"column":null}},"175":{"start":{"line":84,"column":32},"end":{"line":84,"column":null}},"176":{"start":{"line":85,"column":30},"end":{"line":85,"column":null}},"177":{"start":{"line":86,"column":28},"end":{"line":86,"column":null}},"178":{"start":{"line":87,"column":31},"end":{"line":87,"column":null}},"179":{"start":{"line":88,"column":26},"end":{"line":88,"column":null}},"180":{"start":{"line":89,"column":25},"end":{"line":89,"column":null}},"181":{"start":{"line":90,"column":27},"end":{"line":90,"column":null}},"182":{"start":{"line":91,"column":29},"end":{"line":91,"column":null}},"183":{"start":{"line":92,"column":28},"end":{"line":92,"column":null}}},"fnMap":{},"branchMap":{},"s":{"0":1,"1":1,"2":1,"3":1,"4":1,"5":1,"6":65,"7":1,"8":1,"9":6,"10":21,"11":1,"12":218,"13":252,"14":252,"15":1,"16":1,"17":1,"18":1,"19":1,"20":1,"21":1,"22":54,"23":1,"24":7,"25":1,"26":1,"27":1,"28":1,"29":1,"30":1,"31":1,"32":1,"33":1,"34":1,"35":1,"36":1,"37":1,"38":1,"39":1,"40":1,"41":1,"42":1,"43":1,"44":1,"45":1,"46":6,"47":1,"48":160,"49":4,"50":1,"51":1,"52":1,"53":1,"54":2,"55":1,"56":1,"57":12,"58":1,"59":1,"60":1,"61":1,"62":1,"63":1,"64":1,"65":1,"66":1,"67":1,"68":1,"69":12,"70":1,"71":1,"72":6,"73":6,"74":1,"75":1,"76":3,"77":1,"78":1,"79":1,"80":1,"81":1,"82":1,"83":1,"84":1,"85":1,"86":1,"87":1,"88":72,"89":1,"90":1,"91":1,"92":23,"93":23,"94":23,"95":23,"96":23,"97":23,"98":23,"99":23,"100":23,"101":23,"102":23,"103":23,"104":23,"105":23,"106":23,"107":23,"108":23,"109":23,"110":23,"111":23,"112":23,"113":23,"114":23,"115":23,"116":23,"117":23,"118":23,"119":23,"120":23,"121":23,"122":23,"123":23,"124":23,"125":23,"126":23,"127":23,"128":23,"129":23,"130":23,"131":23,"132":23,"133":23,"134":23,"135":23,"136":23,"137":23,"138":23,"139":23,"140":23,"141":23,"142":23,"143":23,"144":23,"145":23,"146":23,"147":23,"148":23,"149":23,"150":23,"151":23,"152":23,"153":23,"154":23,"155":23,"156":23,"157":23,"158":23,"159":23,"160":23,"161":23,"162":23,"163":23,"164":23,"165":23,"166":23,"167":23,"168":23,"169":23,"170":23,"171":23,"172":23,"173":23,"174":23,"175":23,"176":23,"177":23,"178":23,"179":23,"180":23,"181":23,"182":23,"183":23},"f":{},"b":{}}
,"/Users/fernandojesus/Sites/lastro/design-system/src/components/icons/colored/DocumentUpIcon.tsx": {"path":"/Users/fernandojesus/Sites/lastro/design-system/src/components/icons/colored/DocumentUpIcon.tsx","statementMap":{"0":{"start":{"line":7,"column":30},"end":{"line":37,"column":null}},"1":{"start":{"line":12,"column":2},"end":{"line":37,"column":null}}},"fnMap":{"0":{"name":"(anonymous_0)","decl":{"start":{"line":7,"column":30},"end":{"line":7,"column":31}},"loc":{"start":{"line":12,"column":2},"end":{"line":37,"column":null}}}},"branchMap":{"0":{"loc":{"start":{"line":9,"column":2},"end":{"line":9,"column":12}},"type":"default-arg","locations":[{"start":{"line":9,"column":10},"end":{"line":9,"column":12}}]},"1":{"loc":{"start":{"line":10,"column":2},"end":{"line":10,"column":13}},"type":"default-arg","locations":[{"start":{"line":10,"column":11},"end":{"line":10,"column":13}}]}},"s":{"0":0,"1":0},"f":{"0":0},"b":{"0":[0],"1":[0]}}
,"/Users/fernandojesus/Sites/lastro/design-system/src/components/icons/colored/ImageUpIcon.tsx": {"path":"/Users/fernandojesus/Sites/lastro/design-system/src/components/icons/colored/ImageUpIcon.tsx","statementMap":{"0":{"start":{"line":9,"column":27},"end":{"line":63,"column":2}},"1":{"start":{"line":14,"column":13},"end":{"line":14,"column":null}},"2":{"start":{"line":15,"column":17},"end":{"line":15,"column":38}}},"fnMap":{"0":{"name":"(anonymous_0)","decl":{"start":{"line":9,"column":27},"end":{"line":9,"column":28}},"loc":{"start":{"line":13,"column":19},"end":{"line":63,"column":2}}}},"branchMap":{"0":{"loc":{"start":{"line":11,"column":2},"end":{"line":11,"column":12}},"type":"default-arg","locations":[{"start":{"line":11,"column":10},"end":{"line":11,"column":12}}]},"1":{"loc":{"start":{"line":12,"column":2},"end":{"line":12,"column":13}},"type":"default-arg","locations":[{"start":{"line":12,"column":11},"end":{"line":12,"column":13}}]}},"s":{"0":0,"1":0,"2":0},"f":{"0":0},"b":{"0":[0],"1":[0]}}
,"/Users/fernandojesus/Sites/lastro/design-system/src/components/ui/index.ts": {"path":"/Users/fernandojesus/Sites/lastro/design-system/src/components/ui/index.ts","statementMap":{"0":{"start":{"line":2,"column":2},"end":{"line":2,"column":null}},"1":{"start":{"line":3,"column":2},"end":{"line":3,"column":null}},"2":{"start":{"line":4,"column":2},"end":{"line":4,"column":null}},"3":{"start":{"line":5,"column":2},"end":{"line":5,"column":null}},"4":{"start":{"line":7,"column":9},"end":{"line":7,"column":16}},"5":{"start":{"line":7,"column":16},"end":{"line":7,"column":34}},"6":{"start":{"line":9,"column":2},"end":{"line":9,"column":null}},"7":{"start":{"line":10,"column":2},"end":{"line":10,"column":null}},"8":{"start":{"line":11,"column":2},"end":{"line":11,"column":null}},"9":{"start":{"line":12,"column":2},"end":{"line":12,"column":null}},"10":{"start":{"line":13,"column":2},"end":{"line":13,"column":null}},"11":{"start":{"line":14,"column":2},"end":{"line":14,"column":null}},"12":{"start":{"line":15,"column":2},"end":{"line":15,"column":null}},"13":{"start":{"line":16,"column":2},"end":{"line":16,"column":null}},"14":{"start":{"line":17,"column":2},"end":{"line":17,"column":null}},"15":{"start":{"line":18,"column":2},"end":{"line":18,"column":null}},"16":{"start":{"line":19,"column":2},"end":{"line":19,"column":null}},"17":{"start":{"line":20,"column":2},"end":{"line":20,"column":null}},"18":{"start":{"line":7,"column":34},"end":{"line":7,"column":52}},"19":{"start":{"line":22,"column":9},"end":{"line":22,"column":16}},"20":{"start":{"line":23,"column":9},"end":{"line":23,"column":17}},"21":{"start":{"line":24,"column":9},"end":{"line":24,"column":19}},"22":{"start":{"line":24,"column":19},"end":{"line":24,"column":44}},"23":{"start":{"line":26,"column":2},"end":{"line":26,"column":null}},"24":{"start":{"line":27,"column":2},"end":{"line":27,"column":null}},"25":{"start":{"line":28,"column":2},"end":{"line":28,"column":null}},"26":{"start":{"line":29,"column":2},"end":{"line":29,"column":null}},"27":{"start":{"line":30,"column":2},"end":{"line":30,"column":null}},"28":{"start":{"line":31,"column":2},"end":{"line":31,"column":null}},"29":{"start":{"line":33,"column":9},"end":{"line":33,"column":25}},"30":{"start":{"line":36,"column":2},"end":{"line":36,"column":null}},"31":{"start":{"line":37,"column":2},"end":{"line":37,"column":null}},"32":{"start":{"line":38,"column":2},"end":{"line":38,"column":null}},"33":{"start":{"line":39,"column":2},"end":{"line":39,"column":null}},"34":{"start":{"line":40,"column":2},"end":{"line":40,"column":null}},"35":{"start":{"line":41,"column":2},"end":{"line":41,"column":null}},"36":{"start":{"line":43,"column":9},"end":{"line":43,"column":27}},"37":{"start":{"line":183,"column":2},"end":{"line":183,"column":null}},"38":{"start":{"line":184,"column":2},"end":{"line":184,"column":null}},"39":{"start":{"line":45,"column":2},"end":{"line":45,"column":null}},"40":{"start":{"line":46,"column":2},"end":{"line":46,"column":null}},"41":{"start":{"line":47,"column":2},"end":{"line":47,"column":null}},"42":{"start":{"line":48,"column":2},"end":{"line":48,"column":null}},"43":{"start":{"line":49,"column":2},"end":{"line":49,"column":null}},"44":{"start":{"line":50,"column":2},"end":{"line":50,"column":null}},"45":{"start":{"line":51,"column":2},"end":{"line":51,"column":null}},"46":{"start":{"line":52,"column":2},"end":{"line":52,"column":null}},"47":{"start":{"line":53,"column":2},"end":{"line":53,"column":null}},"48":{"start":{"line":54,"column":2},"end":{"line":54,"column":null}},"49":{"start":{"line":55,"column":2},"end":{"line":55,"column":null}},"50":{"start":{"line":58,"column":2},"end":{"line":58,"column":null}},"51":{"start":{"line":59,"column":2},"end":{"line":59,"column":null}},"52":{"start":{"line":60,"column":2},"end":{"line":60,"column":null}},"53":{"start":{"line":61,"column":2},"end":{"line":61,"column":null}},"54":{"start":{"line":62,"column":2},"end":{"line":62,"column":null}},"55":{"start":{"line":63,"column":2},"end":{"line":63,"column":null}},"56":{"start":{"line":64,"column":2},"end":{"line":64,"column":null}},"57":{"start":{"line":65,"column":2},"end":{"line":65,"column":null}},"58":{"start":{"line":66,"column":2},"end":{"line":66,"column":null}},"59":{"start":{"line":67,"column":2},"end":{"line":67,"column":null}},"60":{"start":{"line":68,"column":2},"end":{"line":68,"column":null}},"61":{"start":{"line":75,"column":9},"end":{"line":75,"column":19}},"62":{"start":{"line":75,"column":19},"end":{"line":75,"column":36}},"63":{"start":{"line":75,"column":36},"end":{"line":75,"column":62}},"64":{"start":{"line":140,"column":2},"end":{"line":140,"column":null}},"65":{"start":{"line":77,"column":9},"end":{"line":77,"column":27}},"66":{"start":{"line":79,"column":9},"end":{"line":79,"column":28}},"67":{"start":{"line":81,"column":9},"end":{"line":81,"column":23}},"68":{"start":{"line":83,"column":9},"end":{"line":83,"column":29}},"69":{"start":{"line":85,"column":9},"end":{"line":85,"column":30}},"70":{"start":{"line":87,"column":2},"end":{"line":87,"column":null}},"71":{"start":{"line":88,"column":2},"end":{"line":88,"column":null}},"72":{"start":{"line":89,"column":2},"end":{"line":89,"column":null}},"73":{"start":{"line":90,"column":2},"end":{"line":90,"column":null}},"74":{"start":{"line":91,"column":2},"end":{"line":91,"column":null}},"75":{"start":{"line":92,"column":2},"end":{"line":92,"column":null}},"76":{"start":{"line":93,"column":2},"end":{"line":93,"column":null}},"77":{"start":{"line":97,"column":9},"end":{"line":97,"column":15}},"78":{"start":{"line":99,"column":9},"end":{"line":99,"column":21}},"79":{"start":{"line":101,"column":9},"end":{"line":101,"column":29}},"80":{"start":{"line":103,"column":9},"end":{"line":103,"column":29}},"81":{"start":{"line":104,"column":9},"end":{"line":104,"column":22}},"82":{"start":{"line":106,"column":9},"end":{"line":106,"column":25}},"83":{"start":{"line":107,"column":9},"end":{"line":107,"column":22}},"84":{"start":{"line":109,"column":9},"end":{"line":109,"column":31}},"85":{"start":{"line":125,"column":2},"end":{"line":125,"column":null}},"86":{"start":{"line":126,"column":2},"end":{"line":126,"column":null}},"87":{"start":{"line":127,"column":2},"end":{"line":127,"column":null}},"88":{"start":{"line":128,"column":2},"end":{"line":128,"column":null}},"89":{"start":{"line":129,"column":2},"end":{"line":129,"column":null}},"90":{"start":{"line":130,"column":2},"end":{"line":130,"column":null}},"91":{"start":{"line":131,"column":2},"end":{"line":131,"column":null}},"92":{"start":{"line":132,"column":2},"end":{"line":132,"column":null}},"93":{"start":{"line":133,"column":2},"end":{"line":133,"column":null}},"94":{"start":{"line":134,"column":2},"end":{"line":134,"column":null}},"95":{"start":{"line":144,"column":2},"end":{"line":144,"column":null}},"96":{"start":{"line":145,"column":2},"end":{"line":145,"column":null}},"97":{"start":{"line":146,"column":2},"end":{"line":146,"column":null}},"98":{"start":{"line":147,"column":2},"end":{"line":147,"column":null}},"99":{"start":{"line":135,"column":2},"end":{"line":135,"column":null}},"100":{"start":{"line":149,"column":9},"end":{"line":149,"column":21}},"101":{"start":{"line":149,"column":21},"end":{"line":149,"column":43}},"102":{"start":{"line":150,"column":9},"end":{"line":150,"column":21}},"103":{"start":{"line":150,"column":21},"end":{"line":150,"column":38}},"104":{"start":{"line":152,"column":2},"end":{"line":152,"column":null}},"105":{"start":{"line":153,"column":2},"end":{"line":153,"column":null}},"106":{"start":{"line":154,"column":2},"end":{"line":154,"column":null}},"107":{"start":{"line":155,"column":2},"end":{"line":155,"column":null}},"108":{"start":{"line":156,"column":2},"end":{"line":156,"column":null}},"109":{"start":{"line":157,"column":2},"end":{"line":157,"column":null}},"110":{"start":{"line":158,"column":2},"end":{"line":158,"column":null}},"111":{"start":{"line":159,"column":2},"end":{"line":159,"column":null}},"112":{"start":{"line":161,"column":9},"end":{"line":161,"column":25}},"113":{"start":{"line":162,"column":9},"end":{"line":162,"column":24}},"114":{"start":{"line":164,"column":9},"end":{"line":164,"column":24}},"115":{"start":{"line":166,"column":9},"end":{"line":166,"column":17}},"116":{"start":{"line":167,"column":9},"end":{"line":167,"column":25}},"117":{"start":{"line":168,"column":9},"end":{"line":168,"column":24}},"118":{"start":{"line":169,"column":9},"end":{"line":169,"column":34}},"119":{"start":{"line":171,"column":2},"end":{"line":171,"column":null}},"120":{"start":{"line":172,"column":2},"end":{"line":172,"column":null}},"121":{"start":{"line":173,"column":2},"end":{"line":173,"column":null}},"122":{"start":{"line":174,"column":2},"end":{"line":174,"column":null}},"123":{"start":{"line":188,"column":2},"end":{"line":188,"column":null}},"124":{"start":{"line":189,"column":2},"end":{"line":189,"column":null}},"125":{"start":{"line":22,"column":16},"end":{"line":22,"column":37}},"126":{"start":{"line":23,"column":17},"end":{"line":23,"column":39}},"127":{"start":{"line":141,"column":2},"end":{"line":141,"column":null}},"128":{"start":{"line":81,"column":23},"end":{"line":81,"column":42}},"129":{"start":{"line":99,"column":21},"end":{"line":99,"column":47}},"130":{"start":{"line":97,"column":15},"end":{"line":97,"column":35}},"131":{"start":{"line":166,"column":17},"end":{"line":166,"column":39}},"132":{"start":{"line":94,"column":2},"end":{"line":94,"column":null}},"133":{"start":{"line":136,"column":2},"end":{"line":136,"column":null}},"134":{"start":{"line":137,"column":2},"end":{"line":137,"column":null}},"135":{"start":{"line":185,"column":2},"end":{"line":185,"column":null}},"136":{"start":{"line":186,"column":2},"end":{"line":186,"column":null}},"137":{"start":{"line":187,"column":2},"end":{"line":187,"column":null}},"138":{"start":{"line":6,"column":7},"end":{"line":6,"column":null}},"139":{"start":{"line":7,"column":52},"end":{"line":7,"column":null}},"140":{"start":{"line":21,"column":7},"end":{"line":21,"column":null}},"141":{"start":{"line":22,"column":37},"end":{"line":22,"column":null}},"142":{"start":{"line":23,"column":39},"end":{"line":23,"column":null}},"143":{"start":{"line":24,"column":44},"end":{"line":24,"column":null}},"144":{"start":{"line":32,"column":7},"end":{"line":32,"column":null}},"145":{"start":{"line":33,"column":25},"end":{"line":33,"column":null}},"146":{"start":{"line":42,"column":7},"end":{"line":42,"column":null}},"147":{"start":{"line":43,"column":27},"end":{"line":43,"column":null}},"148":{"start":{"line":56,"column":7},"end":{"line":56,"column":null}},"149":{"start":{"line":69,"column":7},"end":{"line":69,"column":null}},"150":{"start":{"line":75,"column":62},"end":{"line":75,"column":null}},"151":{"start":{"line":77,"column":27},"end":{"line":77,"column":null}},"152":{"start":{"line":79,"column":28},"end":{"line":79,"column":null}},"153":{"start":{"line":81,"column":42},"end":{"line":81,"column":null}},"154":{"start":{"line":83,"column":29},"end":{"line":83,"column":null}},"155":{"start":{"line":85,"column":30},"end":{"line":85,"column":null}},"156":{"start":{"line":95,"column":7},"end":{"line":95,"column":null}},"157":{"start":{"line":97,"column":35},"end":{"line":97,"column":null}},"158":{"start":{"line":99,"column":47},"end":{"line":99,"column":null}},"159":{"start":{"line":101,"column":29},"end":{"line":101,"column":null}},"160":{"start":{"line":103,"column":29},"end":{"line":103,"column":null}},"161":{"start":{"line":104,"column":22},"end":{"line":104,"column":null}},"162":{"start":{"line":106,"column":25},"end":{"line":106,"column":null}},"163":{"start":{"line":107,"column":22},"end":{"line":107,"column":null}},"164":{"start":{"line":109,"column":31},"end":{"line":109,"column":null}},"165":{"start":{"line":138,"column":7},"end":{"line":138,"column":null}},"166":{"start":{"line":142,"column":7},"end":{"line":142,"column":null}},"167":{"start":{"line":148,"column":7},"end":{"line":148,"column":null}},"168":{"start":{"line":149,"column":43},"end":{"line":149,"column":null}},"169":{"start":{"line":150,"column":38},"end":{"line":150,"column":null}},"170":{"start":{"line":160,"column":7},"end":{"line":160,"column":null}},"171":{"start":{"line":161,"column":25},"end":{"line":161,"column":null}},"172":{"start":{"line":162,"column":24},"end":{"line":162,"column":null}},"173":{"start":{"line":164,"column":24},"end":{"line":164,"column":null}},"174":{"start":{"line":166,"column":39},"end":{"line":166,"column":null}},"175":{"start":{"line":167,"column":25},"end":{"line":167,"column":null}},"176":{"start":{"line":168,"column":24},"end":{"line":168,"column":null}},"177":{"start":{"line":169,"column":34},"end":{"line":169,"column":null}},"178":{"start":{"line":175,"column":7},"end":{"line":175,"column":null}},"179":{"start":{"line":190,"column":7},"end":{"line":190,"column":null}}},"fnMap":{},"branchMap":{},"s":{"0":0,"1":0,"2":0,"3":0,"4":0,"5":0,"6":0,"7":0,"8":0,"9":0,"10":0,"11":0,"12":0,"13":0,"14":0,"15":0,"16":0,"17":0,"18":0,"19":0,"20":0,"21":64,"22":0,"23":0,"24":0,"25":0,"26":0,"27":0,"28":0,"29":0,"30":0,"31":0,"32":0,"33":0,"34":0,"35":0,"36":0,"37":0,"38":0,"39":0,"40":0,"41":0,"42":0,"43":0,"44":0,"45":0,"46":0,"47":0,"48":0,"49":0,"50":0,"51":0,"52":0,"53":0,"54":0,"55":0,"56":0,"57":0,"58":0,"59":0,"60":0,"61":0,"62":0,"63":0,"64":0,"65":0,"66":0,"67":0,"68":0,"69":0,"70":0,"71":0,"72":0,"73":0,"74":0,"75":0,"76":0,"77":0,"78":0,"79":0,"80":0,"81":0,"82":0,"83":0,"84":0,"85":0,"86":0,"87":0,"88":0,"89":0,"90":0,"91":0,"92":0,"93":0,"94":0,"95":64,"96":0,"97":64,"98":64,"99":0,"100":0,"101":0,"102":0,"103":0,"104":0,"105":0,"106":0,"107":0,"108":0,"109":0,"110":0,"111":0,"112":0,"113":0,"114":0,"115":0,"116":0,"117":0,"118":0,"119":0,"120":0,"121":0,"122":0,"123":0,"124":0,"125":0,"126":0,"127":0,"128":0,"129":0,"130":0,"131":0,"132":0,"133":0,"134":0,"135":0,"136":0,"137":0,"138":1,"139":1,"140":1,"141":1,"142":1,"143":1,"144":1,"145":1,"146":1,"147":1,"148":1,"149":1,"150":1,"151":1,"152":1,"153":1,"154":1,"155":1,"156":1,"157":1,"158":1,"159":1,"160":1,"161":1,"162":1,"163":1,"164":1,"165":1,"166":1,"167":1,"168":1,"169":1,"170":1,"171":1,"172":1,"173":1,"174":1,"175":1,"176":1,"177":1,"178":1,"179":1},"f":{},"b":{}}
,"/Users/fernandojesus/Sites/lastro/design-system/src/components/ui/Accordion/Accordion.tsx": {"path":"/Users/fernandojesus/Sites/lastro/design-system/src/components/ui/Accordion/Accordion.tsx","statementMap":{"0":{"start":{"line":82,"column":9},"end":{"line":82,"column":20}},"1":{"start":{"line":82,"column":53},"end":{"line":82,"column":null}},"2":{"start":{"line":82,"column":20},"end":{"line":82,"column":35}},"3":{"start":{"line":82,"column":35},"end":{"line":82,"column":53}},"4":{"start":{"line":3,"column":36},"end":{"line":3,"column":null}},"5":{"start":{"line":5,"column":19},"end":{"line":5,"column":null}},"6":{"start":{"line":6,"column":32},"end":{"line":6,"column":null}},"7":{"start":{"line":14,"column":0},"end":{"line":14,"column":null}},"8":{"start":{"line":29,"column":0},"end":{"line":29,"column":null}},"9":{"start":{"line":62,"column":0},"end":{"line":62,"column":null}},"10":{"start":{"line":80,"column":0},"end":{"line":80,"column":null}}},"fnMap":{"0":{"name":"Accordion","decl":{"start":{"line":8,"column":9},"end":{"line":8,"column":19}},"loc":{"start":{"line":10,"column":55},"end":{"line":12,"column":null}}},"1":{"name":"AccordionItem","decl":{"start":{"line":16,"column":9},"end":{"line":16,"column":23}},"loc":{"start":{"line":19,"column":55},"end":{"line":27,"column":null}}},"2":{"name":"AccordionTrigger","decl":{"start":{"line":31,"column":9},"end":{"line":31,"column":26}},"loc":{"start":{"line":35,"column":58},"end":{"line":60,"column":null}}},"3":{"name":"AccordionContent","decl":{"start":{"line":64,"column":9},"end":{"line":64,"column":26}},"loc":{"start":{"line":68,"column":58},"end":{"line":78,"column":null}}}},"branchMap":{},"s":{"0":9,"1":8,"2":8,"3":8,"4":2,"5":2,"6":2,"7":2,"8":2,"9":2,"10":2},"f":{"0":9,"1":8,"2":8,"3":8},"b":{}}
,"/Users/fernandojesus/Sites/lastro/design-system/src/components/ui/Accordion/index.ts": {"path":"/Users/fernandojesus/Sites/lastro/design-system/src/components/ui/Accordion/index.ts","statementMap":{"0":{"start":{"line":2,"column":2},"end":{"line":2,"column":null}},"1":{"start":{"line":3,"column":2},"end":{"line":3,"column":null}},"2":{"start":{"line":4,"column":2},"end":{"line":4,"column":null}},"3":{"start":{"line":5,"column":2},"end":{"line":5,"column":null}},"4":{"start":{"line":6,"column":7},"end":{"line":6,"column":null}}},"fnMap":{},"branchMap":{},"s":{"0":0,"1":0,"2":0,"3":0,"4":1},"f":{},"b":{}}
,"/Users/fernandojesus/Sites/lastro/design-system/src/components/ui/Alert/Alert.tsx": {"path":"/Users/fernandojesus/Sites/lastro/design-system/src/components/ui/Alert/Alert.tsx","statementMap":{"0":{"start":{"line":116,"column":9},"end":{"line":116,"column":16}},"1":{"start":{"line":116,"column":16},"end":{"line":116,"column":34}},"2":{"start":{"line":116,"column":34},"end":{"line":116,"column":null}},"3":{"start":{"line":3,"column":39},"end":{"line":3,"column":null}},"4":{"start":{"line":5,"column":42},"end":{"line":5,"column":null}},"5":{"start":{"line":6,"column":19},"end":{"line":6,"column":null}},"6":{"start":{"line":12,"column":7},"end":{"line":12,"column":null}},"7":{"start":{"line":18,"column":21},"end":{"line":18,"column":null}},"8":{"start":{"line":20,"column":24},"end":{"line":28,"column":null}},"9":{"start":{"line":21,"column":18},"end":{"line":21,"column":null}},"10":{"start":{"line":22,"column":2},"end":{"line":26,"column":null}},"11":{"start":{"line":23,"column":4},"end":{"line":24,"column":null}},"12":{"start":{"line":27,"column":2},"end":{"line":27,"column":null}},"13":{"start":{"line":30,"column":22},"end":{"line":44,"column":null}},"14":{"start":{"line":52,"column":24},"end":{"line":52,"column":null}},"15":{"start":{"line":69,"column":23},"end":{"line":69,"column":null}},"16":{"start":{"line":71,"column":15},"end":{"line":76,"column":13}},"17":{"start":{"line":78,"column":27},"end":{"line":83,"column":13}},"18":{"start":{"line":105,"column":2},"end":{"line":105,"column":null}}},"fnMap":{"0":{"name":"(anonymous_4)","decl":{"start":{"line":20,"column":24},"end":{"line":20,"column":null}},"loc":{"start":{"line":20,"column":24},"end":{"line":28,"column":null}}},"1":{"name":"Alert","decl":{"start":{"line":47,"column":9},"end":{"line":47,"column":15}},"loc":{"start":{"line":51,"column":67},"end":{"line":66,"column":null}}},"2":{"name":"AlertTitle","decl":{"start":{"line":68,"column":9},"end":{"line":68,"column":20}},"loc":{"start":{"line":68,"column":72},"end":{"line":98,"column":null}}},"3":{"name":"AlertDescription","decl":{"start":{"line":100,"column":9},"end":{"line":100,"column":26}},"loc":{"start":{"line":103,"column":30},"end":{"line":114,"column":null}}}},"branchMap":{"0":{"loc":{"start":{"line":22,"column":2},"end":{"line":26,"column":null}},"type":"if","locations":[{"start":{"line":22,"column":2},"end":{"line":26,"column":null}},{"start":{},"end":{}}]},"1":{"loc":{"start":{"line":49,"column":2},"end":{"line":49,"column":22}},"type":"default-arg","locations":[{"start":{"line":49,"column":13},"end":{"line":49,"column":22}}]},"2":{"loc":{"start":{"line":52,"column":24},"end":{"line":52,"column":null}},"type":"binary-expr","locations":[{"start":{"line":52,"column":24},"end":{"line":52,"column":36}},{"start":{"line":52,"column":36},"end":{"line":52,"column":null}}]}},"s":{"0":11,"1":2,"2":2,"3":2,"4":2,"5":2,"6":2,"7":2,"8":2,"9":4,"10":4,"11":0,"12":4,"13":2,"14":11,"15":2,"16":2,"17":2,"18":2},"f":{"0":4,"1":11,"2":2,"3":2},"b":{"0":[0,4],"1":[7],"2":[11,0]}}
,"/Users/fernandojesus/Sites/lastro/design-system/src/components/ui/Alert/index.ts": {"path":"/Users/fernandojesus/Sites/lastro/design-system/src/components/ui/Alert/index.ts","statementMap":{"0":{"start":{"line":1,"column":9},"end":{"line":1,"column":16}},"1":{"start":{"line":1,"column":16},"end":{"line":1,"column":34}},"2":{"start":{"line":1,"column":34},"end":{"line":1,"column":52}},"3":{"start":{"line":1,"column":52},"end":{"line":1,"column":null}}},"fnMap":{},"branchMap":{},"s":{"0":0,"1":0,"2":0,"3":1},"f":{},"b":{}}
,"/Users/fernandojesus/Sites/lastro/design-system/src/components/ui/AlertDialog/AlertDialog.tsx": {"path":"/Users/fernandojesus/Sites/lastro/design-system/src/components/ui/AlertDialog/AlertDialog.tsx","statementMap":{"0":{"start":{"line":254,"column":2},"end":{"line":254,"column":null}},"1":{"start":{"line":255,"column":2},"end":{"line":255,"column":null}},"2":{"start":{"line":256,"column":2},"end":{"line":256,"column":null}},"3":{"start":{"line":257,"column":2},"end":{"line":257,"column":null}},"4":{"start":{"line":258,"column":2},"end":{"line":258,"column":null}},"5":{"start":{"line":259,"column":2},"end":{"line":259,"column":null}},"6":{"start":{"line":260,"column":2},"end":{"line":260,"column":null}},"7":{"start":{"line":261,"column":2},"end":{"line":261,"column":null}},"8":{"start":{"line":262,"column":2},"end":{"line":262,"column":null}},"9":{"start":{"line":263,"column":2},"end":{"line":263,"column":null}},"10":{"start":{"line":264,"column":2},"end":{"line":264,"column":null}},"11":{"start":{"line":265,"column":2},"end":{"line":265,"column":null}},"12":{"start":{"line":3,"column":38},"end":{"line":3,"column":null}},"13":{"start":{"line":5,"column":19},"end":{"line":5,"column":null}},"14":{"start":{"line":6,"column":23},"end":{"line":6,"column":null}}},"fnMap":{"0":{"name":"AlertDialogRoot","decl":{"start":{"line":8,"column":9},"end":{"line":8,"column":25}},"loc":{"start":{"line":10,"column":57},"end":{"line":12,"column":null}}},"1":{"name":"AlertDialogTrigger","decl":{"start":{"line":14,"column":9},"end":{"line":14,"column":28}},"loc":{"start":{"line":16,"column":60},"end":{"line":20,"column":null}}},"2":{"name":"AlertDialogPortal","decl":{"start":{"line":22,"column":9},"end":{"line":22,"column":27}},"loc":{"start":{"line":24,"column":59},"end":{"line":28,"column":null}}},"3":{"name":"AlertDialogOverlay","decl":{"start":{"line":30,"column":9},"end":{"line":30,"column":28}},"loc":{"start":{"line":33,"column":60},"end":{"line":44,"column":null}}},"4":{"name":"AlertDialogContent","decl":{"start":{"line":49,"column":9},"end":{"line":49,"column":28}},"loc":{"start":{"line":49,"column":76},"end":{"line":63,"column":null}}},"5":{"name":"AlertDialogHeader","decl":{"start":{"line":65,"column":9},"end":{"line":65,"column":27}},"loc":{"start":{"line":68,"column":30},"end":{"line":76,"column":null}}},"6":{"name":"AlertDialogFooter","decl":{"start":{"line":78,"column":9},"end":{"line":78,"column":27}},"loc":{"start":{"line":81,"column":30},"end":{"line":89,"column":null}}},"7":{"name":"AlertDialogTitle","decl":{"start":{"line":91,"column":9},"end":{"line":91,"column":26}},"loc":{"start":{"line":94,"column":58},"end":{"line":102,"column":null}}},"8":{"name":"AlertDialogDescription","decl":{"start":{"line":104,"column":9},"end":{"line":104,"column":32}},"loc":{"start":{"line":107,"column":64},"end":{"line":115,"column":null}}},"9":{"name":"AlertDialogAction","decl":{"start":{"line":117,"column":9},"end":{"line":117,"column":27}},"loc":{"start":{"line":132,"column":1},"end":{"line":147,"column":null}}},"10":{"name":"AlertDialogCancel","decl":{"start":{"line":149,"column":9},"end":{"line":149,"column":27}},"loc":{"start":{"line":162,"column":1},"end":{"line":176,"column":null}}},"11":{"name":"AlertDialog","decl":{"start":{"line":199,"column":9},"end":{"line":199,"column":21}},"loc":{"start":{"line":217,"column":19},"end":{"line":251,"column":null}}}},"branchMap":{"0":{"loc":{"start":{"line":119,"column":2},"end":{"line":119,"column":23}},"type":"default-arg","locations":[{"start":{"line":119,"column":12},"end":{"line":119,"column":23}}]},"1":{"loc":{"start":{"line":120,"column":2},"end":{"line":120,"column":18}},"type":"default-arg","locations":[{"start":{"line":120,"column":10},"end":{"line":120,"column":18}}]},"2":{"loc":{"start":{"line":121,"column":2},"end":{"line":121,"column":17}},"type":"default-arg","locations":[{"start":{"line":121,"column":9},"end":{"line":121,"column":17}}]},"3":{"loc":{"start":{"line":151,"column":2},"end":{"line":151,"column":22}},"type":"default-arg","locations":[{"start":{"line":151,"column":12},"end":{"line":151,"column":22}}]},"4":{"loc":{"start":{"line":152,"column":2},"end":{"line":152,"column":18}},"type":"default-arg","locations":[{"start":{"line":152,"column":10},"end":{"line":152,"column":18}}]},"5":{"loc":{"start":{"line":153,"column":2},"end":{"line":153,"column":17}},"
[...]
},"20":{"start":{"line":47,"column":4},"end":{"line":50,"column":null}},"21":{"start":{"line":48,"column":6},"end":{"line":48,"column":null}},"22":{"start":{"line":49,"column":6},"end":{"line":49,"column":null}},"23":{"start":{"line":52,"column":4},"end":{"line":52,"column":null}},"24":{"start":{"line":53,"column":4},"end":{"line":53,"column":null}},"25":{"start":{"line":56,"column":4},"end":{"line":59,"column":null}},"26":{"start":{"line":57,"column":6},"end":{"line":57,"column":null}},"27":{"start":{"line":58,"column":6},"end":{"line":58,"column":null}},"28":{"start":{"line":69,"column":37},"end":{"line":82,"column":null}},"29":{"start":{"line":74,"column":25},"end":{"line":74,"column":null}},"30":{"start":{"line":76,"column":2},"end":{"line":78,"column":null}},"31":{"start":{"line":77,"column":4},"end":{"line":77,"column":null}},"32":{"start":{"line":79,"column":28},"end":{"line":79,"column":null}},"33":{"start":{"line":81,"column":2},"end":{"line":81,"column":null}},"34":{"start":{"line":89,"column":32},"end":{"line":92,"column":null}},"35":{"start":{"line":90,"column":19},"end":{"line":90,"column":40}},"36":{"start":{"line":91,"column":2},"end":{"line":91,"column":null}},"37":{"start":{"line":99,"column":40},"end":{"line":106,"column":null}},"38":{"start":{"line":100,"column":26},"end":{"line":100,"column":28}},"39":{"start":{"line":101,"column":2},"end":{"line":104,"column":null}},"40":{"start":{"line":101,"column":15},"end":{"line":101,"column":18}},"41":{"start":{"line":102,"column":18},"end":{"line":102,"column":null}},"42":{"start":{"line":103,"column":4},"end":{"line":103,"column":null}},"43":{"start":{"line":105,"column":2},"end":{"line":105,"column":null}},"44":{"start":{"line":113,"column":35},"end":{"line":121,"column":null}},"45":{"start":{"line":114,"column":23},"end":{"line":114,"column":null}},"46":{"start":{"line":115,"column":2},"end":{"line":119,"column":null}},"47":{"start":{"line":116,"column":4},"end":{"line":116,"column":null}},"48":{"start":{"line":117,"column":9},"end":{"line":119,"column":null}},"49":{"start":{"line":118,"column":4},"end":{"line":118,"column":null}},"50":{"start":{"line":120,"column":2},"end":{"line":120,"column":null}}},"fnMap":{"0":{"name":"(anonymous_6)","decl":{"start":{"line":18,"column":32},"end":{"line":18,"column":null}},"loc":{"start":{"line":22,"column":18},"end":{"line":61,"column":null}}},"1":{"name":"(anonymous_7)","decl":{"start":{"line":24,"column":21},"end":{"line":24,"column":22}},"loc":{"start":{"line":24,"column":22},"end":{"line":60,"column":null}}},"2":{"name":"(anonymous_8)","decl":{"start":{"line":32,"column":19},"end":{"line":32,"column":null}},"loc":{"start":{"line":32,"column":19},"end":{"line":35,"column":null}}},"3":{"name":"(anonymous_9)","decl":{"start":{"line":37,"column":20},"end":{"line":37,"column":null}},"loc":{"start":{"line":37,"column":20},"end":{"line":40,"column":null}}},"4":{"name":"(anonymous_10)","decl":{"start":{"line":42,"column":20},"end":{"line":42,"column":null}},"loc":{"start":{"line":42,"column":20},"end":{"line":45,"column":null}}},"5":{"name":"(anonymous_11)","decl":{"start":{"line":56,"column":15},"end":{"line":56,"column":null}},"loc":{"start":{"line":56,"column":15},"end":{"line":59,"column":7}}},"6":{"name":"(anonymous_12)","decl":{"start":{"line":69,"column":37},"end":{"line":69,"column":null}},"loc":{"start":{"line":71,"column":2},"end":{"line":82,"column":null}}},"7":{"name":"(anonymous_13)","decl":{"start":{"line":89,"column":32},"end":{"line":89,"column":33}},"loc":{"start":{"line":89,"column":33},"end":{"line":92,"column":null}}},"8":{"name":"(anonymous_14)","decl":{"start":{"line":99,"column":40},"end":{"line":99,"column":41}},"loc":{"start":{"line":99,"column":41},"end":{"line":106,"column":null}}},"9":{"name":"(anonymous_15)","decl":{"start":{"line":113,"column":35},"end":{"line":113,"column":36}},"loc":{"start":{"line":113,"column":36},"end":{"line":121,"column":null}}}},"branchMap":{"0":{"loc":{"start":{"line":22,"column":2},"end":{"line":22,"column":18}},"type":"default-arg","locations":[{"start":{"line":22,"column":14},"end":{"line":22,"column":18}}]},"1":{"loc":{"start":{"line":25,"column":4},"end":{"line":29,"column":null}},"type":"if","locations":[{"start":{"line":25,"column":4},"end":{"line":29,"column":null}},{"start":{"line":27,"column":11},"end":{"line":29,"column":null}}]},"2":{"loc":{"start":{"line":47,"column":4},"end":{"line":50,"column":null}},"type":"if","locations":[{"start":{"line":47,"column":4},"end":{"line":50,"column":null}},{"start":{},"end":{}}]},"3":{"loc":{"start":{"line":76,"column":2},"end":{"line":78,"column":null}},"type":"if","locations":[{"start":{"line":76,"column":2},"end":{"line":78,"column":null}},{"start":{},"end":{}}]},"4":{"loc":{"start":{"line":91,"column":9},"end":{"line":91,"column":null}},"type":"cond-expr","locations":[{"start":{"line":91,"column":53},"end":{"line":91,"column":64}},{"start":{"line":91,"column":64},"end":{"line":91,"column":null}}]},"5":{"loc":{"start":{"line":91,"column":9},"end":{"line":91,"column":53}},"type":"binary-expr","locations":[{"start":{"line":91,"column":9},"end":{"line":91,"column":38}},{"start":{"line":91,"column":38},"end":{"line":91,"column":53}}]},"6":{"loc":{"start":{"line":115,"column":2},"end":{"line":119,"column":null}},"type":"if","locations":[{"start":{"line":115,"column":2},"end":{"line":119,"column":null}},{"start":{"line":117,"column":9},"end":{"line":119,"column":null}}]},"7":{"loc":{"start":{"line":117,"column":9},"end":{"line":119,"column":null}},"type":"if","locations":[{"start":{"line":117,"column":9},"end":{"line":119,"column":null}},{"start":{},"end":{}}]}},"s":{"0":0,"1":0,"2":0,"3":0,"4":0,"5":1,"6":0,"7":0,"8":0,"9":0,"10":0,"11":0,"12":0,"13":0,"14":0,"15":0,"16":0,"17":0,"18":0,"19":0,"20":0,"21":0,"22":0,"23":0,"24":0,"25":0,"26":0,"27":0,"28":1,"29":0,"30":0,"31":0,"32":0,"33":0,"34":1,"35":0,"36":0,"37":1,"38":0,"39":0,"40":0,"41":0,"42":0,"43":0,"44":1,"45":0,"46":0,"47":0,"48":0,"49":0,"50":0},"f":{"0":0,"1":0,"2":0,"3":0,"4":0,"5":0,"6":0,"7":0,"8":0,"9":0},"b":{"0":[0],"1":[0,0],"2":[0,0],"3":[0,0],"4":[0,0],"5":[0,0],"6":[0,0],"7":[0,0]}}
,"/Users/fernandojesus/Sites/lastro/design-system/src/components/ui/Waveform/utils/browser.ts": {"path":"/Users/fernandojesus/Sites/lastro/design-system/src/components/ui/Waveform/utils/browser.ts","statementMap":{"0":{"start":{"line":128,"column":13},"end":{"line":128,"column":33}},"1":{"start":{"line":55,"column":13},"end":{"line":55,"column":36}},"2":{"start":{"line":41,"column":13},"end":{"line":41,"column":24}},"3":{"start":{"line":18,"column":13},"end":{"line":18,"column":22}},"4":{"start":{"line":8,"column":13},"end":{"line":8,"column":25}},"5":{"start":{"line":28,"column":13},"end":{"line":28,"column":24}},"6":{"start":{"line":98,"column":13},"end":{"line":98,"column":38}},"7":{"start":{"line":8,"column":25},"end":{"line":13,"column":null}},"8":{"start":{"line":9,"column":2},"end":{"line":11,"column":null}},"9":{"start":{"line":10,"column":4},"end":{"line":10,"column":null}},"10":{"start":{"line":12,"column":2},"end":{"line":12,"column":null}},"11":{"start":{"line":18,"column":22},"end":{"line":23,"column":null}},"12":{"start":{"line":19,"column":2},"end":{"line":21,"column":null}},"13":{"start":{"line":20,"column":4},"end":{"line":20,"column":null}},"14":{"start":{"line":22,"column":2},"end":{"line":22,"column":null}},"15":{"start":{"line":28,"column":24},"end":{"line":36,"column":null}},"16":{"start":{"line":29,"column":2},"end":{"line":31,"column":null}},"17":{"start":{"line":30,"column":4},"end":{"line":30,"column":null}},"18":{"start":{"line":32,"column":2},"end":{"line":34,"column":null}},"19":{"start":{"line":41,"column":24},"end":{"line":49,"column":null}},"20":{"start":{"line":42,"column":2},"end":{"line":44,"column":null}},"21":{"start":{"line":43,"column":4},"end":{"line":43,"column":null}},"22":{"start":{"line":45,"column":2},"end":{"line":47,"column":null}},"23":{"start":{"line":55,"column":36},"end":{"line":90,"column":null}},"24":{"start":{"line":56,"column":2},"end":{"line":58,"column":null}},"25":{"start":{"line":57,"column":4},"end":{"line":57,"column":null}},"26":{"start":{"line":61,"column":2},"end":{"line":74,"column":null}},"27":{"start":{"line":62,"column":25},"end":{"line":67,"column":null}},"28":{"start":{"line":68,"column":4},"end":{"line":72,"column":null}},"29":{"start":{"line":69,"column":6},"end":{"line":71,"column":null}},"30":{"start":{"line":70,"column":8},"end":{"line":70,"column":null}},"31":{"start":{"line":73,"column":4},"end":{"line":73,"column":null}},"32":{"start":{"line":77,"column":23},"end":{"line":82,"column":null}},"33":{"start":{"line":83,"column":2},"end":{"line":87,"column":null}},"34":{"start":{"line":84,"column":4},"end":{"line":86,"column":null}},"35":{"start":{"line":85,"column":6},"end":{"line":85,"column":null}},"36":{"start":{"line":89,"column":2},"end":{"line":89,"column":null}},"37":{"start":{"line":98,"column":38},"end":{"line":121,"column":null}},"38":{"start":{"line":99,"column":2},"end":{"line":101,"column":null}},"39":{"start":{"line":100,"column":4},"end":{"line":100,"column":null}},"40":{"start":{"line":104,"column":2},"end":{"line":110,"column":null}},"41":{"start":{"line":109,"column":4},"end":{"line":109,"column":null}},"42":{"start":{"line":113,"column":2},"end":{"line":115,"column":null}},"43":{"start":{"line":114,"column":4},"end":{"line":114,"column":null}},"44":{"start":{"line":116,"column":2},"end":{"line":118,"column":null}},"45":{"start":{"line":117,"column":4},"end":{"line":117,"column":null}},"46":{"start":{"line":120,"column":2},"end":{"line":120,"column":null}},"47":{"start":{"line":128,"column":33},"end":{"line":136,"column":null}},"48":{"start":{"line":129,"column":2},"end":{"line":131,"column":null}},"49":{"start":{"line":130,"column":4},"end":{"line":130,"column":null}},"50":{"start":{"line":132,"column":2},"end":{"line":134,"column":null}},"51":{"start":{"line":133,"column":4},"end":{"line":133,"column":null}},"52":{"start":{"line":135,"column":2},"end":{"line":135,"column":null}}},"fnMap":{"0":{"name":"(anonymous_8)","decl":{"start":{"line":8,"column":25},"end":{"line":8,"column":null}},"loc":{"start":{"line":8,"column":25},"end":{"line":13,"column":null}}},"1":{"name":"(anonymous_9)","decl":{"start":{"line":18,"column":22},"end":{"line":18,"column":null}},"loc":{"start":{"line":18,"column":22},"end":{"line":23,"column":null}}},"2":{"name":"(anonymous_10)","decl":{"start":{"line":28,"column":24},"end":{"line":28,"column":null}},"loc":{"start":{"line":28,"column":24},"end":{"line":36,"column":null}}},"3":{"name":"(anonymous_11)","decl":{"start":{"line":41,"column":24},"end":{"line":41,"column":null}},"loc":{"start":{"line":41,"column":24},"end":{"line":49,"column":null}}},"4":{"name":"(anonymous_12)","decl":{"start":{"line":55,"column":36},"end":{"line":55,"column":null}},"loc":{"start":{"line":55,"column":36},"end":{"line":90,"column":null}}},"5":{"name":"(anonymous_13)","decl":{"start":{"line":98,"column":38},"end":{"line":98,"column":39}},"loc":{"start":{"line":98,"column":39},"end":{"line":121,"column":null}}},"6":{"name":"(anonymous_14)","decl":{"start":{"line":128,"column":33},"end":{"line":128,"column":34}},"loc":{"start":{"line":128,"column":34},"end":{"line":136,"column":null}}}},"branchMap":{"0":{"loc":{"start":{"line":9,"column":2},"end":{"line":11,"column":null}},"type":"if","locations":[{"start":{"line":9,"column":2},"end":{"line":11,"column":null}},{"start":{},"end":{}}]},"1":{"loc":{"start":{"line":19,"column":2},"end":{"line":21,"column":null}},"type":"if","locations":[{"start":{"line":19,"column":2},"end":{"line":21,"column":null}},{"start":{},"end":{}}]},"2":{"loc":{"start":{"line":29,"column":2},"end":{"line":31,"column":null}},"type":"if","locations":[{"start":{"line":29,"column":2},"end":{"line":31,"column":null}},{"start":{},"end":{}}]},"3":{"loc":{"start":{"line":33,"column":4},"end":{"line":34,"column":null}},"type":"binary-expr","locations":[{"start":{"line":33,"column":4},"end":{"line":33,"column":null}},{"start":{"line":34,"column":4},"end":{"line":34,"column":null}}]},"4":{"loc":{"start":{"line":42,"column":2},"end":{"line":44,"column":null}},"type":"if","locations":[{"start":{"line":42,"column":2},"end":{"line":44,"column":null}},{"start":{},"end":{}}]},"5":{"loc":{"start":{"line":46,"column":4},"end":{"line":47,"column":null}},"type":"binary-expr","locations":[{"start":{"line":46,"column":4},"end":{"line":46,"column":null}},{"start":{"line":47,"column":4},"end":{"line":47,"column":null}}]},"6":{"loc":{"start":{"line":56,"column":2},"end":{"line":58,"column":null}},"type":"if","locations":[{"start":{"line":56,"column":2},"end":{"line":58,"column":null}},{"start":{},"end":{}}]},"7":{"loc":{"start":{"line":61,"column":2},"end":{"line":74,"column":null}},"type":"if","locations":[{"start":{"line":61,"column":2},"end":{"line":74,"column":null}},{"start":{},"end":{}}]},"8":{"loc":{"start":{"line":69,"column":6},"end":{"line":71,"column":null}},"type":"if","locations":[{"start":{"line":69,"column":6},"end":{"line":71,"column":null}},{"start":{},"end":{}}]},"9":{"loc":{"start":{"line":84,"column":4},"end":{"line":86,"column":null}},"type":"if","locations":[{"start":{"line":84,"column":4},"end":{"line":86,"column":null}},{"start":{},"end":{}}]},"10":{"loc":{"start":{"line":99,"column":2},"end":{"line":101,"column":null}},"type":"if","locations":[{"start":{"line":99,"column":2},"end":{"line":101,"column":null}},{"start":{},"end":{}}]},"11":{"loc":{"start":{"line":100,"column":11},"end":{"line":100,"column":null}},"type":"cond-expr","locations":[{"start":{"line":100,"column":25},"end":{"line":100,"column":39}},{"start":{"line":100,"column":39},"end":{"line":100,"column":null}}]},"12":{"loc":{"start":{"line":104,"column":2},"end":{"line":110,"column":null}},"type":"if","locations":[{"start":{"line":104,"column":2},"end":{"line":110,"column":null}},{"start":{},"end":{}}]},"13":{"loc":{"start":{"line":105,"column":4},"end":{"line":107,"column":null}},"type":"binary-expr","locations":[{"start":{"line":105,"column":4},"end":{"line":105,"column":null}},{"start":{"line":106,"column":4},"end":{"line":106,"column":null}},{"start":{"line":107,"column":4},"end":{"line":107,"column":null}}]},"14":{"loc":{"start":{"line":109,"column":11},"end":{"line":109,"column":null}},"type":"cond-expr","locations":[{"start":{"line":109,"column":25},"end":{"line":109,"column":39}},{"start":{"line":109,"column":39},"end":{"line":109,"column":null}}]},"15":{"loc":{"start":{"line":113,"column":2},"end":{"line":115,"column":null}},"type":"if","locations":[{"start":{"line":113,"column":2},"end":{"line":115,"column":null}},{"start":{},"end":{}}]},"16":{"loc":{"start":{"line":113,"column":6},"end":{"line":113,"column":64}},"type":"binary-expr","locations":[{"start":{"line":113,"column":6},"end":{"line":113,"column":34}},{"start":{"line":113,"column":34},"end":{"line":113,"column":64}}]},"17":{"loc":{"start":{"line":116,"column":2},"end":{"line":118,"column":null}},"type":"if","locations":[{"start":{"line":116,"column":2},"end":{"line":118,"column":null}},{"start":{},"end":{}}]},"18":{"loc":{"start":{"line":116,"column":6},"end":{"line":116,"column":65}},"type":"binary-expr","locations":[{"start":{"line":116,"column":6},"end":{"line":116,"column":35}},{"start":{"line":116,"column":35},"end":{"line":116,"column":65}}]},"19":{"loc":{"start":{"line":129,"column":2},"end":{"line":131,"column":null}},"type":"if","locations":[{"start":{"line":129,"column":2},"end":{"line":131,"column":null}},{"start":{},"end":{}}]},"20":{"loc":{"start":{"line":132,"column":2},"end":{"line":134,"column":null}},"type":"if","locations":[{"start":{"line":132,"column":2},"end":{"line":134,"column":null}},{"start":{},"end":{}}]}},"s":{"0":0,"1":0,"2":0,"3":0,"4":0,"5":0,"6":0,"7":1,"8":0,"9":0,"10":0,"11":1,"12":0,"13":0,"14":0,"15":1,"16":0,"17":0,"18":0,"19":1,"20":0,"21":0,"22":0,"23":1,"24":0,"25":0,"26":0,"27":0,"28":0,"29":0,"30":0,"31":0,"32":0,"33":0,"34":0,"35":0,"36":0,"37":1,"38":0,"39":0,"40":0,"41":0,"42":0,"43":0,"44":0,"45":0,"46":0,"47":1,"48":0,"49":0,"50":0,"51":0,"52":0},"f":{"0":0,"1":0,"2":0,"3":0,"4":0,"5":0,"6":0},"b":{"0":[0,0],"1":[0,0],"2":[0,0],"3":[0,0],"4":[0,0],"5":[0,0],"6":[0,0],"7":[0,0],"8":[0,0],"9":[0,0],"10":[0,0],"11":[0,0],"12":[0,0],"13":[0,0,0],"14":[0,0],"15":[0,0],"16":[0,0],"17":[0,0],"18":[0,0],"19":[0,0],"20":[0,0]}}
,"/Users/fernandojesus/Sites/lastro/design-system/src/components/ui/Waveform/utils/index.ts": {"path":"/Users/fernandojesus/Sites/lastro/design-system/src/components/ui/Waveform/utils/index.ts","statementMap":{"0":{"start":{"line":1,"column":14},"end":{"line":1,"column":null}},"1":{"start":{"line":2,"column":14},"end":{"line":2,"column":null}}},"fnMap":{},"branchMap":{},"s":{"0":1,"1":1},"f":{},"b":{}}
,"/Users/fernandojesus/Sites/lastro/design-system/src/components/ui/shadcn-io/status/index.tsx": {"path":"/Users/fernandojesus/Sites/lastro/design-system/src/components/ui/shadcn-io/status/index.tsx","statementMap":{"0":{"start":{"line":9,"column":22},"end":{"line":15,"column":null}},"1":{"start":{"line":10,"column":2},"end":{"line":15,"column":null}},"2":{"start":{"line":19,"column":31},"end":{"line":43,"column":null}},"3":{"start":{"line":23,"column":2},"end":{"line":43,"column":null}},"4":{"start":{"line":47,"column":27},"end":{"line":62,"column":null}},"5":{"start":{"line":52,"column":2},"end":{"line":62,"column":null}}},"fnMap":{"0":{"name":"(anonymous_0)","decl":{"start":{"line":9,"column":22},"end":{"line":9,"column":23}},"loc":{"start":{"line":10,"column":2},"end":{"line":15,"column":null}}},"1":{"name":"(anonymous_1)","decl":{"start":{"line":19,"column":31},"end":{"line":19,"column":32}},"loc":{"start":{"line":23,"column":2},"end":{"line":43,"column":null}}},"2":{"name":"(anonymous_2)","decl":{"start":{"line":47,"column":27},"end":{"line":47,"column":28}},"loc":{"start":{"line":52,"column":2},"end":{"line":62,"column":null}}}},"branchMap":{"0":{"loc":{"start":{"line":53,"column":5},"end":{"line":53,"column":null}},"type":"binary-expr","locations":[{"start":{"line":53,"column":5},"end":{"line":53,"column":null}}]}},"s":{"0":0,"1":0,"2":0,"3":0,"4":0,"5":0},"f":{"0":0,"1":0,"2":0},"b":{"0":[0]}}
,"/Users/fernandojesus/Sites/lastro/design-system/src/lib/utils.ts": {"path":"/Users/fernandojesus/Sites/lastro/design-system/src/lib/utils.ts","statementMap":{"0":{"start":{"line":4,"column":16},"end":{"line":4,"column":19}},"1":{"start":{"line":8,"column":16},"end":{"line":8,"column":31}},"2":{"start":{"line":1,"column":38},"end":{"line":1,"column":null}},"3":{"start":{"line":2,"column":24},"end":{"line":2,"column":null}},"4":{"start":{"line":5,"column":2},"end":{"line":5,"column":null}},"5":{"start":{"line":9,"column":2},"end":{"line":11,"column":null}},"6":{"start":{"line":10,"column":4},"end":{"line":10,"column":null}},"7":{"start":{"line":12,"column":2},"end":{"line":14,"column":null}},"8":{"start":{"line":13,"column":4},"end":{"line":13,"column":null}},"9":{"start":{"line":15,"column":2},"end":{"line":15,"column":null}}},"fnMap":{"0":{"name":"cn","decl":{"start":{"line":4,"column":16},"end":{"line":4,"column":19}},"loc":{"start":{"line":4,"column":42},"end":{"line":6,"column":null}}},"1":{"name":"formatFileSize","decl":{"start":{"line":8,"column":16},"end":{"line":8,"column":31}},"loc":{"start":{"line":8,"column":44},"end":{"line":16,"column":null}}}},"branchMap":{"0":{"loc":{"start":{"line":9,"column":2},"end":{"line":11,"column":null}},"type":"if","locations":[{"start":{"line":9,"column":2},"end":{"line":11,"column":null}},{"start":{},"end":{}}]},"1":{"loc":{"start":{"line":12,"column":2},"end":{"line":14,"column":null}},"type":"if","locations":[{"start":{"line":12,"column":2},"end":{"line":14,"column":null}},{"start":{},"end":{}}]}},"s":{"0":7151,"1":0,"2":39,"3":39,"4":7151,"5":0,"6":0,"7":0,"8":0,"9":0},"f":{"0":7151,"1":0},"b":{"0":[0,0],"1":[0,0]}}
}
