TN:
SF:src/components/icons/AlarmClockIcon.tsx
FNF:0
FNH:0
DA:1,23
DA:3,1
LF:2
LH:2
BRF:0
BRH:0
end_of_record
TN:
SF:src/components/icons/AlertBalloonIcon.tsx
FNF:0
FNH:0
DA:1,23
DA:3,1
LF:2
LH:2
BRF:0
BRH:0
end_of_record
TN:
SF:src/components/icons/ArchiveIcon.tsx
FNF:0
FNH:0
DA:1,23
DA:3,1
LF:2
LH:2
BRF:0
BRH:0
end_of_record
TN:
SF:src/components/icons/AreaIcon.tsx
FNF:0
FNH:0
DA:1,23
DA:3,1
LF:2
LH:2
BRF:0
BRH:0
end_of_record
TN:
SF:src/components/icons/BedDoubleIcon.tsx
FNF:0
FNH:0
DA:1,23
DA:3,1
LF:2
LH:2
BRF:0
BRH:0
end_of_record
TN:
SF:src/components/icons/BriefcaseBusinessIcon.tsx
FNF:0
FNH:0
DA:1,23
DA:3,1
LF:2
LH:2
BRF:0
BRH:0
end_of_record
TN:
SF:src/components/icons/CalendarIcon.tsx
FNF:0
FNH:0
DA:1,23
DA:3,65
LF:2
LH:2
BRF:0
BRH:0
end_of_record
TN:
SF:src/components/icons/CarIcon.tsx
FN:4,(anonymous_1)
FNF:1
FNH:1
FNDA:6,(anonymous_1)
DA:1,23
DA:2,23
DA:4,23
DA:5,6
DA:6,6
LF:5
LH:5
BRF:0
BRH:0
end_of_record
TN:
SF:src/components/icons/ChatBubbleIcon.tsx
FNF:0
FNH:0
DA:1,23
DA:3,1
LF:2
LH:2
BRF:0
BRH:0
end_of_record
TN:
SF:src/components/icons/CheckBoxIcon.tsx
FNF:0
FNH:0
DA:1,23
DA:3,6
LF:2
LH:2
BRF:0
BRH:0
end_of_record
TN:
SF:src/components/icons/CheckIcon.tsx
FNF:0
FNH:0
DA:1,23
DA:3,21
LF:2
LH:2
BRF:0
BRH:0
end_of_record
TN:
SF:src/components/icons/CheckIconCircle.tsx
FNF:0
FNH:0
DA:1,23
DA:3,1
LF:2
LH:2
BRF:0
BRH:0
end_of_record
TN:
SF:src/components/icons/ChevronDownIcon.tsx
FNF:0
FNH:0
DA:1,23
DA:3,218
LF:2
LH:2
BRF:0
BRH:0
end_of_record
TN:
SF:src/components/icons/ChevronLeftIcon.tsx
FNF:0
FNH:0
DA:1,23
DA:3,252
LF:2
LH:2
BRF:0
BRH:0
end_of_record
TN:
SF:src/components/icons/ChevronRightIcon.tsx
FNF:0
FNH:0
DA:1,23
DA:3,252
LF:2
LH:2
BRF:0
BRH:0
end_of_record
TN:
SF:src/components/icons/ChevronUpIcon.tsx
FNF:0
FNH:0
DA:1,23
DA:3,1
LF:2
LH:2
BRF:0
BRH:0
end_of_record
TN:
SF:src/components/icons/CircleHomeIcon.tsx
FNF:0
FNH:0
DA:1,23
DA:3,1
LF:2
LH:2
BRF:0
BRH:0
end_of_record
TN:
SF:src/components/icons/CircleIcon.tsx
FNF:0
FNH:0
DA:1,23
DA:3,1
LF:2
LH:2
BRF:0
BRH:0
end_of_record
TN:
SF:src/components/icons/CircleLinkIcon.tsx
FNF:0
FNH:0
DA:1,23
DA:3,1
LF:2
LH:2
BRF:0
BRH:0
end_of_record
TN:
SF:src/components/icons/CircleSlashIcon.tsx
FNF:0
FNH:0
DA:1,23
DA:3,1
LF:2
LH:2
BRF:0
BRH:0
end_of_record
TN:
SF:src/components/icons/ClipboardIcon.tsx
FNF:0
FNH:0
DA:1,23
DA:3,1
LF:2
LH:2
BRF:0
BRH:0
end_of_record
TN:
SF:src/components/icons/ClockIcon.tsx
FNF:0
FNH:0
DA:1,23
DA:3,1
LF:2
LH:2
BRF:0
BRH:0
end_of_record
TN:
SF:src/components/icons/CloseIcon.tsx
FNF:0
FNH:0
DA:1,23
DA:3,54
LF:2
LH:2
BRF:0
BRH:0
end_of_record
TN:
SF:src/components/icons/CopyCheckIcon.tsx
FNF:0
FNH:0
DA:1,23
DA:3,1
LF:2
LH:2
BRF:0
BRH:0
end_of_record
TN:
SF:src/components/icons/CopyIcon.tsx
FNF:0
FNH:0
DA:1,23
DA:3,7
LF:2
LH:2
BRF:0
BRH:0
end_of_record
TN:
SF:src/components/icons/CredentialsIcon.tsx
FNF:0
FNH:0
DA:1,23
DA:3,1
LF:2
LH:2
BRF:0
BRH:0
end_of_record
TN:
SF:src/components/icons/CreditCardIcon.tsx
FNF:0
FNH:0
DA:1,23
DA:3,1
LF:2
LH:2
BRF:0
BRH:0
end_of_record
TN:
SF:src/components/icons/DocumentIcon.tsx
FN:4,(anonymous_1)
FNF:1
FNH:1
FNDA:6,(anonymous_1)
DA:1,23
DA:2,23
DA:4,23
DA:7,6
DA:8,6
LF:5
LH:5
BRF:0
BRH:0
end_of_record
TN:
SF:src/components/icons/DoorClosedIcon.tsx
FNF:0
FNH:0
DA:1,23
DA:3,1
LF:2
LH:2
BRF:0
BRH:0
end_of_record
TN:
SF:src/components/icons/DoorOpenIcon.tsx
FNF:0
FNH:0
DA:1,23
DA:3,1
LF:2
LH:2
BRF:0
BRH:0
end_of_record
TN:
SF:src/components/icons/EmojiIcon.tsx
FNF:0
FNH:0
DA:1,23
DA:3,1
LF:2
LH:2
BRF:0
BRH:0
end_of_record
TN:
SF:src/components/icons/ExternalLinkIcon.tsx
FNF:0
FNH:0
DA:1,23
DA:3,1
LF:2
LH:2
BRF:0
BRH:0
end_of_record
TN:
SF:src/components/icons/ExternalLinkOutlineIcon.tsx
FNF:0
FNH:0
DA:1,23
DA:3,1
LF:2
LH:2
BRF:0
BRH:0
end_of_record
TN:
SF:src/components/icons/FileIcon.tsx
FNF:0
FNH:0
DA:1,23
DA:3,1
LF:2
LH:2
BRF:0
BRH:0
end_of_record
TN:
SF:src/components/icons/GearIcon.tsx
FNF:0
FNH:0
DA:1,23
DA:3,1
LF:2
LH:2
BRF:0
BRH:0
end_of_record
TN:
SF:src/components/icons/GridIcon.tsx
FNF:0
FNH:0
DA:1,23
DA:3,1
LF:2
LH:2
BRF:0
BRH:0
end_of_record
TN:
SF:src/components/icons/HashIcon.tsx
FNF:0
FNH:0
DA:1,23
DA:3,1
LF:2
LH:2
BRF:0
BRH:0
end_of_record
TN:
SF:src/components/icons/HashtagIcon.tsx
FNF:0
FNH:0
DA:1,23
DA:3,1
LF:2
LH:2
BRF:0
BRH:0
end_of_record
TN:
SF:src/components/icons/HashtagOutlineIcon.tsx
FNF:0
FNH:0
DA:1,23
DA:3,1
LF:2
LH:2
BRF:0
BRH:0
end_of_record
TN:
SF:src/components/icons/HouseArrowUpIcon.tsx
FNF:0
FNH:0
DA:1,23
DA:3,1
LF:2
LH:2
BRF:0
BRH:0
end_of_record
TN:
SF:src/components/icons/HouseFlagIcon.tsx
FNF:0
FNH:0
DA:1,23
DA:3,1
LF:2
LH:2
BRF:0
BRH:0
end_of_record
TN:
SF:src/components/icons/HouseIcon.tsx
FNF:0
FNH:0
DA:1,23
DA:3,1
LF:2
LH:2
BRF:0
BRH:0
end_of_record
TN:
SF:src/components/icons/HousePlusIcon.tsx
FNF:0
FNH:0
DA:1,23
DA:3,1
LF:2
LH:2
BRF:0
BRH:0
end_of_record
TN:
SF:src/components/icons/IdCardIcon.tsx
FNF:0
FNH:0
DA:1,23
DA:3,1
LF:2
LH:2
BRF:0
BRH:0
end_of_record
TN:
SF:src/components/icons/IdOutlineIcon.tsx
FNF:0
FNH:0
DA:1,23
DA:3,1
LF:2
LH:2
BRF:0
BRH:0
end_of_record
TN:
SF:src/components/icons/ImageIcon.tsx
FNF:0
FNH:0
DA:1,23
DA:3,1
LF:2
LH:2
BRF:0
BRH:0
end_of_record
TN:
SF:src/components/icons/InfoIcon.tsx
FNF:0
FNH:0
DA:1,23
DA:3,6
LF:2
LH:2
BRF:0
BRH:0
end_of_record
TN:
SF:src/components/icons/LinkIcon.tsx
FNF:0
FNH:0
DA:1,23
DA:3,1
LF:2
LH:2
BRF:0
BRH:0
end_of_record
TN:
SF:src/components/icons/LoaderIcon.tsx
FNF:0
FNH:0
DA:1,23
DA:3,160
LF:2
LH:2
BRF:0
BRH:0
end_of_record
TN:
SF:src/components/icons/LocateIcon.tsx
FNF:0
FNH:0
DA:1,23
DA:3,4
LF:2
LH:2
BRF:0
BRH:0
end_of_record
TN:
SF:src/components/icons/MailIcon.tsx
FNF:0
FNH:0
DA:1,23
DA:3,1
LF:2
LH:2
BRF:0
BRH:0
end_of_record
TN:
SF:src/components/icons/MailOutlineIcon.tsx
FNF:0
FNH:0
DA:1,23
DA:3,1
LF:2
LH:2
BRF:0
BRH:0
end_of_record
TN:
SF:src/components/icons/MapIcon.tsx
FNF:0
FNH:0
DA:1,23
DA:3,1
LF:2
LH:2
BRF:0
BRH:0
end_of_record
TN:
SF:src/components/icons/MapPinIcon.tsx
FNF:0
FNH:0
DA:1,23
DA:3,1
LF:2
LH:2
BRF:0
BRH:0
end_of_record
TN:
SF:src/components/icons/MaximizeIcon.tsx
FNF:0
FNH:0
DA:1,23
DA:3,2
LF:2
LH:2
BRF:0
BRH:0
end_of_record
TN:
SF:src/components/icons/MegaphoneIcon.tsx
FN:4,(anonymous_1)
FNF:1
FNH:1
FNDA:6,(anonymous_1)
DA:1,23
DA:2,23
DA:4,23
DA:7,6
DA:8,6
LF:5
LH:5
BRF:0
BRH:0
end_of_record
TN:
SF:src/components/icons/MicIcon.tsx
FNF:0
FNH:0
DA:1,23
DA:3,1
LF:2
LH:2
BRF:0
BRH:0
end_of_record
TN:
SF:src/components/icons/MinusIcon.tsx
FNF:0
FNH:0
DA:1,23
DA:3,12
LF:2
LH:2
BRF:0
BRH:0
end_of_record
TN:
SF:src/components/icons/MoneyBagIcon.tsx
FN:4,(anonymous_1)
FNF:1
FNH:1
FNDA:6,(anonymous_1)
DA:1,23
DA:2,23
DA:4,23
DA:7,6
DA:8,6
LF:5
LH:5
BRF:0
BRH:0
end_of_record
TN:
SF:src/components/icons/MoneyIcon.tsx
FNF:0
FNH:0
DA:1,23
DA:3,1
LF:2
LH:2
BRF:0
BRH:0
end_of_record
TN:
SF:src/components/icons/MoneyOutlineIcon.tsx
FNF:0
FNH:0
DA:1,23
DA:3,1
LF:2
LH:2
BRF:0
BRH:0
end_of_record
TN:
SF:src/components/icons/NavigationIcon.tsx
FNF:0
FNH:0
DA:1,23
DA:3,1
LF:2
LH:2
BRF:0
BRH:0
end_of_record
TN:
SF:src/components/icons/PaperPlaneIcon.tsx
FNF:0
FNH:0
DA:1,23
DA:3,1
LF:2
LH:2
BRF:0
BRH:0
end_of_record
TN:
SF:src/components/icons/PauseIcon.tsx
FNF:0
FNH:0
DA:1,23
DA:3,1
LF:2
LH:2
BRF:0
BRH:0
end_of_record
TN:
SF:src/components/icons/PersonIcon.tsx
FNF:0
FNH:0
DA:1,23
DA:3,1
LF:2
LH:2
BRF:0
BRH:0
end_of_record
TN:
SF:src/components/icons/PhoneIcon.tsx
FNF:0
FNH:0
DA:1,23
DA:3,1
LF:2
LH:2
BRF:0
BRH:0
end_of_record
TN:
SF:src/components/icons/PhoneOutlineIcon.tsx
FNF:0
FNH:0
DA:1,23
DA:3,1
LF:2
LH:2
BRF:0
BRH:0
end_of_record
TN:
SF:src/components/icons/PicturesIcon.tsx
FN:4,(anonymous_1)
FNF:1
FNH:1
FNDA:6,(anonymous_1)
DA:1,23
DA:2,23
DA:4,23
DA:7,6
DA:8,6
LF:5
LH:5
BRF:0
BRH:0
end_of_record
TN:
SF:src/components/icons/PlayIcon.tsx
FNF:0
FNH:0
DA:1,23
DA:3,1
LF:2
LH:2
BRF:0
BRH:0
end_of_record
TN:
SF:src/components/icons/PlusIcon.tsx
FNF:0
FNH:0
DA:1,23
DA:3,12
LF:2
LH:2
BRF:0
BRH:0
end_of_record
TN:
SF:src/components/icons/ReplyDoubleIcon.tsx
FNF:0
FNH:0
DA:1,23
DA:3,1
LF:2
LH:2
BRF:0
BRH:0
end_of_record
TN:
SF:src/components/icons/ReplyIcon.tsx
FNF:0
FNH:0
DA:1,23
DA:3,1
LF:2
LH:2
BRF:0
BRH:0
end_of_record
TN:
SF:src/components/icons/ReportIcon.tsx
FNF:0
FNH:0
DA:1,23
DA:3,6
LF:2
LH:2
BRF:0
BRH:0
end_of_record
TN:
SF:src/components/icons/ReportProblemIcon.tsx
FNF:0
FNH:0
DA:1,23
DA:3,6
LF:2
LH:2
BRF:0
BRH:0
end_of_record
TN:
SF:src/components/icons/RotateCcwIcon.tsx
FNF:0
FNH:0
DA:1,23
DA:3,1
LF:2
LH:2
BRF:0
BRH:0
end_of_record
TN:
SF:src/components/icons/ScanBarcodeIcon.tsx
FNF:0
FNH:0
DA:1,23
DA:3,1
LF:2
LH:2
BRF:0
BRH:0
end_of_record
TN:
SF:src/components/icons/SearchIcon.tsx
FNF:0
FNH:0
DA:1,23
DA:3,3
LF:2
LH:2
BRF:0
BRH:0
end_of_record
TN:
SF:src/components/icons/SendIcon.tsx
FNF:0
FNH:0
DA:1,23
DA:3,1
LF:2
LH:2
BRF:0
BRH:0
end_of_record
TN:
SF:src/components/icons/ShowerIcon.tsx
FNF:0
FNH:0
DA:1,23
DA:3,1
LF:2
LH:2
BRF:0
BRH:0
end_of_record
TN:
SF:src/components/icons/SparklesIcon.tsx
FNF:0
FNH:0
DA:1,23
DA:3,1
LF:2
LH:2
BRF:0
BRH:0
end_of_record
TN:
SF:src/components/icons/StarIcon.tsx
FNF:0
FNH:0
DA:1,23
DA:3,1
LF:2
LH:2
BRF:0
BRH:0
end_of_record
TN:
SF:src/components/icons/StopIcon.tsx
FNF:0
FNH:0
DA:1,23
DA:3,1
LF:2
LH:2
BRF:0
BRH:0
end_of_record
TN:
SF:src/components/icons/SyncIcon.tsx
FNF:0
FNH:0
DA:1,23
DA:3,1
LF:2
LH:2
BRF:0
BRH:0
end_of_record
TN:
SF:src/components/icons/SyncProblemIcon.tsx
FNF:0
FNH:0
DA:1,23
DA:3,1
LF:2
LH:2
BRF:0
BRH:0
end_of_record
TN:
SF:src/components/icons/ThumbDownIcon.tsx
FNF:0
FNH:0
DA:1,23
DA:3,1
LF:2
LH:2
BRF:0
BRH:0
end_of_record
TN:
SF:src/components/icons/ThumbUpIcon.tsx
FNF:0
FNH:0
DA:1,23
DA:3,1
LF:2
LH:2
BRF:0
BRH:0
end_of_record
TN:
SF:src/components/icons/TranscriptIcon.tsx
FNF:0
FNH:0
DA:1,23
DA:3,1
LF:2
LH:2
BRF:0
BRH:0
end_of_record
TN:
SF:src/components/icons/TrashIcon.tsx
FNF:0
FNH:0
DA:1,23
DA:3,1
LF:2
LH:2
BRF:0
BRH:0
end_of_record
TN:
SF:src/components/icons/TuneIcon.tsx
FNF:0
FNH:0
DA:1,23
DA:3,72
LF:2
LH:2
BRF:0
BRH:0
end_of_record
TN:
SF:src/components/icons/WalletIcon.tsx
FNF:0
FNH:0
DA:1,23
DA:3,1
LF:2
LH:2
BRF:0
BRH:0
end_of_record
TN:
SF:src/components/icons/WhatsAppIcon.tsx
FNF:0
FNH:0
DA:1,23
DA:3,1
LF:2
LH:2
BRF:0
BRH:0
end_of_record
TN:
SF:src/components/icons/XIconCircle.tsx
FNF:0
FNH:0
DA:1,23
DA:3,1
LF:2
LH:2
BRF:0
BRH:0
end_of_record
TN:
SF:src/components/icons/index.ts
FNF:0
FNH:0
DA:1,23
DA:2,23
DA:3,23
DA:4,23
DA:5,23
DA:6,23
DA:7,65
DA:8,23
DA:9,23
DA:10,23
DA:11,23
DA:12,23
DA:13,218
DA:14,252
DA:15,252
DA:16,23
DA:17,23
DA:18,23
DA:19,23
DA:20,23
DA:21,23
DA:22,23
DA:23,54
DA:24,23
DA:25,23
DA:26,23
DA:27,23
DA:28,23
DA:29,23
DA:30,23
DA:31,23
DA:32,23
DA:33,23
DA:34,23
DA:35,23
DA:36,23
DA:37,23
DA:38,23
DA:39,23
DA:40,23
DA:41,23
DA:42,23
DA:43,23
DA:44,23
DA:45,23
DA:46,23
DA:47,23
DA:48,23
DA:49,160
DA:50,23
DA:51,23
DA:52,23
DA:53,23
DA:54,23
DA:55,23
DA:56,23
DA:57,23
DA:58,23
DA:59,23
DA:60,23
DA:61,23
DA:62,23
DA:63,23
DA:64,23
DA:65,23
DA:66,23
DA:67,23
DA:68,23
DA:69,23
DA:70,23
DA:71,23
DA:72,23
DA:73,23
DA:74,23
DA:75,23
DA:76,23
DA:77,23
DA:78,23
DA:79,23
DA:80,23
DA:81,23
DA:82,23
DA:83,23
DA:84,23
DA:85,23
DA:86,23
DA:87,23
DA:88,23
DA:89,72
DA:90,23
DA:91,23
DA:92,23
LF:92
LH:92
BRF:0
BRH:0
end_of_record
TN:
SF:src/components/icons/colored/DocumentUpIcon.tsx
FN:7,(anonymous_0)
FNF:1
FNH:0
FNDA:0,(anonymous_0)
DA:7,0
DA:12,0
LF:2
LH:0
BRDA:9,0,0,0
BRDA:10,1,0,0
BRF:2
BRH:0
end_of_record
TN:
SF:src/components/icons/colored/ImageUpIcon.tsx
FN:9,(anonymous_0)
FNF:1
FNH:0
FNDA:0,(anonymous_0)
DA:9,0
DA:14,0
DA:15,0
LF:3
LH:0
BRDA:11,0,0,0
BRDA:12,1,0,0
BRF:2
BRH:0
end_of_record
TN:
SF:src/components/ui/index.ts
FNF:0
FNH:0
DA:2,0
DA:3,0
DA:4,0
DA:5,0
DA:6,1
DA:7,1
DA:9,0
DA:10,0
DA:11,0
DA:12,0
DA:13,0
DA:14,0
DA:15,0
DA:16,0
DA:17,0
DA:18,0
DA:19,0
DA:20,0
DA:21,1
DA:22,1
DA:23,1
DA:24,64
DA:26,0
DA:27,0
DA:28,0
DA:29,0
DA:30,0
DA:31,0
DA:32,1
DA:33,1
DA:36,0
DA:37,0
DA:38,0
DA:39,0
DA:40,0
DA:41,0
DA:42,1
DA:43,1
DA:45,0
DA:46,0
DA:47,0
DA:48,0
DA:49,0
DA:50,0
DA:51,0
DA:52,0
DA:53,0
DA:54,0
DA:55,0
DA:56,1
DA:58,0
DA:59,0
DA:60,0
DA:61,0
DA:62,0
DA:63,0
DA:64,0
DA:65,0
DA:66,0
DA:67,0
DA:68,0
DA:69,1
DA:75,1
DA:77,1
DA:79,1
DA:81,1
DA:83,1
DA:85,1
DA:87,0
DA:88,0
DA:89,0
DA:90,0
DA:91,0
DA:92,0
DA:93,0
DA:94,0
DA:95,1
DA:97,1
DA:99,1
DA:101,1
DA:103,1
DA:104,1
DA:106,1
DA:107,1
DA:109,1
DA:125,0
DA:126,0
DA:127,0
DA:128,0
DA:129,0
DA:130,0
DA:131,0
DA:132,0
DA:133,0
DA:134,0
DA:135,0
DA:136,0
DA:137,0
DA:138,1
DA:140,0
DA:141,0
DA:142,1
DA:144,64
DA:145,0
DA:146,64
DA:147,64
DA:148,1
DA:149,1
DA:150,1
DA:152,0
DA:153,0
DA:154,0
DA:155,0
DA:156,0
DA:157,0
DA:158,0
DA:159,0
DA:160,1
DA:161,1
DA:162,1
DA:164,1
DA:166,1
DA:167,1
DA:168,1
DA:169,1
DA:171,0
DA:172,0
DA:173,0
DA:174,0
DA:175,1
DA:183,0
DA:184,0
DA:185,0
DA:186,0
DA:187,0
DA:188,0
DA:189,0
DA:190,1
LF:138
LH:45
BRF:0
BRH:0
end_of_record
TN:
SF:src/components/ui/Accordion/Accordion.tsx
FN:8,Accordion
FN:16,AccordionItem
FN:31,AccordionTrigger
FN:64,AccordionContent
FNF:4
FNH:4
FNDA:9,Accordion
FNDA:8,AccordionItem
FNDA:8,AccordionTrigger
FNDA:8,AccordionContent
DA:3,2
DA:5,2
DA:6,2
DA:14,2
DA:29,2
DA:62,2
DA:80,2
DA:82,9
LF:8
LH:8
BRF:0
BRH:0
end_of_record
TN:
SF:src/components/ui/Accordion/index.ts
FNF:0
FNH:0
DA:2,0
DA:3,0
DA:4,0
DA:5,0
DA:6,1
LF:5
LH:1
BRF:0
BRH:0
end_of_record
TN:
SF:src/components/ui/Alert/Alert.tsx
FN:20,(anonymous_4)
FN:47,Alert
FN:68,AlertTitle
FN:100,AlertDescription
FNF:4
FNH:4
FNDA:4,(anonymous_4)
FNDA:11,Alert
FNDA:2,AlertTitle
FNDA:2,AlertDescription
DA:3,2
DA:5,2
DA:6,2
DA:12,2
DA:18,2
DA:20,2
DA:21,4
DA:22,4
DA:23,0
DA:27,4
DA:30,2
DA:52,11
DA:69,2
DA:71,2
DA:78,2
DA:105,2
DA:116,11
LF:17
LH:16
BRDA:22,0,0,0
BRDA:22,0,1,4
BRDA:49,1,0,7
BRDA:52,2,0,11
BRDA:52,2,1,0
BRF:5
BRH:3
end_of_record
TN:
SF:src/components/ui/Alert/index.ts
FNF:0
FNH:0
DA:1,1
LF:1
LH:1
BRF:0
BRH:0
end_of_record
TN:
SF:src/components/ui/AlertDialog/AlertDialog.tsx
FN:8,AlertDialogRoot
FN:14,AlertDialogTrigger
FN:22,AlertDialogPortal
FN:30,AlertDialogOverlay
FN:49,AlertDialogContent
FN:65,AlertDialogHeader
FN:78,AlertDialogFooter
FN:91,AlertDialogTitle
FN:104,AlertDialogDescription
FN:117,AlertDialogAction
FN:149,AlertDialogCancel
FN:199,AlertDialog
FNF:12
FNH:12
FNDA:10,AlertDialogRoot
FNDA:10,AlertDialogTrigger
FNDA:10,AlertDialogPortal
FNDA:20,AlertDialogOverlay
FNDA:10,AlertDialogContent
FNDA:9,AlertDialogHeader
FNDA:9,AlertDialogFooter
FNDA:9,AlertDialogTitle
FNDA:9,AlertDialogDescription
FNDA:9,AlertDialogAction
FNDA:9,AlertDialogCancel
FNDA:10,AlertDialog
DA:3,2
DA:5,2
DA:6,2
DA:254,10
DA:255,0
DA:256,0
DA:257,0
DA:258,0
DA:259,0
DA:260,0
DA:261,0
DA:262,0
DA:263,0
DA:264,0
DA:265,0
LF:15
LH:4
BRDA:119,0,0,0
BRDA:120,1,0,0
BRDA:121,2,0,0
BRDA:151,3,0,0
BRDA:152,4,0,0
BRDA:153,5,0,0
BRDA:203,6,0,9
BRDA:204,7,0,9
BRDA:205,8,0,10
BRDA:206,9,0,10
BRDA:207,10,0,10
BRDA:208,11,0,10
BRDA:209,12,0,10
BRDA:210,13,0,10
BRDA:211,14,0,8
BRDA:212,15,0,7
BRDA:213,16,0,9
BRDA:220,17,0,10
BRF:18
BRH:12
end_of_record
TN:
SF:src/components/ui/AlertDialog/index.ts
FNF:0
FNH:0
DA:2,0
DA:3,0
DA:4,0
DA:5,0
DA:6,0
DA:7,0
DA:8,0
DA:9,0
DA:10,0
DA:11,0
DA:12,0
DA:13,0
DA:14,1
LF:13
LH:1
BRF:0
BRH:0
end_of_record
TN:
SF:src/components/ui/Badge/Badge.tsx
FN:47,Badge
FNF:1
FNH:1
FNDA:5,Badge
DA:1,2
DA:2,2
DA:5,2
DA:7,2
DA:58,5
DA:77,5
LF:6
LH:6
BRDA:52,0,0,5
BRDA:53,1,0,5
BRDA:58,2,0,0
BRDA:58,2,1,5
BRDA:66,3,0,5
BRDA:69,4,0,0
BRDA:69,4,1,0
BRF:7
BRH:4
end_of_record
TN:
SF:src/components/ui/Badge/index.ts
FNF:0
FNH:0
DA:1,1
LF:1
LH:1
BRF:0
BRH:0
end_of_record
TN:
SF:src/components/ui/Button/Button.tsx
FN:80,Button
FN:94,(anonymous_4)
FNF:2
FNH:2
FNDA:71,Button
FNDA:71,(anonymous_4)
DA:1,6
DA:4,6
DA:5,6
DA:7,6
DA:92,71
DA:94,71
DA:95,71
DA:96,25
DA:98,46
DA:99,2
DA:101,44
DA:104,71
DA:134,67
LF:13
LH:13
BRDA:86,0,0,48
BRDA:89,1,0,18
BRDA:95,2,0,25
BRDA:95,2,1,46
BRDA:98,3,0,2
BRDA:98,3,1,44
BRDA:113,4,0,71
BRDA:113,4,1,63
BRDA:117,5,0,71
BRDA:125,6,0,71
BRDA:125,6,1,8
BRF:11
BRH:11
end_of_record
TN:
SF:src/components/ui/Button/index.ts
FNF:0
FNH:0
DA:1,54
LF:1
LH:1
BRF:0
BRH:0
end_of_record
TN:
SF:src/components/ui/Calendar/Calendar.tsx
FN:24,(anonymous_6)
FN:43,(anonymous_7)
FN:51,(anonymous_8)
FN:59,(anonymous_9)
FN:63,(anonymous_10)
FN:72,(anonymous_11)
FN:89,(anonymous_12)
FN:98,(anonymous_13)
FN:128,(anonymous_14)
FN:148,(anonymous_16)
FN:154,(anonymous_17)
FN:160,(anonymous_18)
FN:166,(anonymous_19)
FN:172,(anonymous_20)
FN:184,(anonymous_21)
FN:196,(anonymous_22)
FN:203,(anonymous_23)
FN:212,(anonymous_24)
FN:227,(anonymous_25)
FN:239,(anonymous_26)
FN:252,(anonymous_27)
FN:300,Calendar
FN:323,(anonymous_33)
FN:331,(anonymous_34)
FN:336,(anonymous_35)
FN:338,(anonymous_36)
FN:341,(anonymous_37)
FN:343,(anonymous_38)
FN:350,(anonymous_39)
FN:472,CalendarDayButton
FN:481,(anonymous_41)
FNF:31
FNH:27
FNDA:103,(anonymous_6)
FNDA:3,(anonymous_7)
FNDA:0,(anonymous_8)
FNDA:103,(anonymous_9)
FNDA:60,(anonymous_10)
FNDA:3,(anonymous_11)
FNDA:6,(anonymous_12)
FNDA:0,(anonymous_13)
FNDA:206,(anonymous_14)
FNDA:103,(anonymous_16)
FNDA:1,(anonymous_17)
FNDA:1,(anonymous_18)
FNDA:1,(anonymous_19)
FNDA:0,(anonymous_20)
FNDA:1,(anonymous_21)
FNDA:5,(anonymous_22)
FNDA:103,(anonymous_23)
FNDA:1,(anonymous_24)
FNDA:1,(anonymous_25)
FNDA:1,(anonymous_26)
FNDA:0,(anonymous_27)
FNDA:52,Calendar
FNDA:7,(anonymous_33)
FNDA:38,(anonymous_34)
FNDA:315,(anonymous_35)
FNDA:945,(anonymous_36)
FNDA:945,(anonymous_37)
FNDA:918,(anonymous_38)
FNDA:784,(anonymous_39)
FNDA:1848,CalendarDayButton
FNDA:779,(anonymous_41)
DA:3,2
DA:4,2
DA:5,2
DA:10,2
DA:11,2
DA:12,2
DA:18,2
DA:19,2
DA:21,2
DA:24,2
DA:40,103
DA:41,103
DA:43,103
DA:44,3
DA:45,3
DA:46,3
DA:47,3
DA:51,103
DA:52,0
DA:53,0
DA:54,0
DA:55,0
DA:59,103
DA:60,103
DA:64,60
DA:65,60
DA:72,3
DA:86,98
DA:90,6
DA:91,6
DA:98,0
DA:112,97
DA:128,206
DA:148,2
DA:154,103
DA:155,1
DA:156,1
DA:157,1
DA:160,103
DA:161,1
DA:162,1
DA:163,1
DA:166,103
DA:167,1
DA:168,1
DA:169,1
DA:172,103
DA:173,0
DA:174,0
DA:175,0
DA:185,1
DA:186,1
DA:187,1
DA:197,5
DA:198,5
DA:199,5
DA:204,103
DA:205,103
DA:213,1
DA:214,1
DA:215,1
DA:228,1
DA:229,1
DA:230,1
DA:240,1
DA:241,1
DA:242,1
DA:253,0
DA:254,0
DA:255,0
DA:315,52
DA:316,52
DA:319,52
DA:321,52
DA:323,52
DA:324,7
DA:325,1
DA:327,7
DA:331,52
DA:332,38
DA:333,36
DA:336,2
DA:337,315
DA:339,945
DA:341,945
DA:343,315
DA:344,918
DA:349,52
DA:351,784
DA:478,1848
DA:480,1848
DA:481,1848
DA:482,779
DA:483,15
DA:506,95
LF:95
LH:84
BRDA:40,0,0,103
BRDA:40,0,1,0
BRDA:44,1,0,3
BRDA:44,1,1,0
BRDA:44,2,0,3
BRDA:44,2,1,3
BRDA:52,3,0,0
BRDA:52,3,1,0
BRDA:52,4,0,0
BRDA:52,4,1,0
BRDA:60,5,0,5
BRDA:60,5,1,98
BRDA:60,6,0,103
BRDA:60,6,1,5
BRDA:69,7,0,5
BRDA:69,7,1,55
BRDA:75,8,0,60
BRDA:78,9,0,60
BRDA:78,9,1,55
BRDA:86,10,0,1
BRDA:86,10,1,97
BRDA:86,11,0,98
BRDA:86,11,1,1
BRDA:95,12,0,1
BRDA:95,12,1,5
BRDA:101,13,0,6
BRDA:104,14,0,6
BRDA:104,14,1,5
BRDA:199,15,0,0
BRDA:199,15,1,5
BRDA:242,16,0,0
BRDA:242,16,1,1
BRDA:303,17,0,50
BRDA:304,18,0,41
BRDA:307,19,0,52
BRDA:317,20,0,52
BRDA:317,20,1,17
BRDA:321,21,0,52
BRDA:321,21,1,17
BRDA:324,22,0,1
BRDA:324,22,1,6
BRDA:332,23,0,36
BRDA:332,23,1,2
BRDA:332,24,0,38
BRDA:332,24,1,2
BRDA:339,25,0,420
BRDA:339,25,1,525
BRDA:373,26,0,52
BRDA:373,26,1,6
BRDA:404,27,0,41
BRDA:404,27,1,11
BRDA:482,28,0,15
BRDA:482,28,1,764
BRDA:491,29,0,1848
BRDA:491,29,1,1622
BRDA:495,30,0,1848
BRDA:495,30,1,208
BRDA:495,30,2,208
BRF:58
BRH:50
end_of_record
TN:
SF:src/components/ui/Calendar/constants.ts
FNF:0
FNH:0
DA:1,5
DA:16,2
DA:31,2
DA:33,2
DA:35,2
DA:36,2
LF:6
LH:6
BRF:0
BRH:0
end_of_record
TN:
SF:src/components/ui/Calendar/index.ts
FNF:0
FNH:0
DA:1,64
LF:1
LH:1
BRF:0
BRH:0
end_of_record
TN:
SF:src/components/ui/Calendar/components/MonthPicker.tsx
FN:12,MonthPicker
FN:23,(anonymous_1)
FN:31,(anonymous_2)
FN:39,(anonymous_3)
FN:48,(anonymous_4)
FNF:5
FNH:0
FNDA:0,MonthPicker
FNDA:0,(anonymous_1)
FNDA:0,(anonymous_2)
FNDA:0,(anonymous_3)
FNDA:0,(anonymous_4)
DA:23,0
DA:31,0
DA:40,0
DA:48,0
LF:4
LH:0
BRDA:43,0,0,0
BRDA:43,0,1,0
BRF:2
BRH:0
end_of_record
TN:
SF:src/components/ui/Calendar/components/YearPicker.tsx
FN:12,YearPicker
FN:24,(anonymous_1)
FN:34,(anonymous_2)
FN:42,(anonymous_3)
FN:51,(anonymous_4)
FNF:5
FNH:0
FNDA:0,YearPicker
FNDA:0,(anonymous_1)
FNDA:0,(anonymous_2)
FNDA:0,(anonymous_3)
FNDA:0,(anonymous_4)
DA:17,0
DA:24,0
DA:34,0
DA:43,0
DA:51,0
LF:5
LH:0
BRDA:46,0,0,0
BRDA:46,0,1,0
BRF:2
BRH:0
end_of_record
TN:
SF:src/components/ui/Calendar/hooks/useCalendarState.ts
FN:20,useCalendarState
FN:28,(anonymous_1)
FN:34,(anonymous_2)
FN:40,(anonymous_3)
FN:49,(anonymous_4)
FNF:5
FNH:0
FNDA:0,useCalendarState
FNDA:0,(anonymous_1)
FNDA:0,(anonymous_2)
FNDA:0,(anonymous_3)
FNDA:0,(anonymous_4)
DA:23,0
DA:24,0
DA:28,0
DA:29,0
DA:30,0
DA:31,0
DA:34,0
DA:35,0
DA:36,0
DA:37,0
DA:40,0
DA:42,0
DA:45,0
DA:46,0
DA:49,0
DA:50,0
DA:51,0
DA:56,0
DA:59,0
LF:19
LH:0
BRDA:20,0,0,0
BRDA:25,1,0,0
BRDA:25,1,1,0
BRDA:42,2,0,0
BRDA:42,2,1,0
BRDA:50,3,0,0
BRDA:50,3,1,0
BRF:7
BRH:0
end_of_record
TN:
SF:src/components/ui/Calendar/utils/date-utils.ts
FN:8,parseDateString
FN:27,createDateMatcher
FN:31,(anonymous_6)
FN:32,(anonymous_7)
FN:34,(anonymous_8)
FN:35,(anonymous_9)
FN:41,generateYearRange
FN:43,(anonymous_11)
FNF:8
FNH:3
FNDA:420,parseDateString
FNDA:0,createDateMatcher
FNDA:0,(anonymous_6)
FNDA:0,(anonymous_7)
FNDA:0,(anonymous_8)
FNDA:0,(anonymous_9)
FNDA:103,generateYearRange
FNDA:618,(anonymous_11)
DA:1,2
DA:8,420
DA:9,420
DA:10,0
DA:13,420
DA:15,420
DA:16,0
DA:19,420
DA:27,0
DA:30,0
DA:31,0
DA:32,0
DA:34,0
DA:35,0
DA:41,103
DA:42,103
DA:43,618
LF:17
LH:9
BRDA:9,0,0,0
BRDA:9,0,1,420
BRDA:15,1,0,0
BRDA:15,1,1,420
BRDA:31,2,0,0
BRDA:31,2,1,0
BRF:6
BRH:2
end_of_record
TN:
SF:src/components/ui/Card/Card.tsx
FN:8,Card
FN:26,CardHeader
FN:39,CardTitle
FN:55,CardDescription
FN:71,CardContent
FN:87,CardFooter
FNF:6
FNH:4
FNDA:3,Card
FNDA:1,CardHeader
FNDA:1,CardTitle
FNDA:0,CardDescription
FNDA:1,CardContent
FNDA:0,CardFooter
DA:2,2
DA:8,3
DA:26,1
DA:39,1
DA:55,0
DA:71,1
DA:87,0
LF:7
LH:5
BRF:0
BRH:0
end_of_record
TN:
SF:src/components/ui/Card/index.ts
FNF:0
FNH:0
DA:10,0
DA:11,0
DA:12,0
DA:13,0
DA:14,0
DA:15,0
DA:16,1
LF:7
LH:1
BRF:0
BRH:0
end_of_record
TN:
SF:src/components/ui/Checkbox/Checkbox.tsx
FN:8,Checkbox
FNF:1
FNH:1
FNDA:11,Checkbox
DA:3,2
DA:5,2
DA:6,2
DA:36,12
LF:4
LH:4
BRF:0
BRH:0
end_of_record
TN:
SF:src/components/ui/Checkbox/index.ts
FNF:0
FNH:0
DA:1,2
LF:1
LH:1
BRF:0
BRH:0
end_of_record
TN:
SF:src/components/ui/ContextMenu/ContextMenu.tsx
FN:8,ContextMenu
FN:14,ContextMenuTrigger
FN:22,ContextMenuContent
FN:27,(anonymous_13)
FN:61,ContextMenuItem
FN:71,(anonymous_15)
FN:103,ContextMenuSeparator
FN:116,ContextMenuLabel
FNF:8
FNH:7
FNDA:14,ContextMenu
FNDA:14,ContextMenuTrigger
FNDA:14,ContextMenuContent
FNDA:0,(anonymous_13)
FNDA:14,ContextMenuItem
FNDA:1,(anonymous_15)
FNDA:1,ContextMenuSeparator
FNDA:2,ContextMenuLabel
DA:3,2
DA:6,2
DA:27,14
DA:28,0
DA:29,0
DA:71,14
DA:72,1
DA:73,1
DA:137,15
DA:138,15
DA:139,16
DA:140,3
DA:141,2
DA:142,15
LF:14
LH:12
BRDA:82,0,0,1
BRDA:82,0,1,13
BRDA:85,1,0,14
BRDA:85,1,1,1
BRDA:92,2,0,14
BRDA:96,3,0,14
BRDA:127,4,0,2
BRDA:127,4,1,1
BRF:8
BRH:8
end_of_record
TN:
SF:src/components/ui/ContextMenu/index.ts
FNF:0
FNH:0
DA:3,1
DA:4,1
DA:5,1
DA:6,1
DA:7,1
DA:8,1
DA:9,2
LF:7
LH:7
BRF:0
BRH:0
end_of_record
TN:
SF:src/components/ui/CopyButton/CopyButton.tsx
FN:18,CopyButton
FN:29,(anonymous_2)
FN:29,(anonymous_3)
FN:37,handleCopy
FN:48,(anonymous_5)
FN:73,(anonymous_6)
FN:108,(anonymous_7)
FN:112,(anonymous_8)
FN:127,(anonymous_9)
FNF:9
FNH:6
FNDA:9,CopyButton
FNDA:4,(anonymous_2)
FNDA:4,(anonymous_3)
FNDA:3,handleCopy
FNDA:2,(anonymous_5)
FNDA:0,(anonymous_6)
FNDA:0,(anonymous_7)
FNDA:0,(anonymous_8)
FNDA:3,(anonymous_9)
DA:4,2
DA:5,2
DA:6,2
DA:7,2
DA:18,6
DA:24,9
DA:25,9
DA:26,9
DA:28,9
DA:29,4
DA:30,4
DA:31,2
DA:38,3
DA:40,3
DA:41,3
DA:44,3
DA:45,1
DA:48,3
DA:53,0
DA:54,0
DA:55,0
DA:56,0
DA:57,0
DA:58,0
DA:59,0
DA:60,0
DA:61,0
DA:63,0
DA:65,0
DA:66,0
DA:69,0
DA:70,0
DA:73,0
DA:78,0
DA:79,0
DA:85,9
DA:109,0
DA:110,0
DA:113,0
DA:114,0
DA:115,0
DA:128,3
DA:129,3
LF:43
LH:21
BRDA:21,0,0,9
BRDA:22,1,0,9
BRDA:30,2,0,2
BRDA:30,2,1,2
BRDA:44,3,0,1
BRDA:44,3,1,2
BRDA:58,4,0,0
BRDA:58,4,1,0
BRDA:65,5,0,0
BRDA:65,5,1,0
BRDA:69,6,0,0
BRDA:69,6,1,0
BRDA:78,7,0,0
BRDA:78,7,1,0
BRDA:87,8,0,9
BRDA:87,8,1,9
BRDA:91,9,0,3
BRDA:102,10,0,0
BRDA:113,11,0,0
BRDA:113,11,1,0
BRDA:113,12,0,0
BRDA:113,12,1,0
BRF:22
BRH:9
end_of_record
TN:
SF:src/components/ui/CopyButton/index.ts
FNF:0
FNH:0
DA:2,2
LF:1
LH:1
BRF:0
BRH:0
end_of_record
TN:
SF:src/components/ui/DatePicker/DatePicker.tsx
FN:16,DatePicker
FN:54,(anonymous_2)
FNF:2
FNH:2
FNDA:64,DatePicker
FNDA:16,(anonymous_2)
DA:4,1
DA:5,1
DA:6,1
DA:7,1
DA:16,37
DA:32,64
DA:54,16
LF:7
LH:7
BRDA:19,0,0,6
BRDA:40,1,0,64
BRDA:40,1,1,3
BRDA:42,2,0,64
BRDA:42,2,1,2
BRDA:63,3,0,64
BRDA:63,3,1,3
BRF:7
BRH:7
end_of_record
TN:
SF:src/components/ui/DatePicker/hooks/index.ts
FNF:0
FNH:0
DA:1,64
LF:1
LH:1
BRF:0
BRH:0
end_of_record
TN:
SF:src/components/ui/DatePicker/hooks/useDatePicker.ts
FN:26,useDatePicker
FN:36,(anonymous_2)
FN:52,(anonymous_3)
FNF:3
FNH:3
FNDA:64,useDatePicker
FNDA:16,(anonymous_2)
FNDA:3,(anonymous_3)
DA:1,1
DA:2,1
DA:4,1
DA:5,1
DA:26,64
DA:30,64
DA:31,64
DA:32,64
DA:36,64
DA:37,16
DA:38,16
DA:40,16
DA:41,1
DA:42,1
DA:45,15
DA:46,15
DA:47,9
DA:48,9
DA:52,64
DA:53,3
DA:54,3
DA:55,3
DA:58,64
LF:23
LH:23
BRDA:31,0,0,64
BRDA:31,0,1,60
BRDA:33,1,0,4
BRDA:33,1,1,60
BRDA:40,2,0,1
BRDA:40,2,1,15
BRDA:46,3,0,9
BRDA:46,3,1,6
BRDA:54,4,0,3
BRDA:54,4,1,0
BRF:10
BRH:9
end_of_record
TN:
SF:src/components/ui/DatePicker/utils/date-format.ts
FN:6,formatDateToDisplay
FN:18,formatInputDate
FNF:2
FNH:1
FNDA:0,formatDateToDisplay
FNDA:22,formatInputDate
DA:1,2
DA:6,0
DA:7,0
DA:8,0
DA:11,0
DA:18,22
DA:20,22
DA:23,22
DA:24,4
DA:26,18
DA:27,3
DA:29,15
LF:12
LH:8
BRDA:7,0,0,0
BRDA:7,0,1,0
BRDA:23,1,0,4
BRDA:23,1,1,18
BRDA:26,2,0,3
BRDA:26,2,1,15
BRF:6
BRH:4
end_of_record
TN:
SF:src/components/ui/DatePicker/utils/date-validation.ts
FN:7,parseInputDate
FNF:1
FNH:1
FNDA:28,parseInputDate
DA:1,2
DA:7,28
DA:9,28
DA:12,28
DA:13,8
DA:17,20
DA:20,20
DA:23,20
DA:24,8
DA:27,12
LF:10
LH:10
BRDA:12,0,0,8
BRDA:12,0,1,20
BRDA:23,1,0,8
BRDA:23,1,1,12
BRF:4
BRH:4
end_of_record
TN:
SF:src/components/ui/Dialog/Dialog.tsx
FN:10,DialogRoot
FN:41,Dialog
FN:94,DialogTrigger
FN:100,DialogPortal
FN:106,DialogClose
FN:112,DialogOverlay
FN:128,DialogContent
FN:245,DialogHeader
FN:255,DialogFooter
FN:265,DialogTitle
FN:278,DialogDescription
FNF:11
FNH:10
FNDA:11,DialogRoot
FNDA:11,Dialog
FNDA:11,DialogTrigger
FNDA:11,DialogPortal
FNDA:0,DialogClose
FNDA:21,DialogOverlay
FNDA:11,DialogContent
FNDA:10,DialogHeader
FNDA:8,DialogFooter
FNDA:10,DialogTitle
FNDA:10,DialogDescription
DA:3,2
DA:5,2
DA:6,2
DA:7,2
DA:8,2
DA:168,11
DA:169,11
DA:292,11
DA:293,0
DA:294,0
DA:295,0
DA:296,0
DA:297,0
DA:298,0
DA:299,0
DA:300,0
DA:301,0
DA:302,0
LF:18
LH:8
BRDA:48,0,0,11
BRDA:49,1,0,11
BRDA:50,2,0,11
BRDA:51,3,0,11
BRDA:52,4,0,11
BRDA:53,5,0,11
BRDA:54,6,0,10
BRDA:55,7,0,10
BRDA:56,8,0,10
BRDA:58,9,0,11
BRDA:66,10,0,11
BRDA:131,11,0,0
BRDA:137,12,0,0
BRDA:138,13,0,0
BRDA:139,14,0,0
BRDA:140,15,0,0
BRDA:141,16,0,0
BRDA:142,17,0,0
BRDA:143,18,0,0
BRDA:144,19,0,0
BRDA:145,20,0,0
BRDA:168,21,0,11
BRDA:168,21,1,7
BRDA:169,22,0,11
BRDA:169,22,1,10
BRDA:182,23,0,11
BRDA:182,23,1,1
BRDA:184,24,0,10
BRDA:184,24,1,1
BRDA:185,25,0,11
BRDA:185,25,1,1
BRDA:187,26,0,11
BRDA:187,26,1,0
BRDA:188,27,0,11
BRDA:188,27,1,0
BRDA:193,28,0,11
BRDA:195,29,0,8
BRDA:197,30,0,7
BRDA:210,31,0,7
BRDA:226,32,0,11
BRF:40
BRH:28
end_of_record
TN:
SF:src/components/ui/Dialog/index.ts
FNF:0
FNH:0
DA:2,0
DA:3,0
DA:4,0
DA:5,0
DA:6,0
DA:7,0
DA:8,0
DA:9,0
DA:10,0
DA:11,0
DA:12,0
DA:13,1
LF:12
LH:1
BRF:0
BRH:0
end_of_record
TN:
SF:src/components/ui/Drawer/Drawer.tsx
FN:30,Drawer
FN:50,DrawerTrigger
FN:56,DrawerPortal
FN:62,DrawerClose
FN:68,DrawerOverlay
FN:84,DrawerContent
FN:123,DrawerHeader
FN:133,DrawerMain
FN:143,DrawerFooter
FN:153,DrawerTitle
FN:169,DrawerDescription
FNF:11
FNH:8
FNDA:3,Drawer
FNDA:3,DrawerTrigger
FNDA:3,DrawerPortal
FNDA:2,DrawerClose
FNDA:4,DrawerOverlay
FNDA:3,DrawerContent
FNDA:0,DrawerHeader
FNDA:2,DrawerMain
FNDA:0,DrawerFooter
FNDA:2,DrawerTitle
FNDA:0,DrawerDescription
DA:4,2
DA:5,2
DA:6,2
DA:7,2
DA:8,2
DA:10,2
DA:26,2
DA:89,3
DA:183,3
DA:184,0
DA:185,0
DA:186,3
DA:187,0
DA:188,3
DA:189,0
DA:190,3
DA:191,0
DA:192,3
DA:193,0
LF:19
LH:13
BRDA:31,0,0,3
BRDA:32,1,0,3
BRDA:33,2,0,3
BRF:3
BRH:3
end_of_record
TN:
SF:src/components/ui/Drawer/index.ts
FNF:0
FNH:0
DA:2,0
DA:3,0
DA:4,0
DA:5,0
DA:6,0
DA:7,0
DA:8,0
DA:9,0
DA:10,0
DA:11,0
DA:12,0
DA:13,1
LF:12
LH:1
BRF:0
BRH:0
end_of_record
TN:
SF:src/components/ui/Dropzone/Dropzone.tsx
FN:33,(anonymous_4)
FN:55,(anonymous_5)
FN:90,(anonymous_6)
FN:105,(anonymous_7)
FN:127,(anonymous_8)
FNF:5
FNH:0
FNDA:0,(anonymous_4)
FNDA:0,(anonymous_5)
FNDA:0,(anonymous_6)
FNDA:0,(anonymous_7)
FNDA:0,(anonymous_8)
DA:4,1
DA:6,1
DA:7,1
DA:8,1
DA:18,1
DA:33,1
DA:47,0
DA:56,0
DA:57,0
DA:58,0
DA:59,0
DA:62,0
DA:67,0
DA:90,1
DA:91,0
DA:93,0
DA:94,0
DA:97,0
DA:105,1
DA:109,0
DA:111,0
DA:112,0
DA:127,1
DA:131,0
DA:133,0
DA:134,0
LF:26
LH:9
BRDA:35,0,0,0
BRDA:38,1,0,0
BRDA:56,2,0,0
BRDA:56,2,1,0
BRDA:75,3,0,0
BRDA:75,3,1,0
BRDA:93,4,0,0
BRDA:93,4,1,0
BRDA:111,5,0,0
BRDA:111,5,1,0
BRDA:111,6,0,0
BRDA:111,6,1,0
BRDA:133,7,0,0
BRDA:133,7,1,0
BRF:14
BRH:0
end_of_record
TN:
SF:src/components/ui/Dropzone/index.ts
FNF:0
FNH:0
DA:2,0
DA:3,0
DA:5,0
DA:8,1
LF:4
LH:1
BRF:0
BRH:0
end_of_record
TN:
SF:src/components/ui/ErrorState/ErrorState.tsx
FN:13,ErrorState
FNF:1
FNH:0
FNDA:0,ErrorState
DA:3,1
DA:13,0
LF:2
LH:1
BRDA:14,0,0,0
BRDA:15,1,0,0
BRDA:27,2,0,0
BRF:3
BRH:0
end_of_record
TN:
SF:src/components/ui/ErrorState/index.ts
FNF:0
FNH:0
DA:2,1
LF:1
LH:1
BRF:0
BRH:0
end_of_record
TN:
SF:src/components/ui/FilePreview/FilePreview.tsx
FN:26,FilePreview
FNF:1
FNH:0
FNDA:0,FilePreview
DA:3,1
DA:4,1
DA:5,1
DA:26,0
DA:65,1
LF:5
LH:4
BRDA:31,0,0,0
BRDA:46,1,0,0
BRDA:51,2,0,0
BRDA:51,2,1,0
BRF:4
BRH:0
end_of_record
TN:
SF:src/components/ui/FilePreview/index.ts
FNF:0
FNH:0
DA:1,1
LF:1
LH:1
BRF:0
BRH:0
end_of_record
TN:
SF:src/components/ui/FileTypeIcon/FileTypeIcon.tsx
FN:50,getFileType
FN:132,FileTypeIcon
FNF:2
FNH:0
FNDA:0,getFileType
FNDA:0,FileTypeIcon
DA:3,1
DA:4,1
DA:14,1
DA:50,0
DA:51,0
DA:54,0
DA:55,0
DA:57,0
DA:58,0
DA:60,0
DA:61,0
DA:63,0
DA:64,0
DA:66,0
DA:67,0
DA:71,0
DA:72,0
DA:73,0
DA:75,0
DA:76,0
DA:78,0
DA:79,0
DA:81,0
DA:82,0
DA:84,0
DA:85,0
DA:89,0
DA:97,1
DA:132,0
DA:138,0
DA:139,0
DA:140,0
LF:32
LH:4
BRDA:51,0,0,0
BRDA:51,0,1,0
BRDA:54,1,0,0
BRDA:54,1,1,0
BRDA:57,2,0,0
BRDA:57,2,1,0
BRDA:57,3,0,0
BRDA:57,3,1,0
BRDA:60,4,0,0
BRDA:60,4,1,0
BRDA:60,5,0,0
BRDA:60,5,1,0
BRDA:63,6,0,0
BRDA:63,6,1,0
BRDA:66,7,0,0
BRDA:66,7,1,0
BRDA:71,8,0,0
BRDA:71,8,1,0
BRDA:72,9,0,0
BRDA:72,9,1,0
BRDA:75,10,0,0
BRDA:75,10,1,0
BRDA:75,11,0,0
BRDA:75,11,1,0
BRDA:78,12,0,0
BRDA:78,12,1,0
BRDA:78,13,0,0
BRDA:78,13,1,0
BRDA:81,14,0,0
BRDA:81,14,1,0
BRDA:84,15,0,0
BRDA:84,15,1,0
BRDA:135,16,0,0
BRDA:152,17,0,0
BRF:34
BRH:0
end_of_record
TN:
SF:src/components/ui/FileTypeIcon/index.ts
FNF:0
FNH:0
DA:2,1
LF:1
LH:1
BRF:0
BRH:0
end_of_record
TN:
SF:src/components/ui/FilterButton/FilterButton.tsx
FN:37,(anonymous_1)
FNF:1
FNH:1
FNDA:72,(anonymous_1)
DA:3,3
DA:4,3
DA:5,3
DA:36,43
DA:50,72
DA:83,72
DA:119,3
LF:7
LH:7
BRDA:39,0,0,66
BRDA:40,1,0,71
BRDA:41,2,0,13
BRDA:43,3,0,71
BRDA:44,4,0,19
BRDA:51,5,0,72
BRDA:53,6,0,8
BRDA:53,6,1,63
BRDA:57,7,0,72
BRDA:61,8,0,9
BRDA:61,8,1,63
BRDA:62,9,0,72
BRDA:62,9,1,8
BRDA:69,10,0,72
BRDA:83,11,0,8
BRDA:83,11,1,64
BRDA:83,12,0,72
BRDA:83,12,1,9
BRDA:90,13,0,9
BRDA:90,13,1,63
BRDA:93,14,0,72
BRDA:93,14,1,8
BRDA:102,15,0,71
BRDA:105,16,0,71
BRDA:105,16,1,1
BRDA:105,16,2,1
BRDA:110,17,0,1
BRDA:110,17,1,0
BRDA:110,17,2,0
BRF:29
BRH:27
end_of_record
TN:
SF:src/components/ui/FilterButton/index.ts
FNF:0
FNH:0
DA:1,20
LF:1
LH:1
BRF:0
BRH:0
end_of_record
TN:
SF:src/components/ui/FilterPopover/FilterPopover.tsx
FN:67,(anonymous_1)
FNF:1
FNH:1
FNDA:19,(anonymous_1)
DA:3,2
DA:4,2
DA:5,2
DA:6,2
DA:7,2
DA:66,20
DA:86,19
DA:135,2
LF:8
LH:8
BRDA:71,0,0,18
BRDA:72,1,0,18
BRDA:73,2,0,17
BRDA:76,3,0,18
BRDA:77,4,0,18
BRDA:80,5,0,19
BRDA:86,6,0,2
BRDA:86,6,1,17
BRDA:107,7,0,19
BRDA:120,8,0,19
BRF:10
BRH:10
end_of_record
TN:
SF:src/components/ui/FilterPopover/index.ts
FNF:0
FNH:0
DA:1,2
LF:1
LH:1
BRF:0
BRH:0
end_of_record
TN:
SF:src/components/ui/Form/Form.tsx
FN:42,(anonymous_13)
FN:73,FormItem
FN:87,FormLabel
FN:104,FormControl
FN:121,FormDescription
FN:134,FormMessage
FNF:6
FNH:6
FNDA:332,(anonymous_13)
FNDA:83,FormItem
FNDA:94,FormLabel
FNDA:94,FormControl
FNDA:50,FormDescription
FNDA:94,FormMessage
DA:4,2
DA:5,2
DA:14,2
DA:15,2
DA:16,2
DA:18,2
DA:27,2
DA:42,2
DA:43,332
DA:44,332
DA:45,332
DA:46,332
DA:47,332
DA:49,332
DA:50,0
DA:53,332
DA:55,332
DA:69,2
DA:74,83
DA:91,94
DA:106,94
DA:122,50
DA:135,94
DA:136,94
DA:138,94
DA:139,90
DA:155,24
DA:156,87
DA:157,46
DA:158,48
DA:159,87
DA:160,87
DA:161,87
DA:162,0
LF:34
LH:32
BRDA:49,0,0,0
BRDA:49,0,1,332
BRDA:111,1,0,4
BRDA:111,1,1,90
BRDA:136,2,0,4
BRDA:136,2,1,90
BRDA:136,3,0,4
BRDA:136,3,1,0
BRDA:138,4,0,90
BRDA:138,4,1,4
BRDA:144,5,0,4
BRDA:144,5,1,4
BRF:12
BRH:10
end_of_record
TN:
SF:src/components/ui/Form/index.ts
FNF:0
FNH:0
DA:2,0
DA:3,0
DA:4,0
DA:5,0
DA:6,0
DA:7,0
DA:8,0
DA:9,0
DA:10,1
LF:9
LH:1
BRF:0
BRH:0
end_of_record
TN:
SF:src/components/ui/Icon/Icon.tsx
FN:48,(anonymous_3)
FNF:1
FNH:1
FNDA:1667,(anonymous_3)
DA:2,24
DA:4,24
DA:6,24
DA:48,24
DA:60,1667
DA:61,1667
DA:64,1667
DA:65,39
DA:67,1628
DA:71,1667
DA:91,24
DA:93,1670
LF:12
LH:12
BRDA:56,0,0,1456
BRDA:60,1,0,1667
BRDA:60,1,1,39
BRDA:61,2,0,39
BRDA:61,2,1,1628
BRDA:61,3,0,39
BRDA:61,3,1,37
BRDA:64,4,0,39
BRDA:64,4,1,1628
BRDA:65,5,0,1
BRDA:65,5,1,38
BRDA:71,6,0,39
BRDA:71,6,1,1628
BRDA:71,7,0,1667
BRDA:71,7,1,39
BRF:15
BRH:15
end_of_record
TN:
SF:src/components/ui/Icon/index.ts
FNF:0
FNH:0
DA:2,1653
LF:1
LH:1
BRF:0
BRH:0
end_of_record
TN:
SF:src/components/ui/IconButton/IconButton.tsx
FN:85,(anonymous_3)
FN:100,(anonymous_4)
FNF:2
FNH:2
FNDA:100,(anonymous_3)
FNDA:100,(anonymous_4)
DA:2,6
DA:4,6
DA:5,6
DA:7,6
DA:84,6
DA:100,100
DA:101,100
DA:102,87
DA:104,13
DA:107,100
DA:136,6
DA:138,103
LF:12
LH:12
BRDA:95,0,0,87
BRDA:101,1,0,87
BRDA:101,1,1,13
BRDA:115,2,0,100
BRDA:115,2,1,99
BRDA:120,3,0,1
BRDA:120,3,1,99
BRF:7
BRH:7
end_of_record
TN:
SF:src/components/ui/IconButton/index.ts
FNF:0
FNH:0
DA:2,97
DA:4,2
DA:5,6
LF:3
LH:3
BRF:0
BRH:0
end_of_record
TN:
SF:src/components/ui/ImageGallery/ImageGallery.tsx
FN:29,ImageGallery
FN:46,(anonymous_2)
FN:47,(anonymous_3)
FN:54,(anonymous_4)
FN:72,(anonymous_5)
FN:77,(anonymous_6)
FN:78,(anonymous_7)
FN:96,(anonymous_8)
FN:101,(anonymous_9)
FN:127,(anonymous_10)
FN:176,(anonymous_11)
FN:188,(anonymous_12)
FN:202,(anonymous_13)
FNF:13
FNH:9
FNDA:48,ImageGallery
FNDA:20,(anonymous_2)
FNDA:20,(anonymous_3)
FNDA:28,(anonymous_4)
FNDA:8,(anonymous_5)
FNDA:0,(anonymous_6)
FNDA:0,(anonymous_7)
FNDA:2,(anonymous_8)
FNDA:5,(anonymous_9)
FNDA:0,(anonymous_10)
FNDA:108,(anonymous_11)
FNDA:1,(anonymous_12)
FNDA:0,(anonymous_13)
DA:4,2
DA:5,2
DA:6,2
DA:7,2
DA:8,2
DA:29,21
DA:39,48
DA:40,48
DA:41,48
DA:44,48
DA:46,48
DA:47,20
DA:48,20
DA:50,20
DA:51,20
DA:54,48
DA:55,28
DA:56,28
DA:57,6
DA:60,22
DA:63,22
DA:64,22
DA:72,48
DA:73,8
DA:74,8
DA:77,48
DA:78,0
DA:81,48
DA:96,40
DA:97,2
DA:98,2
DA:101,40
DA:102,5
DA:103,5
DA:127,0
DA:177,108
DA:188,1
DA:202,0
LF:38
LH:35
BRDA:34,0,0,46
BRDA:37,1,0,48
BRDA:48,2,0,16
BRDA:48,2,1,4
BRDA:56,3,0,6
BRDA:56,3,1,22
BRDA:63,4,0,22
BRDA:63,4,1,0
BRDA:81,5,0,8
BRDA:81,5,1,40
BRDA:81,6,0,48
BRDA:81,6,1,48
BRDA:86,7,0,8
BRDA:86,7,1,8
BRDA:89,8,0,0
BRDA:89,8,1,8
BRDA:97,9,0,1
BRDA:97,9,1,1
BRDA:102,10,0,4
BRDA:102,10,1,1
BRDA:112,11,0,40
BRDA:112,11,1,40
BRDA:114,12,0,0
BRDA:114,12,1,40
BRDA:116,13,0,40
BRDA:125,14,0,40
BRDA:125,14,1,0
BRDA:131,15,0,40
BRDA:135,16,0,40
BRDA:139,17,0,40
BRDA:166,18,0,40
BRDA:166,18,1,40
BRDA:174,19,0,40
BRDA:183,20,0,36
BRDA:183,20,1,72
BRDA:191,21,0,108
BRDA:200,22,0,0
BRDA:200,22,1,108
BRF:38
BRH:33
end_of_record
TN:
SF:src/components/ui/ImageGallery/index.ts
FNF:0
FNH:0
DA:2,2
LF:1
LH:1
BRF:0
BRH:0
end_of_record
TN:
SF:src/components/ui/ImagePreview/ImagePreview.tsx
FN:28,ImagePreview
FNF:1
FNH:0
FNDA:0,ImagePreview
DA:3,1
DA:4,1
DA:5,1
DA:28,0
DA:71,1
LF:5
LH:4
BRDA:34,0,0,0
BRDA:45,1,0,0
BRDA:61,2,0,0
BRDA:64,3,0,0
BRDA:64,3,1,0
BRF:5
BRH:0
end_of_record
TN:
SF:src/components/ui/ImagePreview/index.ts
FNF:0
FNH:0
DA:1,1
LF:1
LH:1
BRF:0
BRH:0
end_of_record
TN:
SF:src/components/ui/Input/Input.tsx
FN:10,Input
FNF:1
FNH:1
FNDA:9,Input
DA:2,2
DA:3,2
DA:12,9
DA:16,9
DA:79,9
LF:5
LH:5
BRDA:12,0,0,9
BRDA:12,0,1,0
BRDA:12,0,2,0
BRDA:12,0,3,0
BRDA:16,1,0,3
BRDA:16,1,1,6
BRDA:21,2,0,3
BRDA:21,2,1,1
BRDA:23,3,0,3
BRDA:23,3,1,1
BRDA:30,4,0,3
BRDA:30,4,1,1
BRDA:31,5,0,3
BRDA:31,5,1,1
BRDA:48,6,0,3
BRF:15
BRH:12
end_of_record
TN:
SF:src/components/ui/Input/index.ts
FNF:0
FNH:0
DA:1,1
LF:1
LH:1
BRF:0
BRH:0
end_of_record
TN:
SF:src/components/ui/InputTag/InputTag.tsx
FN:63,(anonymous_1)
FN:85,(anonymous_2)
FN:98,(anonymous_3)
FN:114,(anonymous_4)
FN:125,(anonymous_5)
FN:126,(anonymous_6)
FN:155,(anonymous_7)
FN:170,(anonymous_8)
FN:188,(anonymous_9)
FNF:9
FNH:8
FNDA:57,(anonymous_1)
FNDA:4,(anonymous_2)
FNDA:43,(anonymous_3)
FNDA:0,(anonymous_4)
FNDA:1,(anonymous_5)
FNDA:2,(anonymous_6)
FNDA:30,(anonymous_7)
FNDA:1,(anonymous_8)
FNDA:37,(anonymous_9)
DA:3,2
DA:4,2
DA:5,2
DA:62,18
DA:81,57
DA:83,57
DA:85,57
DA:86,4
DA:87,4
DA:88,0
DA:90,4
DA:91,1
DA:93,3
DA:94,3
DA:97,57
DA:99,43
DA:100,4
DA:101,4
DA:105,43
DA:106,1
DA:112,57
DA:113,57
DA:115,0
DA:116,0
DA:119,0
DA:124,57
DA:126,2
DA:156,30
DA:170,1
DA:188,37
DA:203,2
LF:31
LH:27
BRDA:65,0,0,5
BRDA:68,1,0,55
BRDA:70,2,0,38
BRDA:71,3,0,57
BRDA:73,4,0,56
BRDA:83,5,0,57
BRDA:83,5,1,1
BRDA:87,6,0,0
BRDA:87,6,1,4
BRDA:87,7,0,4
BRDA:87,7,1,4
BRDA:90,8,0,1
BRDA:90,8,1,3
BRDA:90,9,0,4
BRDA:90,9,1,3
BRDA:99,10,0,4
BRDA:99,10,1,39
BRDA:99,11,0,43
BRDA:99,11,1,5
BRDA:105,12,0,1
BRDA:105,12,1,42
BRDA:105,13,0,43
BRDA:105,13,1,1
BRDA:105,13,2,1
BRDA:115,14,0,0
BRDA:115,14,1,0
BRDA:131,15,0,57
BRDA:135,16,0,2
BRDA:135,16,1,0
BRDA:136,17,0,1
BRDA:136,17,1,1
BRDA:149,18,0,57
BRDA:149,18,1,1
BRDA:153,19,0,57
BRDA:153,19,1,56
BRDA:166,20,0,30
BRDA:183,21,0,57
BRDA:183,21,1,1
BRDA:186,22,0,57
BRDA:186,22,1,56
BRDA:190,23,0,31
BRDA:190,23,1,26
BRDA:197,24,0,57
BRDA:197,24,1,1
BRF:44
BRH:40
end_of_record
TN:
SF:src/components/ui/InputTag/index.ts
FNF:0
FNH:0
DA:1,2
LF:1
LH:1
BRF:0
BRH:0
end_of_record
TN:
SF:src/components/ui/Label/Label.tsx
FN:26,Label
FNF:1
FNH:1
FNDA:95,Label
DA:1,3
DA:2,3
DA:5,3
DA:7,3
DA:36,96
LF:5
LH:5
BRF:0
BRH:0
end_of_record
TN:
SF:src/components/ui/Label/index.ts
FNF:0
FNH:0
DA:1,95
LF:1
LH:1
BRF:0
BRH:0
end_of_record
TN:
SF:src/components/ui/LoadingOverlay/LoadingOverlay.tsx
FN:9,LoadingOverlay
FNF:1
FNH:1
FNDA:4,LoadingOverlay
DA:1,2
DA:9,4
DA:14,4
DA:15,1
LF:4
LH:4
BRDA:11,0,0,3
BRDA:14,1,0,1
BRDA:14,1,1,3
BRDA:49,2,0,3
BRF:4
BRH:4
end_of_record
TN:
SF:src/components/ui/LoadingOverlay/index.ts
FNF:0
FNH:0
DA:2,1
LF:1
LH:1
BRF:0
BRH:0
end_of_record
TN:
SF:src/components/ui/Map/Map.tsx
FN:25,MapComponent
FN:40,(anonymous_3)
FN:47,(anonymous_4)
FN:49,(anonymous_5)
FN:57,(anonymous_6)
FN:77,(anonymous_7)
FN:81,(anonymous_8)
FN:93,(anonymous_9)
FN:98,(anonymous_10)
FN:101,(anonymous_11)
FN:108,(anonymous_12)
FN:114,(anonymous_13)
FN:122,(anonymous_14)
FN:142,(anonymous_15)
FNF:14
FNH:10
FNDA:8,MapComponent
FNDA:4,(anonymous_3)
FNDA:0,(anonymous_4)
FNDA:4,(anonymous_5)
FNDA:4,(anonymous_6)
FNDA:0,(anonymous_7)
FNDA:4,(anonymous_8)
FNDA:8,(anonymous_9)
FNDA:0,(anonymous_10)
FNDA:0,(anonymous_11)
FNDA:4,(anonymous_12)
FNDA:8,(anonymous_13)
FNDA:8,(anonymous_14)
FNDA:8,(anonymous_15)
DA:3,2
DA:4,2
DA:13,2
DA:15,2
DA:16,2
DA:17,2
DA:20,2
DA:25,4
DA:29,8
DA:30,8
DA:31,8
DA:32,8
DA:33,8
DA:34,8
DA:35,8
DA:36,8
DA:37,8
DA:39,8
DA:40,4
DA:47,8
DA:49,8
DA:50,4
DA:51,0
DA:52,0
DA:57,8
DA:58,4
DA:59,0
DA:61,4
DA:64,4
DA:65,4
DA:67,4
DA:77,4
DA:78,4
DA:79,4
DA:81,4
DA:82,4
DA:83,4
DA:84,4
DA:85,4
DA:86,4
DA:87,4
DA:88,4
DA:93,8
DA:94,8
DA:95,4
DA:98,4
DA:99,0
DA:101,0
DA:102,0
DA:106,4
DA:108,4
DA:109,4
DA:114,8
DA:115,8
DA:116,8
DA:118,0
DA:122,8
DA:123,8
DA:124,4
DA:128,4
DA:130,4
DA:131,4
DA:134,0
DA:135,0
DA:136,0
DA:138,0
DA:141,8
DA:142,8
LF:68
LH:57
BRDA:41,0,0,4
BRDA:41,0,1,4
BRDA:42,1,0,4
BRDA:42,1,1,4
BRDA:50,2,0,0
BRDA:50,2,1,4
BRDA:58,3,0,0
BRDA:58,3,1,4
BRDA:58,4,0,4
BRDA:58,4,1,4
BRDA:64,5,0,1
BRDA:64,5,1,3
BRDA:94,6,0,4
BRDA:94,6,1,4
BRDA:115,7,0,8
BRDA:115,7,1,0
BRDA:115,8,0,8
BRDA:115,8,1,4
BRDA:115,8,2,0
BRDA:123,9,0,4
BRDA:123,9,1,4
BRDA:123,10,0,8
BRDA:123,10,1,4
BRDA:128,11,0,1
BRDA:128,11,1,3
BRDA:130,12,0,4
BRDA:130,12,1,0
BRDA:144,13,0,8
BRDA:144,13,1,0
BRDA:152,14,0,8
BRDA:152,14,1,8
BRDA:154,15,0,8
BRDA:154,15,1,4
BRF:33
BRH:27
end_of_record
TN:
SF:src/components/ui/Map/MapClusterLayer.tsx
FN:9,MapClusterLayer
FN:32,(anonymous_2)
FN:140,(anonymous_3)
FN:173,(anonymous_4)
FN:190,(anonymous_5)
FN:238,(anonymous_6)
FN:251,(anonymous_7)
FN:278,(anonymous_8)
FN:287,(anonymous_9)
FN:293,(anonymous_10)
FN:330,(anonymous_11)
FN:359,(anonymous_12)
FN:362,(anonymous_13)
FN:365,(anonymous_14)
FN:370,(anonymous_15)
FN:381,(anonymous_16)
FNF:16
FNH:8
FNDA:7,MapClusterLayer
FNDA:7,(anonymous_2)
FNDA:6,(anonymous_3)
FNDA:7,(anonymous_4)
FNDA:7,(anonymous_5)
FNDA:7,(anonymous_6)
FNDA:0,(anonymous_7)
FNDA:0,(anonymous_8)
FNDA:7,(anonymous_9)
FNDA:0,(anonymous_10)
FNDA:0,(anonymous_11)
FNDA:0,(anonymous_12)
FNDA:0,(anonymous_13)
FNDA:0,(anonymous_14)
FNDA:0,(anonymous_15)
FNDA:6,(anonymous_16)
DA:4,2
DA:6,2
DA:9,7
DA:21,7
DA:22,7
DA:23,7
DA:24,7
DA:25,7
DA:26,7
DA:28,7
DA:29,7
DA:32,7
DA:33,7
DA:34,1
DA:38,6
DA:39,0
DA:40,0
DA:44,6
DA:57,6
DA:58,6
DA:90,6
DA:91,6
DA:107,6
DA:108,6
DA:109,6
DA:123,6
DA:124,6
DA:138,6
DA:140,6
DA:141,6
DA:142,6
DA:143,0
DA:145,6
DA:146,0
DA:148,6
DA:149,6
DA:150,0
DA:152,6
DA:153,0
DA:155,6
DA:156,0
DA:158,6
DA:173,7
DA:174,7
DA:180,1
DA:183,6
DA:184,6
DA:185,0
DA:190,7
DA:191,7
DA:192,1
DA:196,6
DA:197,0
DA:206,0
DA:218,6
DA:219,0
DA:223,6
DA:224,6
DA:225,0
DA:238,7
DA:239,7
DA:240,1
DA:243,6
DA:244,6
DA:245,6
DA:248,0
DA:249,0
DA:251,0
DA:252,0
DA:253,0
DA:256,0
DA:257,0
DA:260,0
DA:263,0
DA:266,0
DA:268,0
DA:269,0
DA:270,0
DA:273,0
DA:276,0
DA:278,0
DA:279,0
DA:280,0
DA:281,0
DA:287,7
DA:288,7
DA:289,1
DA:293,6
DA:298,0
DA:301,0
DA:302,0
DA:306,0
DA:308,0
DA:309,0
DA:310,0
DA:311,0
DA:316,0
DA:317,0
DA:320,0
DA:321,0
DA:322,0
DA:330,6
DA:335,0
DA:336,0
DA:340,0
DA:342,0
DA:343,0
DA:348,0
DA:349,0
DA:352,0
DA:359,6
DA:360,0
DA:362,6
DA:363,0
DA:365,6
DA:366,0
DA:367,0
DA:370,6
DA:371,0
DA:374,6
DA:375,6
DA:376,6
DA:377,6
DA:378,6
DA:379,6
DA:381,6
DA:382,6
DA:383,6
DA:384,6
DA:385,6
DA:386,6
DA:387,6
DA:399,7
LF:133
LH:76
BRDA:13,0,0,7
BRDA:14,1,0,7
BRDA:15,2,0,6
BRDA:16,3,0,7
BRDA:17,4,0,6
BRDA:33,5,0,1
BRDA:33,5,1,6
BRDA:33,6,0,7
BRDA:33,6,1,6
BRDA:38,7,0,0
BRDA:38,7,1,6
BRDA:57,8,0,6
BRDA:57,8,1,0
BRDA:90,9,0,6
BRDA:90,9,1,0
BRDA:108,10,0,6
BRDA:108,10,1,0
BRDA:123,11,0,6
BRDA:123,11,1,0
BRDA:142,12,0,0
BRDA:142,12,1,6
BRDA:145,13,0,0
BRDA:145,13,1,6
BRDA:149,14,0,0
BRDA:149,14,1,6
BRDA:152,15,0,0
BRDA:152,15,1,6
BRDA:155,16,0,0
BRDA:155,16,1,6
BRDA:174,17,0,1
BRDA:174,17,1,6
BRDA:175,18,0,7
BRDA:175,18,1,6
BRDA:175,18,2,6
BRDA:175,18,3,6
BRDA:184,19,0,0
BRDA:184,19,1,6
BRDA:191,20,0,1
BRDA:191,20,1,6
BRDA:191,21,0,7
BRDA:191,21,1,6
BRDA:191,21,2,6
BRDA:196,22,0,0
BRDA:196,22,1,6
BRDA:218,23,0,0
BRDA:218,23,1,6
BRDA:224,24,0,0
BRDA:224,24,1,6
BRDA:239,25,0,1
BRDA:239,25,1,6
BRDA:239,26,0,7
BRDA:239,26,1,6
BRDA:239,26,2,6
BRDA:244,27,0,6
BRDA:244,27,1,0
BRDA:252,28,0,0
BRDA:252,28,1,0
BRDA:268,29,0,0
BRDA:268,29,1,0
BRDA:279,30,0,0
BRDA:279,30,1,0
BRDA:288,31,0,1
BRDA:288,31,1,6
BRDA:288,32,0,7
BRDA:288,32,1,6
BRDA:301,33,0,0
BRDA:301,33,1,0
BRDA:316,34,0,0
BRDA:316,34,1,0
BRDA:335,35,0,0
BRDA:335,35,1,0
BRDA:335,36,0,0
BRDA:335,36,1,0
BRDA:349,37,0,0
BRDA:349,37,1,0
BRDA:366,38,0,0
BRDA:366,38,1,0
BRF:77
BRH:44
end_of_record
TN:
SF:src/components/ui/Map/MapControls.tsx
FN:24,ControlGroup
FN:32,ControlButton
FN:59,CompassButton
FN:63,(anonymous_4)
FN:70,(anonymous_5)
FN:80,(anonymous_6)
FN:105,MapControls
FN:119,(anonymous_8)
FN:123,(anonymous_9)
FN:127,(anonymous_10)
FN:131,(anonymous_11)
FN:135,(anonymous_12)
FN:148,(anonymous_13)
FN:156,(anonymous_14)
FNF:14
FNH:7
FNDA:16,ControlGroup
FNDA:27,ControlButton
FNDA:1,CompassButton
FNDA:1,(anonymous_4)
FNDA:1,(anonymous_5)
FNDA:1,(anonymous_6)
FNDA:12,MapControls
FNDA:0,(anonymous_8)
FNDA:0,(anonymous_9)
FNDA:0,(anonymous_10)
FNDA:0,(anonymous_11)
FNDA:0,(anonymous_12)
FNDA:0,(anonymous_13)
FNDA:0,(anonymous_14)
DA:4,2
DA:5,2
DA:12,2
DA:14,2
DA:17,2
DA:60,1
DA:61,1
DA:63,1
DA:64,1
DA:65,0
DA:68,1
DA:70,1
DA:71,1
DA:72,1
DA:73,1
DA:76,1
DA:77,1
DA:78,1
DA:80,1
DA:81,1
DA:82,1
DA:105,12
DA:116,12
DA:117,12
DA:119,12
DA:120,0
DA:123,12
DA:124,0
DA:127,12
DA:128,0
DA:131,12
DA:132,0
DA:133,0
DA:134,0
DA:136,0
DA:140,0
DA:145,0
DA:146,0
DA:149,0
DA:150,0
DA:156,12
DA:157,0
DA:158,0
DA:159,0
DA:161,0
DA:162,0
DA:164,0
LF:47
LH:28
BRDA:36,0,0,26
BRDA:48,1,0,27
BRDA:48,1,1,0
BRDA:64,2,0,0
BRDA:64,2,1,1
BRDA:64,3,0,1
BRDA:64,3,1,1
BRDA:106,4,0,11
BRDA:107,5,0,11
BRDA:108,6,0,11
BRDA:109,7,0,11
BRDA:110,8,0,8
BRDA:111,9,0,11
BRDA:133,10,0,0
BRDA:133,10,1,0
BRDA:158,11,0,0
BRDA:158,11,1,0
BRDA:161,12,0,0
BRDA:161,12,1,0
BRDA:176,13,0,12
BRDA:186,14,0,12
BRDA:186,14,1,3
BRDA:193,15,0,12
BRDA:198,16,0,12
BRDA:206,17,0,0
BRDA:213,18,0,12
BRF:26
BRH:17
end_of_record
TN:
SF:src/components/ui/Map/MapMarker.tsx
FN:20,MapMarker
FN:48,(anonymous_8)
FN:55,(anonymous_9)
FN:61,(anonymous_10)
FN:67,(anonymous_11)
FN:68,(anonymous_12)
FN:69,(anonymous_13)
FN:75,(anonymous_14)
FN:83,(anonymous_15)
FN:88,(anonymous_16)
FN:92,(anonymous_17)
FN:96,(anonymous_18)
FN:105,(anonymous_19)
FN:113,(anonymous_20)
FN:123,(anonymous_21)
FN:130,(anonymous_22)
FN:164,MarkerContent
FN:175,MarkerPopup
FN:182,(anonymous_25)
FN:186,(anonymous_26)
FN:199,(anonymous_27)
FN:207,(anonymous_28)
FN:225,(anonymous_29)
FN:251,MarkerTooltip
FN:257,(anonymous_31)
FN:261,(anonymous_32)
FN:273,(anonymous_33)
FN:280,(anonymous_34)
FN:283,(anonymous_35)
FN:288,(anonymous_36)
FN:321,MarkerLabel
FNF:31
FNH:1
FNDA:0,MapMarker
FNDA:0,(anonymous_8)
FNDA:0,(anonymous_9)
FNDA:0,(anonymous_10)
FNDA:0,(anonymous_11)
FNDA:0,(anonymous_12)
FNDA:0,(anonymous_13)
FNDA:0,(anonymous_14)
FNDA:0,(anonymous_15)
FNDA:0,(anonymous_16)
FNDA:0,(anonymous_17)
FNDA:0,(anonymous_18)
FNDA:0,(anonymous_19)
FNDA:0,(anonymous_20)
FNDA:0,(anonymous_21)
FNDA:0,(anonymous_22)
FNDA:0,MarkerContent
FNDA:0,MarkerPopup
FNDA:0,(anonymous_25)
FNDA:0,(anonymous_26)
FNDA:0,(anonymous_27)
FNDA:0,(anonymous_28)
FNDA:0,(anonymous_29)
FNDA:0,MarkerTooltip
FNDA:0,(anonymous_31)
FNDA:0,(anonymous_32)
FNDA:0,(anonymous_33)
FNDA:0,(anonymous_34)
FNDA:0,(anonymous_35)
FNDA:0,(anonymous_36)
FNDA:4,MarkerLabel
DA:3,2
DA:4,2
DA:5,2
DA:6,2
DA:7,2
DA:9,2
DA:10,2
DA:11,2
DA:20,0
DA:33,0
DA:34,0
DA:37,0
DA:38,0
DA:45,0
DA:48,0
DA:49,0
DA:50,0
DA:53,0
DA:55,0
DA:56,0
DA:61,0
DA:62,0
DA:63,0
DA:64,0
DA:67,0
DA:68,0
DA:69,0
DA:71,0
DA:72,0
DA:73,0
DA:75,0
DA:76,0
DA:77,0
DA:78,0
DA:83,0
DA:84,0
DA:85,0
DA:88,0
DA:89,0
DA:90,0
DA:92,0
DA:93,0
DA:94,0
DA:96,0
DA:97,0
DA:98,0
DA:101,0
DA:102,0
DA:103,0
DA:105,0
DA:106,0
DA:107,0
DA:108,0
DA:113,0
DA:114,0
DA:118,0
DA:123,0
DA:124,0
DA:125,0
DA:130,0
DA:131,0
DA:132,0
DA:133,0
DA:136,0
DA:137,0
DA:140,0
DA:141,0
DA:143,0
DA:144,0
DA:146,0
DA:147,0
DA:164,0
DA:165,0
DA:167,0
DA:175,0
DA:181,0
DA:182,0
DA:183,0
DA:186,0
DA:187,0
DA:195,0
DA:199,0
DA:200,0
DA:201,0
DA:204,0
DA:205,0
DA:207,0
DA:208,0
DA:212,0
DA:213,0
DA:215,0
DA:216,0
DA:218,0
DA:219,0
DA:222,0
DA:225,0
DA:227,0
DA:251,0
DA:256,0
DA:257,0
DA:258,0
DA:261,0
DA:262,0
DA:269,0
DA:273,0
DA:274,0
DA:275,0
DA:278,0
DA:280,0
DA:281,0
DA:283,0
DA:285,0
DA:286,0
DA:288,0
DA:289,0
DA:290,0
DA:291,0
DA:295,0
DA:296,0
DA:298,0
DA:299,0
DA:301,0
DA:302,0
DA:305,0
DA:308,0
DA:321,4
DA:326,4
LF:127
LH:10
BRDA:30,0,0,0
BRDA:37,1,0,0
BRDA:37,1,1,0
BRDA:49,2,0,0
BRDA:49,2,1,0
BRDA:49,3,0,0
BRDA:49,3,1,0
BRDA:63,4,0,0
BRDA:63,4,1,0
BRDA:84,5,0,0
BRDA:84,5,1,0
BRDA:114,6,0,0
BRDA:114,6,1,0
BRDA:115,7,0,0
BRDA:115,7,1,0
BRDA:124,8,0,0
BRDA:124,8,1,0
BRDA:132,9,0,0
BRDA:132,9,1,0
BRDA:133,10,0,0
BRDA:133,10,1,0
BRDA:136,11,0,0
BRDA:136,11,1,0
BRDA:136,12,0,0
BRDA:136,12,1,0
BRDA:140,13,0,0
BRDA:140,13,1,0
BRDA:141,14,0,0
BRDA:141,14,1,0
BRDA:143,15,0,0
BRDA:143,15,1,0
BRDA:144,16,0,0
BRDA:144,16,1,0
BRDA:146,17,0,0
BRDA:146,17,1,0
BRDA:147,18,0,0
BRDA:147,18,1,0
BRDA:169,19,0,0
BRDA:169,19,1,0
BRDA:178,20,0,0
BRDA:200,21,0,0
BRDA:200,21,1,0
BRDA:212,22,0,0
BRDA:212,22,1,0
BRDA:215,23,0,0
BRDA:215,23,1,0
BRDA:216,24,0,0
BRDA:216,24,1,0
BRDA:218,25,0,0
BRDA:218,25,1,0
BRDA:218,26,0,0
BRDA:218,26,1,0
BRDA:219,27,0,0
BRDA:219,27,1,0
BRDA:234,28,0,0
BRDA:274,29,0,0
BRDA:274,29,1,0
BRDA:295,30,0,0
BRDA:295,30,1,0
BRDA:298,31,0,0
BRDA:298,31,1,0
BRDA:299,32,0,0
BRDA:299,32,1,0
BRDA:301,33,0,0
BRDA:301,33,1,0
BRDA:301,34,0,0
BRDA:301,34,1,0
BRDA:302,35,0,0
BRDA:302,35,1,0
BRDA:324,36,0,3
BRF:70
BRH:1
end_of_record
TN:
SF:src/components/ui/Map/MapPopup.tsx
FN:12,MapPopup
FN:27,(anonymous_3)
FN:30,(anonymous_4)
FN:37,(anonymous_5)
FN:50,(anonymous_6)
FN:59,(anonymous_7)
FN:65,(anonymous_8)
FN:71,(anonymous_9)
FN:80,(anonymous_10)
FN:92,(anonymous_11)
FN:103,(anonymous_12)
FNF:11
FNH:9
FNDA:10,MapPopup
FNDA:5,(anonymous_3)
FNDA:5,(anonymous_4)
FNDA:10,(anonymous_5)
FNDA:5,(anonymous_6)
FNDA:10,(anonymous_7)
FNDA:0,(anonymous_8)
FNDA:5,(anonymous_9)
FNDA:5,(anonymous_10)
FNDA:5,(anonymous_11)
FNDA:0,(anonymous_12)
DA:3,2
DA:4,2
DA:5,2
DA:6,2
DA:7,2
DA:9,2
DA:12,5
DA:22,10
DA:23,10
DA:24,10
DA:27,10
DA:28,5
DA:29,5
DA:30,5
DA:31,5
DA:37,10
DA:38,10
DA:39,5
DA:42,5
DA:50,5
DA:51,5
DA:52,0
DA:54,5
DA:59,10
DA:60,10
DA:61,10
DA:62,5
DA:65,5
DA:66,5
DA:68,5
DA:69,5
DA:71,5
DA:72,5
DA:73,5
DA:74,0
DA:80,10
DA:81,5
DA:82,5
DA:83,5
DA:85,0
DA:86,0
DA:87,0
DA:92,10
DA:93,5
DA:94,5
DA:95,5
DA:97,0
DA:98,0
DA:99,0
DA:103,10
DA:104,0
DA:105,0
DA:109,10
DA:110,5
DA:113,5
LF:55
LH:45
BRDA:18,0,0,8
BRDA:19,1,0,8
BRDA:38,2,0,5
BRDA:38,2,1,5
BRDA:51,3,0,0
BRDA:51,3,1,5
BRDA:61,4,0,5
BRDA:61,4,1,5
BRDA:61,5,0,10
BRDA:61,5,1,10
BRDA:61,5,2,5
BRDA:73,6,0,0
BRDA:73,6,1,5
BRDA:82,7,0,5
BRDA:82,7,1,0
BRDA:86,8,0,0
BRDA:86,8,1,0
BRDA:86,9,0,0
BRDA:86,9,1,0
BRDA:94,10,0,5
BRDA:94,10,1,0
BRDA:97,11,0,0
BRDA:97,11,1,0
BRDA:98,12,0,0
BRDA:98,12,1,0
BRDA:109,13,0,5
BRDA:109,13,1,5
BRDA:117,14,0,5
BRDA:117,14,1,1
BRDA:121,15,0,5
BRF:30
BRH:18
end_of_record
TN:
SF:src/components/ui/Map/MapRoute.tsx
FN:9,MapRoute
FN:29,(anonymous_2)
FN:56,(anonymous_3)
FN:71,(anonymous_4)
FN:86,(anonymous_5)
FN:100,(anonymous_6)
FN:105,(anonymous_7)
FN:108,(anonymous_8)
FN:112,(anonymous_9)
FN:121,(anonymous_10)
FNF:10
FNH:0
FNDA:0,MapRoute
FNDA:0,(anonymous_2)
FNDA:0,(anonymous_3)
FNDA:0,(anonymous_4)
FNDA:0,(anonymous_5)
FNDA:0,(anonymous_6)
FNDA:0,(anonymous_7)
FNDA:0,(anonymous_8)
FNDA:0,(anonymous_9)
FNDA:0,(anonymous_10)
DA:4,2
DA:6,2
DA:9,0
DA:21,0
DA:22,0
DA:23,0
DA:24,0
DA:25,0
DA:29,0
DA:30,0
DA:31,0
DA:34,0
DA:43,0
DA:56,0
DA:57,0
DA:58,0
DA:59,0
DA:61,0
DA:62,0
DA:71,0
DA:72,0
DA:73,0
DA:76,0
DA:77,0
DA:78,0
DA:86,0
DA:87,0
DA:88,0
DA:91,0
DA:92,0
DA:93,0
DA:94,0
DA:95,0
DA:100,0
DA:101,0
DA:102,0
DA:105,0
DA:106,0
DA:108,0
DA:109,0
DA:110,0
DA:112,0
DA:113,0
DA:114,0
DA:117,0
DA:118,0
DA:119,0
DA:121,0
DA:122,0
DA:123,0
DA:124,0
DA:136,0
LF:52
LH:2
BRDA:12,0,0,0
BRDA:13,1,0,0
BRDA:14,2,0,0
BRDA:19,3,0,0
BRDA:23,4,0,0
BRDA:23,4,1,0
BRDA:30,5,0,0
BRDA:30,5,1,0
BRDA:30,6,0,0
BRDA:30,6,1,0
BRDA:52,7,0,0
BRDA:52,7,1,0
BRDA:58,8,0,0
BRDA:58,8,1,0
BRDA:61,9,0,0
BRDA:61,9,1,0
BRDA:72,10,0,0
BRDA:72,10,1,0
BRDA:72,11,0,0
BRDA:72,11,1,0
BRDA:72,11,2,0
BRDA:77,12,0,0
BRDA:77,12,1,0
BRDA:87,13,0,0
BRDA:87,13,1,0
BRDA:87,14,0,0
BRDA:87,14,1,0
BRDA:87,14,2,0
BRDA:94,15,0,0
BRDA:94,15,1,0
BRDA:101,16,0,0
BRDA:101,16,1,0
BRDA:101,17,0,0
BRDA:101,17,1,0
BRDA:101,17,2,0
BRF:35
BRH:0
end_of_record
TN:
SF:src/components/ui/Map/PulsingMarker.tsx
FN:34,PulsingMarker
FN:49,(anonymous_2)
FNF:2
FNH:0
FNDA:0,PulsingMarker
FNDA:0,(anonymous_2)
DA:4,2
DA:5,2
DA:6,2
DA:8,2
DA:10,2
DA:34,0
DA:44,0
DA:45,0
DA:48,0
DA:50,0
LF:10
LH:5
BRDA:37,0,0,0
BRDA:38,1,0,0
BRDA:48,2,0,0
BRDA:48,2,1,0
BRF:4
BRH:0
end_of_record
TN:
SF:src/components/ui/Map/context.ts
FNF:0
FNH:0
DA:3,3
DA:6,66
DA:8,4
LF:3
LH:3
BRF:0
BRH:0
end_of_record
TN:
SF:src/components/ui/Map/hooks.ts
FN:8,getDocumentTheme
FN:22,getSystemTheme
FN:31,useResolvedTheme
FN:33,(anonymous_8)
FN:36,(anonymous_9)
FN:42,(anonymous_10)
FN:55,(anonymous_11)
FN:63,(anonymous_12)
FN:72,useMap
FN:80,useMarkerContext
FN:93,usePopupAnchor
FN:97,(anonymous_16)
FNF:12
FNH:8
FNDA:9,getDocumentTheme
FNDA:7,getSystemTheme
FNDA:13,useResolvedTheme
FNDA:9,(anonymous_8)
FNDA:9,(anonymous_9)
FNDA:0,(anonymous_10)
FNDA:0,(anonymous_11)
FNDA:6,(anonymous_12)
FNDA:33,useMap
FNDA:3,useMarkerContext
FNDA:0,usePopupAnchor
FNDA:0,(anonymous_16)
DA:3,3
DA:4,3
DA:9,9
DA:10,0
DA:12,9
DA:13,1
DA:15,8
DA:16,1
DA:18,7
DA:23,7
DA:24,0
DA:26,7
DA:31,13
DA:32,13
DA:33,9
DA:36,13
DA:37,9
DA:38,3
DA:42,6
DA:43,0
DA:44,0
DA:45,0
DA:48,6
DA:54,6
DA:55,6
DA:57,0
DA:58,0
DA:61,6
DA:63,6
DA:64,6
DA:65,6
DA:69,13
DA:72,33
DA:73,33
DA:74,33
DA:75,2
DA:77,31
DA:80,3
DA:81,3
DA:82,3
DA:83,2
DA:85,1
DA:93,0
DA:94,0
DA:96,0
DA:98,0
DA:99,0
DA:101,0
DA:102,0
DA:103,0
DA:108,0
LF:51
LH:35
BRDA:9,0,0,0
BRDA:9,0,1,9
BRDA:12,1,0,1
BRDA:12,1,1,8
BRDA:15,2,0,1
BRDA:15,2,1,7
BRDA:23,3,0,0
BRDA:23,3,1,7
BRDA:26,4,0,1
BRDA:26,4,1,6
BRDA:33,5,0,9
BRDA:33,5,1,7
BRDA:37,6,0,3
BRDA:37,6,1,6
BRDA:44,7,0,0
BRDA:44,7,1,0
BRDA:57,8,0,0
BRDA:57,8,1,0
BRDA:58,9,0,0
BRDA:58,9,1,0
BRDA:69,10,0,13
BRDA:69,10,1,9
BRDA:74,11,0,2
BRDA:74,11,1,31
BRDA:82,12,0,2
BRDA:82,12,1,1
BRDA:98,13,0,0
BRDA:98,13,1,0
BRDA:103,14,0,0
BRDA:103,14,1,0
BRF:30
BRH:18
end_of_record
TN:
SF:src/components/ui/Map/index.ts
FNF:0
FNH:0
DA:1,2
DA:2,4
DA:3,7
DA:4,12
DA:6,0
DA:7,0
DA:8,4
DA:9,0
DA:10,0
DA:11,2
DA:12,5
DA:13,2
DA:15,2
LF:13
LH:9
BRF:0
BRH:0
end_of_record
TN:
SF:src/components/ui/Map/components/DefaultLoader.tsx
FN:3,DefaultLoader
FNF:1
FNH:1
FNDA:8,DefaultLoader
DA:3,8
LF:1
LH:1
BRF:0
BRH:0
end_of_record
TN:
SF:src/components/ui/Map/components/DefaultMarkerIcon.tsx
FN:3,DefaultMarkerIcon
FNF:1
FNH:0
FNDA:0,DefaultMarkerIcon
DA:3,0
LF:1
LH:0
BRF:0
BRH:0
end_of_record
TN:
SF:src/components/ui/Map/components/index.ts
FNF:0
FNH:0
DA:1,8
DA:2,2
LF:2
LH:2
BRF:0
BRH:0
end_of_record
TN:
SF:src/components/ui/Pagination/index.ts
FNF:0
FNH:0
DA:1,1
LF:1
LH:1
BRF:0
BRH:0
end_of_record
TN:
SF:src/components/ui/Pagination/pagination.tsx
FN:16,generatePaginationRange
FN:23,(anonymous_4)
FN:97,DynamicPagination
FN:113,(anonymous_6)
FN:119,(anonymous_7)
FN:151,(anonymous_8)
FN:165,(anonymous_9)
FNF:7
FNH:7
FNDA:18,generatePaginationRange
FNDA:57,(anonymous_4)
FNDA:10,DynamicPagination
FNDA:1,(anonymous_6)
FNDA:1,(anonymous_7)
FNDA:54,(anonymous_8)
FNDA:1,(anonymous_9)
DA:2,2
DA:3,2
DA:22,18
DA:23,57
DA:26,7
DA:27,7
DA:31,7
DA:32,7
DA:35,7
DA:36,7
DA:38,7
DA:39,4
DA:41,2
DA:47,2
DA:51,7
DA:52,7
DA:55,7
DA:58,7
DA:59,4
DA:63,7
DA:64,35
DA:68,7
DA:69,5
DA:73,7
DA:75,7
DA:107,10
DA:113,10
DA:114,1
DA:115,1
DA:119,10
DA:120,1
DA:121,1
DA:126,10
DA:152,54
DA:165,1
DA:196,10
LF:36
LH:36
BRDA:19,0,0,0
BRDA:22,1,0,11
BRDA:22,1,1,7
BRDA:38,2,0,4
BRDA:38,2,1,3
BRDA:39,3,0,2
BRDA:39,3,1,2
BRDA:58,4,0,4
BRDA:58,4,1,3
BRDA:68,5,0,5
BRDA:68,5,1,2
BRDA:101,6,0,10
BRDA:103,7,0,9
BRDA:114,8,0,1
BRDA:114,8,1,0
BRDA:120,9,0,1
BRDA:120,9,1,0
BRDA:133,10,0,10
BRDA:139,11,0,9
BRDA:139,11,1,2
BRDA:157,12,0,2
BRDA:160,13,0,10
BRDA:160,13,1,42
BRDA:163,14,0,52
BRDA:163,14,1,10
BRDA:154,15,0,2
BRDA:154,15,1,52
BRDA:174,16,0,10
BRDA:180,17,0,9
BRDA:180,17,1,1
BRF:30
BRH:27
end_of_record
TN:
SF:src/components/ui/Popover/Popover.tsx
FN:8,Popover
FN:14,PopoverTrigger
FN:20,PopoverContent
FN:44,PopoverAnchor
FNF:4
FNH:4
FNDA:86,Popover
FNDA:86,PopoverTrigger
FNDA:86,PopoverContent
FNDA:1,PopoverAnchor
DA:3,3
DA:6,3
DA:50,87
LF:3
LH:3
BRDA:22,0,0,3
BRDA:23,1,0,22
BRDA:24,2,0,86
BRF:3
BRH:3
end_of_record
TN:
SF:src/components/ui/Popover/index.ts
FNF:0
FNH:0
DA:2,84
DA:3,1
DA:4,84
DA:5,84
DA:6,3
LF:5
LH:5
BRF:0
BRH:0
end_of_record
TN:
SF:src/components/ui/RadioGroup/RadioGroup.tsx
FN:8,RadioGroup
FN:21,RadioGroupItem
FNF:2
FNH:2
FNDA:6,RadioGroup
FNDA:8,RadioGroupItem
DA:3,2
DA:6,2
DA:49,8
LF:3
LH:3
BRF:0
BRH:0
end_of_record
TN:
SF:src/components/ui/RadioGroup/index.ts
FNF:0
FNH:0
DA:1,1
LF:1
LH:1
BRF:0
BRH:0
end_of_record
TN:
SF:src/components/ui/ScrollArea/ScrollArea.tsx
FN:14,ScrollArea
FN:41,ScrollBar
FNF:2
FNH:2
FNDA:3,ScrollArea
FNDA:3,ScrollBar
DA:3,2
DA:6,2
DA:67,3
LF:3
LH:3
BRDA:43,0,0,3
BRDA:51,1,0,3
BRDA:51,1,1,3
BRDA:52,2,0,3
BRDA:52,2,1,0
BRF:5
BRH:4
end_of_record
TN:
SF:src/components/ui/ScrollArea/index.ts
FNF:0
FNH:0
DA:1,1
LF:1
LH:1
BRF:0
BRH:0
end_of_record
TN:
SF:src/components/ui/Select/Select.tsx
FN:8,Select
FN:14,SelectGroup
FN:20,SelectValue
FN:26,SelectTrigger
FN:53,SelectContent
FN:89,SelectLabel
FN:102,SelectItem
FN:121,SelectSeparator
FNF:8
FNH:5
FNDA:3,Select
FNDA:0,SelectGroup
FNDA:3,SelectValue
FNDA:3,SelectTrigger
FNDA:3,SelectContent
FNDA:0,SelectLabel
FNDA:3,SelectItem
FNDA:0,SelectSeparator
DA:3,2
DA:5,2
DA:6,2
DA:138,3
DA:139,3
DA:140,0
DA:141,3
DA:142,0
DA:143,0
DA:144,3
DA:145,3
LF:11
LH:8
BRDA:56,0,0,3
BRDA:57,1,0,3
BRDA:58,2,0,3
BRF:3
BRH:3
end_of_record
TN:
SF:src/components/ui/Select/index.ts
FNF:0
FNH:0
DA:2,0
DA:3,0
DA:4,0
DA:5,0
DA:6,0
DA:7,0
DA:8,0
DA:9,0
DA:10,1
LF:9
LH:1
BRF:0
BRH:0
end_of_record
TN:
SF:src/components/ui/Skeleton/Skeleton.tsx
FN:4,Skeleton
FNF:1
FNH:1
FNDA:2,Skeleton
DA:2,2
DA:14,2
LF:2
LH:2
BRF:0
BRH:0
end_of_record
TN:
SF:src/components/ui/Skeleton/index.ts
FNF:0
FNH:0
DA:1,1
LF:1
LH:1
BRF:0
BRH:0
end_of_record
TN:
SF:src/components/ui/Spinner/Spinner.tsx
FN:5,Spinner
FNF:1
FNH:1
FNDA:159,Spinner
DA:1,8
DA:2,8
DA:20,159
LF:3
LH:3
BRF:0
BRH:0
end_of_record
TN:
SF:src/components/ui/Spinner/index.ts
FNF:0
FNH:0
DA:1,156
LF:1
LH:1
BRF:0
BRH:0
end_of_record
TN:
SF:src/components/ui/Stepper/Stepper.tsx
FN:19,Stepper
FN:65,(anonymous_2)
FNF:2
FNH:2
FNDA:10,Stepper
FNDA:33,(anonymous_2)
DA:5,2
DA:8,2
DA:27,10
DA:30,10
DA:33,10
DA:34,10
DA:36,10
DA:37,1
DA:38,9
DA:39,1
DA:41,8
DA:66,33
DA:67,33
DA:68,33
DA:92,2
DA:94,10
LF:16
LH:16
BRDA:22,0,0,9
BRDA:27,1,0,10
BRDA:27,1,1,0
BRDA:30,2,0,10
BRDA:30,2,1,0
BRDA:36,3,0,1
BRDA:36,3,1,9
BRDA:37,4,0,1
BRDA:37,4,1,0
BRDA:38,5,0,1
BRDA:38,5,1,8
BRDA:38,6,0,9
BRDA:38,6,1,2
BRDA:48,7,0,10
BRDA:48,7,1,1
BRDA:72,8,0,18
BRDA:72,8,1,15
BRF:17
BRH:14
end_of_record
TN:
SF:src/components/ui/Stepper/index.ts
FNF:0
FNH:0
DA:2,1
LF:1
LH:1
BRF:0
BRH:0
end_of_record
TN:
SF:src/components/ui/Switch/Switch.tsx
FN:62,Switch
FNF:1
FNH:1
FNDA:15,Switch
DA:3,2
DA:4,2
DA:6,2
DA:8,2
DA:34,2
DA:77,2
DA:79,16
LF:7
LH:7
BRF:0
BRH:0
end_of_record
TN:
SF:src/components/ui/Switch/index.ts
FNF:0
FNH:0
DA:2,2
LF:1
LH:1
BRF:0
BRH:0
end_of_record
TN:
SF:src/components/ui/Textarea/Textarea.tsx
FN:12,(anonymous_4)
FN:16,(anonymous_5)
FN:58,(anonymous_6)
FN:62,(anonymous_7)
FN:74,(anonymous_8)
FN:80,(anonymous_9)
FN:93,(anonymous_10)
FN:100,(anonymous_11)
FN:108,(anonymous_12)
FN:118,(anonymous_13)
FN:147,(anonymous_14)
FNF:11
FNH:5
FNDA:7,(anonymous_4)
FNDA:0,(anonymous_5)
FNDA:7,(anonymous_6)
FNDA:0,(anonymous_7)
FNDA:7,(anonymous_8)
FNDA:0,(anonymous_9)
FNDA:0,(anonymous_10)
FNDA:1,(anonymous_11)
FNDA:0,(anonymous_12)
FNDA:0,(anonymous_13)
FNDA:14,(anonymous_14)
DA:2,2
DA:4,2
DA:11,2
DA:13,7
DA:15,7
DA:17,0
DA:18,0
DA:22,0
DA:23,0
DA:24,0
DA:25,0
DA:28,0
DA:29,0
DA:31,0
DA:32,0
DA:33,0
DA:35,0
DA:39,0
DA:40,0
DA:41,0
DA:42,0
DA:45,0
DA:51,0
DA:52,0
DA:53,0
DA:58,7
DA:59,7
DA:60,7
DA:62,1
DA:63,0
DA:64,0
DA:65,0
DA:67,0
DA:74,7
DA:75,7
DA:76,7
DA:77,6
DA:80,1
DA:81,0
DA:82,0
DA:83,0
DA:87,1
DA:93,1
DA:94,0
DA:95,0
DA:96,0
DA:100,1
DA:101,1
DA:102,1
DA:106,7
DA:107,7
DA:109,0
DA:110,0
DA:112,0
DA:117,7
DA:119,0
DA:121,0
DA:122,0
DA:123,0
DA:125,0
DA:128,0
DA:148,14
DA:149,14
DA:150,0
DA:151,14
DA:152,0
DA:162,2
DA:164,7
LF:68
LH:27
BRDA:12,0,0,6
BRDA:17,1,0,0
BRDA:17,1,1,0
BRDA:17,2,0,0
BRDA:17,2,1,0
BRDA:22,3,0,0
BRDA:22,3,1,0
BRDA:35,4,0,0
BRDA:35,4,1,0
BRDA:53,5,0,0
BRDA:53,5,1,0
BRDA:60,6,0,1
BRDA:60,6,1,6
BRDA:60,7,0,7
BRDA:60,7,1,1
BRDA:63,8,0,0
BRDA:63,8,1,0
BRDA:76,9,0,6
BRDA:76,9,1,1
BRDA:76,10,0,7
BRDA:76,10,1,1
BRDA:81,11,0,0
BRDA:81,11,1,0
BRDA:94,12,0,0
BRDA:94,12,1,0
BRDA:94,13,0,0
BRDA:94,13,1,0
BRDA:109,14,0,0
BRDA:109,14,1,0
BRDA:119,15,0,0
BRDA:119,15,1,0
BRDA:121,16,0,0
BRDA:121,16,1,0
BRDA:140,17,0,7
BRDA:140,17,1,7
BRDA:141,18,0,1
BRDA:141,18,1,6
BRDA:149,19,0,0
BRDA:149,19,1,14
BRDA:151,20,0,0
BRDA:151,20,1,14
BRDA:155,21,0,1
BRDA:155,21,1,6
BRF:43
BRH:17
end_of_record
TN:
SF:src/components/ui/Textarea/index.ts
FNF:0
FNH:0
DA:1,1
LF:1
LH:1
BRF:0
BRH:0
end_of_record
TN:
SF:src/components/ui/Toaster/Toaster.tsx
FNF:0
FNH:0
DA:3,2
DA:10,2
DA:56,3
LF:3
LH:3
BRDA:13,0,0,2
BRDA:14,1,0,2
BRF:2
BRH:2
end_of_record
TN:
SF:src/components/ui/Toaster/index.ts
FNF:0
FNH:0
DA:1,1
LF:1
LH:1
BRF:0
BRH:0
end_of_record
TN:
SF:src/components/ui/ToggleButtonGroup/ToggleButtonGroup.tsx
FN:24,ToggleButtonGroup
FN:33,(anonymous_2)
FN:40,(anonymous_3)
FNF:3
FNH:3
FNDA:8,ToggleButtonGroup
FNDA:23,(anonymous_2)
FNDA:3,(anonymous_3)
DA:4,2
DA:5,2
DA:24,9
DA:34,23
DA:35,23
DA:40,3
LF:6
LH:6
BRDA:29,0,0,8
BRDA:44,1,0,7
BRDA:44,1,1,16
BRF:3
BRH:3
end_of_record
TN:
SF:src/components/ui/ToggleButtonGroup/index.ts
FNF:0
FNH:0
DA:1,2
LF:1
LH:1
BRF:0
BRH:0
end_of_record
TN:
SF:src/components/ui/Tooltip/Tooltip.tsx
FN:8,TooltipProvider
FN:36,Tooltip
FN:49,TooltipTrigger
FN:55,TooltipContent
FNF:4
FNH:4
FNDA:825,TooltipProvider
FNDA:3,Tooltip
FNDA:3,TooltipTrigger
FNDA:3,TooltipContent
DA:3,37
DA:6,37
DA:84,827
LF:3
LH:3
BRDA:9,0,0,824
BRDA:37,1,0,3
BRDA:57,2,0,2
BRDA:58,3,0,2
BRDA:76,4,0,3
BRF:5
BRH:5
end_of_record
TN:
SF:src/components/ui/Tooltip/index.ts
FNF:0
FNH:0
DA:2,2
DA:3,2
DA:4,824
DA:5,2
DA:6,37
LF:5
LH:5
BRF:0
BRH:0
end_of_record
TN:
SF:src/components/ui/Waveform/WaveformPlayer.tsx
FN:17,WaveformPlayer
FNF:1
FNH:0
FNDA:0,WaveformPlayer
DA:3,1
DA:4,1
DA:5,1
DA:6,1
DA:17,0
DA:35,0
LF:6
LH:4
BRDA:21,0,0,0
BRDA:22,1,0,0
BRDA:46,2,0,0
BRDA:48,3,0,0
BRDA:48,3,1,0
BRDA:55,4,0,0
BRDA:73,5,0,0
BRDA:76,6,0,0
BRDA:76,6,1,0
BRDA:76,7,0,0
BRDA:76,7,1,0
BRF:11
BRH:0
end_of_record
TN:
SF:src/components/ui/Waveform/WaveformRecorder.tsx
FN:11,WaveformRecorder
FN:30,(anonymous_2)
FN:35,(anonymous_3)
FN:43,(anonymous_4)
FN:48,(anonymous_5)
FNF:5
FNH:0
FNDA:0,WaveformRecorder
FNDA:0,(anonymous_2)
FNDA:0,(anonymous_3)
FNDA:0,(anonymous_4)
FNDA:0,(anonymous_5)
DA:3,1
DA:4,1
DA:5,1
DA:6,1
DA:7,1
DA:8,1
DA:9,1
DA:11,0
DA:26,0
DA:31,0
DA:35,0
DA:36,0
DA:37,0
DA:38,0
DA:39,0
DA:43,0
DA:44,0
DA:45,0
DA:48,0
DA:49,0
DA:52,0
DA:53,0
LF:22
LH:7
BRDA:14,0,0,0
BRDA:15,1,0,0
BRDA:36,2,0,0
BRDA:36,2,1,0
BRDA:38,3,0,0
BRDA:38,3,1,0
BRDA:69,4,0,0
BRDA:69,4,1,0
BRDA:85,5,0,0
BRDA:85,5,1,0
BRDA:94,6,0,0
BRDA:97,7,0,0
BRDA:97,7,1,0
BRDA:106,8,0,0
BRDA:106,8,1,0
BRDA:117,9,0,0
BRDA:117,9,1,0
BRDA:117,9,2,0
BRDA:124,10,0,0
BRF:19
BRH:0
end_of_record
TN:
SF:src/components/ui/Waveform/index.ts
FNF:0
FNH:0
DA:1,1
DA:9,0
DA:10,0
DA:11,0
DA:12,1
DA:13,1
DA:14,1
LF:7
LH:4
BRF:0
BRH:0
end_of_record
TN:
SF:src/components/ui/Waveform/types.ts
FN:6,formatDuration
FNF:1
FNH:1
FNDA:21,formatDuration
DA:6,21
DA:8,21
DA:9,3
DA:11,18
DA:12,18
DA:13,18
DA:59,2
DA:73,2
LF:8
LH:8
BRDA:8,0,0,3
BRDA:8,0,1,18
BRDA:8,1,0,21
BRDA:8,1,1,19
BRF:4
BRH:4
end_of_record
TN:
SF:src/components/ui/Waveform/hooks/index.ts
FNF:0
FNH:0
DA:1,1
DA:2,1
DA:3,1
LF:3
LH:3
BRF:0
BRH:0
end_of_record
TN:
SF:src/components/ui/Waveform/hooks/useWaveform.ts
FN:20,useWaveform
FN:36,(anonymous_5)
FN:41,(anonymous_6)
FN:52,(anonymous_7)
FN:55,(anonymous_8)
FN:61,(anonymous_9)
FN:101,(anonymous_10)
FNF:7
FNH:0
FNDA:0,useWaveform
FNDA:0,(anonymous_5)
FNDA:0,(anonymous_6)
FNDA:0,(anonymous_7)
FNDA:0,(anonymous_8)
FNDA:0,(anonymous_9)
FNDA:0,(anonymous_10)
DA:3,1
DA:5,1
DA:20,0
DA:25,0
DA:26,0
DA:27,0
DA:30,0
DA:31,0
DA:32,0
DA:33,0
DA:35,0
DA:36,0
DA:41,0
DA:42,0
DA:43,0
DA:44,0
DA:48,0
DA:52,0
DA:53,0
DA:55,0
DA:56,0
DA:57,0
DA:60,0
DA:61,0
DA:63,0
DA:64,0
DA:67,0
DA:86,0
DA:88,0
DA:89,0
DA:90,0
DA:93,0
DA:94,0
DA:99,0
DA:101,0
DA:102,0
DA:103,0
DA:104,0
DA:105,0
DA:109,0
DA:114,0
LF:41
LH:2
BRDA:20,0,0,0
BRDA:21,1,0,0
BRDA:42,2,0,0
BRDA:42,2,1,0
BRDA:56,3,0,0
BRDA:56,3,1,0
BRDA:63,4,0,0
BRDA:63,4,1,0
BRDA:63,5,0,0
BRDA:63,5,1,0
BRDA:88,6,0,0
BRDA:88,6,1,0
BRDA:93,7,0,0
BRDA:93,7,1,0
BRDA:103,8,0,0
BRDA:103,8,1,0
BRF:16
BRH:0
end_of_record
TN:
SF:src/components/ui/Waveform/hooks/useWaveformPlayer.ts
FN:57,useWaveformPlayer
FN:85,(anonymous_5)
FN:86,(anonymous_6)
FN:97,(anonymous_7)
FN:106,(anonymous_8)
FN:118,(anonymous_9)
FN:125,(anonymous_10)
FN:132,(anonymous_11)
FN:139,(anonymous_12)
FN:150,(anonymous_13)
FN:157,(anonymous_14)
FN:160,(anonymous_15)
FN:166,(anonymous_16)
FN:228,(anonymous_17)
FN:235,(anonymous_18)
FN:242,(anonymous_19)
FN:250,(anonymous_20)
FN:261,(anonymous_21)
FN:271,(anonymous_22)
FN:279,(anonymous_23)
FN:286,(anonymous_24)
FN:302,(anonymous_25)
FNF:22
FNH:0
FNDA:0,useWaveformPlayer
FNDA:0,(anonymous_5)
FNDA:0,(anonymous_6)
FNDA:0,(anonymous_7)
FNDA:0,(anonymous_8)
FNDA:0,(anonymous_9)
FNDA:0,(anonymous_10)
FNDA:0,(anonymous_11)
FNDA:0,(anonymous_12)
FNDA:0,(anonymous_13)
FNDA:0,(anonymous_14)
FNDA:0,(anonymous_15)
FNDA:0,(anonymous_16)
FNDA:0,(anonymous_17)
FNDA:0,(anonymous_18)
FNDA:0,(anonymous_19)
FNDA:0,(anonymous_20)
FNDA:0,(anonymous_21)
FNDA:0,(anonymous_22)
FNDA:0,(anonymous_23)
FNDA:0,(anonymous_24)
FNDA:0,(anonymous_25)
DA:3,1
DA:5,1
DA:12,1
DA:15,1
DA:57,0
DA:66,0
DA:67,0
DA:68,0
DA:69,0
DA:72,0
DA:73,0
DA:76,0
DA:79,0
DA:80,0
DA:81,0
DA:82,0
DA:85,0
DA:86,0
DA:87,0
DA:88,0
DA:92,0
DA:97,0
DA:98,0
DA:106,0
DA:107,0
DA:108,0
DA:109,0
DA:113,0
DA:118,0
DA:120,0
DA:124,0
DA:125,0
DA:126,0
DA:132,0
DA:133,0
DA:134,0
DA:139,0
DA:140,0
DA:141,0
DA:142,0
DA:144,0
DA:150,0
DA:151,0
DA:152,0
DA:157,0
DA:158,0
DA:160,0
DA:161,0
DA:162,0
DA:165,0
DA:166,0
DA:168,0
DA:169,0
DA:173,0
DA:174,0
DA:175,0
DA:178,0
DA:179,0
DA:181,0
DA:186,0
DA:187,0
DA:191,0
DA:192,0
DA:196,0
DA:197,0
DA:199,0
DA:200,0
DA:204,0
DA:205,0
DA:208,0
DA:209,0
DA:228,0
DA:229,0
DA:230,0
DA:231,0
DA:235,0
DA:236,0
DA:237,0
DA:238,0
DA:242,0
DA:243,0
DA:244,0
DA:245,0
DA:246,0
DA:250,0
DA:251,0
DA:252,0
DA:254,0
DA:255,0
DA:256,0
DA:261,0
DA:262,0
DA:263,0
DA:264,0
DA:265,0
DA:271,0
DA:272,0
DA:273,0
DA:279,0
DA:280,0
DA:281,0
DA:282,0
DA:286,0
DA:287,0
DA:288,0
DA:292,0
DA:294,0
DA:295,0
DA:300,0
DA:302,0
DA:303,0
DA:304,0
DA:305,0
DA:306,0
DA:310,0
DA:312,0
DA:313,0
DA:314,0
DA:315,0
DA:320,0
LF:120
LH:4
BRDA:59,0,0,0
BRDA:87,1,0,0
BRDA:87,1,1,0
BRDA:87,2,0,0
BRDA:87,2,1,0
BRDA:107,3,0,0
BRDA:107,3,1,0
BRDA:124,4,0,0
BRDA:124,4,1,0
BRDA:133,5,0,0
BRDA:133,5,1,0
BRDA:140,6,0,0
BRDA:140,6,1,0
BRDA:141,7,0,0
BRDA:141,7,1,0
BRDA:151,8,0,0
BRDA:151,8,1,0
BRDA:161,9,0,0
BRDA:161,9,1,0
BRDA:161,10,0,0
BRDA:161,10,1,0
BRDA:168,11,0,0
BRDA:168,11,1,0
BRDA:168,12,0,0
BRDA:168,12,1,0
BRDA:178,13,0,0
BRDA:178,13,1,0
BRDA:186,14,0,0
BRDA:186,14,1,0
BRDA:191,15,0,0
BRDA:191,15,1,0
BRDA:191,16,0,0
BRDA:191,16,1,0
BRDA:197,17,0,0
BRDA:197,17,1,0
BRDA:199,18,0,0
BRDA:199,18,1,0
BRDA:229,19,0,0
BRDA:229,19,1,0
BRDA:236,20,0,0
BRDA:236,20,1,0
BRDA:243,21,0,0
BRDA:243,21,1,0
BRDA:251,22,0,0
BRDA:251,22,1,0
BRDA:255,23,0,0
BRDA:255,23,1,0
BRDA:255,24,0,0
BRDA:255,24,1,0
BRDA:262,25,0,0
BRDA:262,25,1,0
BRDA:264,26,0,0
BRDA:264,26,1,0
BRDA:272,27,0,0
BRDA:272,27,1,0
BRDA:272,28,0,0
BRDA:272,28,1,0
BRDA:280,29,0,0
BRDA:280,29,1,0
BRDA:287,30,0,0
BRDA:287,30,1,0
BRDA:294,31,0,0
BRDA:294,31,1,0
BRDA:304,32,0,0
BRDA:304,32,1,0
BRDA:312,33,0,0
BRDA:312,33,1,0
BRF:67
BRH:0
end_of_record
TN:
SF:src/components/ui/Waveform/hooks/useWaveformRecorder.ts
FN:28,useWaveformRecorder
FN:50,(anonymous_5)
FN:55,(anonymous_6)
FN:59,(anonymous_7)
FN:60,(anonymous_8)
FN:64,(anonymous_9)
FN:71,(anonymous_10)
FN:98,(anonymous_11)
FN:112,(anonymous_12)
FN:122,(anonymous_13)
FN:132,(anonymous_14)
FN:142,(anonymous_15)
FN:146,(anonymous_16)
FN:152,(anonymous_17)
FN:154,(anonymous_18)
FN:188,(anonymous_19)
FN:212,(anonymous_20)
FNF:17
FNH:0
FNDA:0,useWaveformRecorder
FNDA:0,(anonymous_5)
FNDA:0,(anonymous_6)
FNDA:0,(anonymous_7)
FNDA:0,(anonymous_8)
FNDA:0,(anonymous_9)
FNDA:0,(anonymous_10)
FNDA:0,(anonymous_11)
FNDA:0,(anonymous_12)
FNDA:0,(anonymous_13)
FNDA:0,(anonymous_14)
FNDA:0,(anonymous_15)
FNDA:0,(anonymous_16)
FNDA:0,(anonymous_17)
FNDA:0,(anonymous_18)
FNDA:0,(anonymous_19)
FNDA:0,(anonymous_20)
DA:3,1
DA:5,1
DA:6,1
DA:28,0
DA:34,0
DA:35,0
DA:36,0
DA:37,0
DA:38,0
DA:41,0
DA:42,0
DA:43,0
DA:44,0
DA:46,0
DA:47,0
DA:49,0
DA:50,0
DA:55,0
DA:56,0
DA:57,0
DA:59,0
DA:60,0
DA:64,0
DA:65,0
DA:66,0
DA:67,0
DA:71,0
DA:72,0
DA:73,0
DA:75,0
DA:77,0
DA:79,0
DA:80,0
DA:81,0
DA:85,0
DA:88,0
DA:89,0
DA:90,0
DA:94,0
DA:98,0
DA:99,0
DA:100,0
DA:103,0
DA:104,0
DA:105,0
DA:106,0
DA:108,0
DA:112,0
DA:113,0
DA:114,0
DA:117,0
DA:118,0
DA:119,0
DA:122,0
DA:123,0
DA:124,0
DA:127,0
DA:128,0
DA:129,0
DA:132,0
DA:133,0
DA:134,0
DA:137,0
DA:138,0
DA:139,0
DA:142,0
DA:143,0
DA:144,0
DA:146,0
DA:147,0
DA:148,0
DA:151,0
DA:152,0
DA:153,0
DA:154,0
DA:157,0
DA:158,0
DA:161,0
DA:180,0
DA:188,0
DA:189,0
DA:190,0
DA:194,0
DA:195,0
DA:197,0
DA:198,0
DA:199,0
DA:200,0
DA:201,0
DA:204,0
DA:205,0
DA:210,0
DA:212,0
DA:213,0
DA:214,0
DA:216,0
DA:217,0
DA:218,0
DA:222,0
DA:225,0
DA:226,0
DA:227,0
DA:231,0
DA:236,0
LF:104
LH:3
BRDA:28,0,0,0
BRDA:29,1,0,0
BRDA:30,2,0,0
BRDA:56,3,0,0
BRDA:56,3,1,0
BRDA:65,4,0,0
BRDA:65,4,1,0
BRDA:72,5,0,0
BRDA:72,5,1,0
BRDA:79,6,0,0
BRDA:79,6,1,0
BRDA:88,7,0,0
BRDA:88,7,1,0
BRDA:99,8,0,0
BRDA:99,8,1,0
BRDA:113,9,0,0
BRDA:113,9,1,0
BRDA:113,10,0,0
BRDA:113,10,1,0
BRDA:123,11,0,0
BRDA:123,11,1,0
BRDA:123,12,0,0
BRDA:123,12,1,0
BRDA:133,13,0,0
BRDA:133,13,1,0
BRDA:147,14,0,0
BRDA:147,14,1,0
BRDA:157,15,0,0
BRDA:157,15,1,0
BRDA:157,16,0,0
BRDA:157,16,1,0
BRDA:189,17,0,0
BRDA:189,17,1,0
BRDA:197,18,0,0
BRDA:197,18,1,0
BRDA:197,19,0,0
BRDA:197,19,1,0
BRDA:204,20,0,0
BRDA:204,20,1,0
BRDA:216,21,0,0
BRDA:216,21,1,0
BRDA:225,22,0,0
BRDA:225,22,1,0
BRF:43
BRH:0
end_of_record
TN:
SF:src/components/ui/Waveform/utils/audio.ts
FN:18,(anonymous_6)
FN:24,(anonymous_7)
FN:32,(anonymous_8)
FN:37,(anonymous_9)
FN:42,(anonymous_10)
FN:56,(anonymous_11)
FN:69,(anonymous_12)
FN:89,(anonymous_13)
FN:99,(anonymous_14)
FN:113,(anonymous_15)
FNF:10
FNH:0
FNDA:0,(anonymous_6)
FNDA:0,(anonymous_7)
FNDA:0,(anonymous_8)
FNDA:0,(anonymous_9)
FNDA:0,(anonymous_10)
FNDA:0,(anonymous_11)
FNDA:0,(anonymous_12)
FNDA:0,(anonymous_13)
FNDA:0,(anonymous_14)
FNDA:0,(anonymous_15)
DA:18,1
DA:24,0
DA:25,0
DA:26,0
DA:28,0
DA:30,0
DA:32,0
DA:33,0
DA:34,0
DA:37,0
DA:38,0
DA:39,0
DA:42,0
DA:43,0
DA:44,0
DA:47,0
DA:48,0
DA:49,0
DA:52,0
DA:53,0
DA:56,0
DA:57,0
DA:58,0
DA:69,1
DA:74,0
DA:76,0
DA:77,0
DA:79,0
DA:81,0
DA:89,1
DA:90,0
DA:91,0
DA:99,1
DA:100,0
DA:101,0
DA:102,0
DA:103,0
DA:105,0
DA:113,1
DA:114,0
DA:115,0
DA:116,0
DA:117,0
DA:118,0
DA:120,0
LF:45
LH:5
BRDA:22,0,0,0
BRDA:25,1,0,0
BRDA:25,1,1,0
BRDA:47,2,0,0
BRDA:47,2,1,0
BRDA:76,3,0,0
BRDA:76,3,1,0
BRDA:91,4,0,0
BRDA:91,4,1,0
BRDA:91,5,0,0
BRDA:91,5,1,0
BRDA:115,6,0,0
BRDA:115,6,1,0
BRDA:117,7,0,0
BRDA:117,7,1,0
BRF:15
BRH:0
end_of_record
TN:
SF:src/components/ui/Waveform/utils/browser.ts
FN:8,(anonymous_8)
FN:18,(anonymous_9)
FN:28,(anonymous_10)
FN:41,(anonymous_11)
FN:55,(anonymous_12)
FN:98,(anonymous_13)
FN:128,(anonymous_14)
FNF:7
FNH:0
FNDA:0,(anonymous_8)
FNDA:0,(anonymous_9)
FNDA:0,(anonymous_10)
FNDA:0,(anonymous_11)
FNDA:0,(anonymous_12)
FNDA:0,(anonymous_13)
FNDA:0,(anonymous_14)
DA:8,1
DA:9,0
DA:10,0
DA:12,0
DA:18,1
DA:19,0
DA:20,0
DA:22,0
DA:28,1
DA:29,0
DA:30,0
DA:32,0
DA:41,1
DA:42,0
DA:43,0
DA:45,0
DA:55,1
DA:56,0
DA:57,0
DA:61,0
DA:62,0
DA:68,0
DA:69,0
DA:70,0
DA:73,0
DA:77,0
DA:83,0
DA:84,0
DA:85,0
DA:89,0
DA:98,1
DA:99,0
DA:100,0
DA:104,0
DA:109,0
DA:113,0
DA:114,0
DA:116,0
DA:117,0
DA:120,0
DA:128,1
DA:129,0
DA:130,0
DA:132,0
DA:133,0
DA:135,0
LF:46
LH:7
BRDA:9,0,0,0
BRDA:9,0,1,0
BRDA:19,1,0,0
BRDA:19,1,1,0
BRDA:29,2,0,0
BRDA:29,2,1,0
BRDA:33,3,0,0
BRDA:33,3,1,0
BRDA:42,4,0,0
BRDA:42,4,1,0
BRDA:46,5,0,0
BRDA:46,5,1,0
BRDA:56,6,0,0
BRDA:56,6,1,0
BRDA:61,7,0,0
BRDA:61,7,1,0
BRDA:69,8,0,0
BRDA:69,8,1,0
BRDA:84,9,0,0
BRDA:84,9,1,0
BRDA:99,10,0,0
BRDA:99,10,1,0
BRDA:100,11,0,0
BRDA:100,11,1,0
BRDA:104,12,0,0
BRDA:104,12,1,0
BRDA:105,13,0,0
BRDA:105,13,1,0
BRDA:105,13,2,0
BRDA:109,14,0,0
BRDA:109,14,1,0
BRDA:113,15,0,0
BRDA:113,15,1,0
BRDA:113,16,0,0
BRDA:113,16,1,0
BRDA:116,17,0,0
BRDA:116,17,1,0
BRDA:116,18,0,0
BRDA:116,18,1,0
BRDA:129,19,0,0
BRDA:129,19,1,0
BRDA:132,20,0,0
BRDA:132,20,1,0
BRF:43
BRH:0
end_of_record
TN:
SF:src/components/ui/Waveform/utils/index.ts
FNF:0
FNH:0
DA:1,1
DA:2,1
LF:2
LH:2
BRF:0
BRH:0
end_of_record
TN:
SF:src/components/ui/shadcn-io/status/index.tsx
FN:9,(anonymous_0)
FN:19,(anonymous_1)
FN:47,(anonymous_2)
FNF:3
FNH:0
FNDA:0,(anonymous_0)
FNDA:0,(anonymous_1)
FNDA:0,(anonymous_2)
DA:9,0
DA:10,0
DA:19,0
DA:23,0
DA:47,0
DA:52,0
LF:6
LH:0
BRDA:53,0,0,0
BRF:1
BRH:0
end_of_record
TN:
SF:src/lib/utils.ts
FN:4,cn
FN:8,formatFileSize
FNF:2
FNH:1
FNDA:7151,cn
FNDA:0,formatFileSize
DA:1,39
DA:2,39
DA:4,7151
DA:5,7151
DA:8,0
DA:9,0
DA:10,0
DA:12,0
DA:13,0
DA:15,0
LF:10
LH:4
BRDA:9,0,0,0
BRDA:9,0,1,0
BRDA:12,1,0,0
BRDA:12,1,1,0
BRF:4
BRH:0
end_of_record
